BLOCK00/SES002/SA002S12	SES002	1.12862	14.1624	13.0338
BLOCK00/SES002/SA002S13	SES002	1.68117	13.81	12.1289
BLOCK00/SES002/SA002S23	SES002	1.04579	13.939	12.8932
BLOCK00/SES002/SA002S26	SES002	1.10087	14.8369	13.736
BLOCK00/SES002/SA002S28	SES002	0.718102	12.7021	11.984
BLOCK00/SES007/SA007S14	SES007	1.50276	16.3469	14.8442
BLOCK00/SES007/SA007S15	SES007	0.490128	13.8838	13.3937
BLOCK00/SES007/SA007S24	SES007	0.871357	13.982	13.1107
BLOCK00/SES007/SA007S27	SES007	0.817162	13.334	12.5169
BLOCK00/SES007/SA007S29	SES007	0.422786	14.146	13.7232
BLOCK00/SES008/SA008S11	SES008	1.26531	14.3621	13.0968
BLOCK00/SES008/SA008S12	SES008	0.0389099	12.9006	12.8617
BLOCK00/SES008/SA008S19	SES008	1.49898	15.5379	14.0389
BLOCK00/SES008/SA008S22	SES008	0.326345	12.5894	12.2631
BLOCK00/SES008/SA008S29	SES008	1.76807	15.5115	13.7434
BLOCK01/SES014/SA014S10	SES014	2.36026	15.2927	12.9325
BLOCK01/SES014/SA014S12	SES014	3.32977	17.8934	14.5636
BLOCK01/SES014/SA014S24	SES014	1.63129	15.437	13.8057
BLOCK01/SES014/SA014S26	SES014	2.33745	17.8562	15.5188
BLOCK01/SES014/SA014S28	SES014	4.03742	18.5634	14.526
BLOCK01/SES016/SA016S12	SES016	1.42797	12.833	11.405
BLOCK01/SES016/SA016S13	SES016	1.4462	14.8734	13.4272
BLOCK01/SES016/SA016S22	SES016	1.2877	14.592	13.3043
BLOCK01/SES016/SA016S25	SES016	1.91498	16.7197	14.8047
BLOCK01/SES016/SA016S27	SES016	1.34075	16.3313	14.9906
BLOCK01/SES019/SA019S13	SES019	3.05172	13.3807	10.329
BLOCK01/SES019/SA019S14	SES019	2.18193	13.2875	11.1056
BLOCK01/SES019/SA019S22	SES019	2.90241	13.8185	10.9161
BLOCK01/SES019/SA019S25	SES019	2.86178	13.9886	11.1268
BLOCK01/SES019/SA019S29	SES019	3.48811	14.1653	10.6772
BLOCK02/SES029/SA029S11	SES029	1.39457	14.7973	13.4027
BLOCK02/SES029/SA029S12	SES029	0.514403	14.7732	14.2588
BLOCK02/SES029/SA029S20	SES029	1.16516	14.548	13.3828
BLOCK02/SES029/SA029S25	SES029	0.786212	15.033	14.2468
BLOCK02/SES029/SA029S28	SES029	0.181016	14.1836	14.0026
BLOCK04/SES042/SA042S12	SES042	2.09384	15.4635	13.3697
BLOCK04/SES042/SA042S15	SES042	2.66623	15.9279	13.2617
BLOCK04/SES042/SA042S22	SES042	3.07038	17.8713	14.8009
BLOCK04/SES042/SA042S25	SES042	1.95002	14.0445	12.0944
BLOCK04/SES042/SA042S27	SES042	1.91411	16.1541	14.24
BLOCK04/SES048/SA048S11	SES048	1.4371	15.1016	13.6645
BLOCK04/SES048/SA048S12	SES048	0.406293	14.5821	14.1758
BLOCK04/SES048/SA048S20	SES048	0.246452	14.6043	14.3578
BLOCK04/SES048/SA048S23	SES048	1.20688	13.9107	12.7038
BLOCK04/SES048/SA048S27	SES048	0.731587	15.9102	15.1787
BLOCK06/SES060/SA060S11	SES060	1.31206	15.4484	14.1364
BLOCK06/SES060/SA060S12	SES060	0.270459	14.2275	13.957
BLOCK06/SES060/SA060S22	SES060	-0.554901	11.6978	12.2527
BLOCK06/SES060/SA060S24	SES060	0.886639	15.2319	14.3453
BLOCK06/SES060/SA060S28	SES060	1.19709	17.199	16.0019
BLOCK06/SES062/SA062S10	SES062	0.40907	14.6501	14.2411
BLOCK06/SES062/SA062S11	SES062	1.10961	14.5042	13.3946
BLOCK06/SES062/SA062S21	SES062	1.78486	17.6064	15.8215
BLOCK06/SES062/SA062S26	SES062	0.683906	15.9009	15.217
BLOCK06/SES062/SA062S29	SES062	1.26742	16.9664	15.699
BLOCK06/SES068/SA068S14	SES068	-0.0484095	14.1617	14.2101
BLOCK06/SES068/SA068S15	SES068	0.940048	15.9621	15.022
BLOCK06/SES068/SA068S23	SES068	0.553159	13.5149	12.9617
BLOCK06/SES068/SA068S27	SES068	1.7821	17.1913	15.4092
BLOCK06/SES068/SA068S29	SES068	0.245031	14.4322	14.1871
BLOCK08/SES082/SA082S12	SES082	-0.378922	12.1774	12.5563
BLOCK08/SES082/SA082S14	SES082	0.650926	12.6966	12.0457
BLOCK08/SES082/SA082S21	SES082	-0.213222	12.3484	12.5616
BLOCK08/SES082/SA082S24	SES082	0.647405	14.5346	13.8872
BLOCK08/SES082/SA082S28	SES082	0.785103	13.2189	12.4338
BLOCK08/SES083/SA083S14	SES083	0.0849228	13.6536	13.5687
BLOCK08/SES083/SA083S15	SES083	0.484599	14.6743	14.1897
BLOCK08/SES083/SA083S24	SES083	0.265369	14.1322	13.8668
BLOCK08/SES083/SA083S26	SES083	0.70391	13.8954	13.1915
BLOCK08/SES083/SA083S29	SES083	-0.179506	14.3416	14.5211
BLOCK08/SES085/SA085S10	SES085	0.700077	14.6348	13.9347
BLOCK08/SES085/SA085S13	SES085	-0.593378	12.9662	13.5596
BLOCK08/SES085/SA085S22	SES085	-0.361354	14.8556	15.217
BLOCK08/SES085/SA085S26	SES085	0.0433874	14.7635	14.7202
BLOCK08/SES085/SA085S28	SES085	1.29692	15.1835	13.8866
BLOCK08/SES087/SA087S15	SES087	1.95117	14.2485	12.2973
BLOCK08/SES087/SA087S16	SES087	1.97238	14.3797	12.4073
BLOCK08/SES087/SA087S24	SES087	1.45261	14.4083	12.9557
BLOCK08/SES087/SA087S26	SES087	1.26022	15.1279	13.8677
BLOCK08/SES087/SA087S29	SES087	2.01879	14.4124	12.3936
BLOCK09/SES099/SA099S15	SES099	1.52604	13.5715	12.0454
BLOCK09/SES099/SA099S16	SES099	1.64674	13.9108	12.264
BLOCK09/SES099/SA099S24	SES099	1.70535	14.1638	12.4585
BLOCK09/SES099/SA099S26	SES099	1.89678	14.3843	12.4875
BLOCK09/SES099/SA099S29	SES099	1.87786	14.6803	12.8024
BLOCK10/SES101/SA101S11	SES101	0.268991	13.7313	13.4623
BLOCK10/SES101/SA101S13	SES101	1.61205	16.0546	14.4425
BLOCK10/SES101/SA101S22	SES101	0.950118	13.9689	13.0188
BLOCK10/SES101/SA101S24	SES101	1.00268	14.0958	13.0932
BLOCK10/SES101/SA101S28	SES101	0.226274	13.2278	13.0015
BLOCK10/SES104/SA104S11	SES104	1.81241	16.5583	14.7459
BLOCK10/SES104/SA104S12	SES104	1.94863	15.0444	13.0958
BLOCK10/SES104/SA104S21	SES104	1.23477	14.3281	13.0933
BLOCK10/SES104/SA104S24	SES104	0.966851	13.8362	12.8694
BLOCK10/SES104/SA104S28	SES104	1.14837	14.7139	13.5655
BLOCK10/SES105/SA105S12	SES105	0.758428	12.7468	11.9884
BLOCK10/SES105/SA105S13	SES105	0.987543	13.1193	12.1317
BLOCK10/SES105/SA105S22	SES105	0.482652	11.6851	11.2024
BLOCK10/SES105/SA105S26	SES105	1.51259	13.3981	11.8855
BLOCK10/SES105/SA105S29	SES105	1.21611	14.2032	12.9871
BLOCK10/SES106/SA106S09	SES106	1.36008	12.2586	10.8986
BLOCK10/SES106/SA106S11	SES106	1.72668	14.4916	12.765
BLOCK10/SES106/SA106S22	SES106	3.26656	14.8723	11.6058
BLOCK10/SES106/SA106S27	SES106	1.61438	13.6875	12.0731
BLOCK10/SES106/SA106S29	SES106	1.14187	13.0514	11.9095
BLOCK11/SES117/SA117S12	SES117	0.768956	13.4869	12.718
BLOCK11/SES117/SA117S13	SES117	0.112986	14.0254	13.9124
BLOCK11/SES117/SA117S23	SES117	1.51172	12.8666	11.3549
BLOCK11/SES117/SA117S25	SES117	0.733082	12.4628	11.7297
BLOCK11/SES117/SA117S28	SES117	0.748878	12.3853	11.6365
BLOCK12/SES120/SA120S08	SES120	0.935662	12.1197	11.184
BLOCK12/SES120/SA120S11	SES120	1.04377	10.0721	9.02832
BLOCK12/SES120/SA120S22	SES120	0.300964	13.6257	13.3248
BLOCK12/SES120/SA120S24	SES120	0.740055	12.1755	11.4355
BLOCK12/SES120/SA120S28	SES120	-0.268597	9.97367	10.2423
BLOCK12/SES125/SA125S13	SES125	1.87285	14.3363	12.4635
BLOCK12/SES125/SA125S14	SES125	0.792622	13.1488	12.3562
BLOCK12/SES125/SA125S25	SES125	2.1083	15.1167	13.0084
BLOCK12/SES125/SA125S27	SES125	1.97049	15.9984	14.0279
BLOCK12/SES125/SA125S29	SES125	1.50802	14.1648	12.6568
BLOCK12/SES127/SA127S11	SES127	1.04478	13.9503	12.9055
BLOCK12/SES127/SA127S12	SES127	-0.0689974	14.1871	14.2561
BLOCK12/SES127/SA127S23	SES127	0.347509	13.968	13.6205
BLOCK12/SES127/SA127S25	SES127	-0.186396	13.1237	13.3101
BLOCK12/SES127/SA127S27	SES127	0.924368	14.625	13.7006
BLOCK12/SES129/SA129S11	SES129	1.66926	15.5995	13.9302
BLOCK12/SES129/SA129S12	SES129	1.36893	15.5529	14.184
BLOCK12/SES129/SA129S22	SES129	0.863161	13.8911	13.0279
BLOCK12/SES129/SA129S27	SES129	1.67306	15.2051	13.532
BLOCK12/SES129/SA129S29	SES129	1.07108	15.203	14.1319
BLOCK14/SES142/SA142S11	SES142	1.57492	13.9901	12.4152
BLOCK14/SES142/SA142S12	SES142	0.774244	12.8091	12.0349
BLOCK14/SES142/SA142S24	SES142	1.1458	14.0246	12.8788
BLOCK14/SES142/SA142S27	SES142	1.53804	14.6782	13.1402
BLOCK14/SES142/SA142S29	SES142	1.90902	14.2039	12.2948
BLOCK14/SES143/SA143S12	SES143	0.980834	13.5969	12.6161
BLOCK14/SES143/SA143S13	SES143	0.799227	13.2401	12.4409
BLOCK14/SES143/SA143S23	SES143	1.0982	13.1754	12.0772
BLOCK14/SES143/SA143S25	SES143	1.09706	13.7076	12.6105
BLOCK14/SES143/SA143S28	SES143	0.789277	13.0893	12.3
BLOCK14/SES144/SA144S09	SES144	0.804239	14.0611	13.2569
BLOCK14/SES144/SA144S11	SES144	1.22189	13.4067	12.1848
BLOCK14/SES144/SA144S21	SES144	-0.349055	12.3953	12.7444
BLOCK14/SES144/SA144S25	SES144	0.327398	12.7035	12.3761
BLOCK14/SES144/SA144S29	SES144	-0.246531	13.4353	13.6818
BLOCK14/SES146/SA146S14	SES146	0.486423	12.3421	11.8557
BLOCK14/SES146/SA146S15	SES146	0.189761	12.471	12.2812
BLOCK14/SES146/SA146S24	SES146	0.674235	13.3792	12.7049
BLOCK14/SES146/SA146S26	SES146	0.996305	13.6425	12.6462
BLOCK14/SES146/SA146S29	SES146	0.601562	12.3007	11.6992
BLOCK14/SES147/SA147S11	SES147	1.47571	13.7777	12.302
BLOCK14/SES147/SA147S13	SES147	2.05867	14.7674	12.7087
BLOCK14/SES147/SA147S23	SES147	0.112577	12.9114	12.7988
BLOCK14/SES147/SA147S26	SES147	0.849927	13.4559	12.606
BLOCK14/SES147/SA147S28	SES147	1.33189	13.4337	12.1018
BLOCK14/SES148/SA148S10	SES148	1.05283	13.5959	12.5431
BLOCK14/SES148/SA148S12	SES148	0.502809	12.0788	11.576
BLOCK14/SES148/SA148S22	SES148	1.53112	14.8328	13.3016
BLOCK14/SES148/SA148S26	SES148	-0.25981	13.5348	13.7946
BLOCK14/SES148/SA148S29	SES148	0.441191	12.8874	12.4462
BLOCK14/SES149/SA149S13	SES149	-0.489052	12.8908	13.3799
BLOCK14/SES149/SA149S14	SES149	0.450165	14.4455	13.9953
BLOCK14/SES149/SA149S24	SES149	1.03944	14.961	13.9215
BLOCK14/SES149/SA149S26	SES149	1.80799	16.1809	14.3729
BLOCK14/SES149/SA149S28	SES149	1.72689	17.1897	15.4628
BLOCK15/SES158/SA158S13	SES158	1.55091	12.5994	11.0485
BLOCK15/SES158/SA158S14	SES158	3.08824	13.7164	10.6282
BLOCK15/SES158/SA158S23	SES158	0.957871	12.8396	11.8817
BLOCK15/SES158/SA158S26	SES158	2.419	13.0386	10.6196
BLOCK15/SES158/SA158S28	SES158	1.11823	12.5419	11.4237
BLOCK16/SES162/SA162S10	SES162	0.820274	11.7443	10.924
BLOCK16/SES162/SA162S11	SES162	0.910009	14.2305	13.3205
BLOCK16/SES162/SA162S21	SES162	1.43211	14.604	13.1718
BLOCK16/SES162/SA162S24	SES162	0.925527	13.6866	12.7611
BLOCK16/SES162/SA162S27	SES162	1.03633	13.2003	12.164
BLOCK16/SES167/SA167S14	SES167	0.602566	15.4778	14.8753
BLOCK16/SES167/SA167S15	SES167	0.850341	14.4456	13.5952
BLOCK16/SES167/SA167S21	SES167	1.39409	14.9009	13.5068
BLOCK16/SES167/SA167S25	SES167	2.0715	14.5012	12.4297
BLOCK16/SES167/SA167S29	SES167	1.7884	16.5277	14.7393
BLOCK17/SES172/SA172S12	SES172	1.35826	14.7805	13.4223
BLOCK17/SES172/SA172S13	SES172	0.967773	14.0139	13.0462
BLOCK17/SES172/SA172S23	SES172	1.38939	16.1	14.7106
BLOCK17/SES172/SA172S27	SES172	0.741465	14.4744	13.7329
BLOCK17/SES172/SA172S29	SES172	1.61488	15.3536	13.7387
BLOCK17/SES175/SA175S11	SES175	0.408619	13.9795	13.5709
BLOCK17/SES175/SA175S13	SES175	0.875174	14.1471	13.272
BLOCK17/SES175/SA175S23	SES175	0.998347	14.1548	13.1565
BLOCK17/SES175/SA175S25	SES175	0.559155	12.1034	11.5443
BLOCK17/SES175/SA175S28	SES175	0.61947	14.4885	13.869
BLOCK17/SES177/SA177S15	SES177	0.230162	13.7145	13.4843
BLOCK17/SES177/SA177S17	SES177	-0.00167465	13.525	13.5267
BLOCK17/SES177/SA177S23	SES177	-0.949628	12.4637	13.4133
BLOCK17/SES177/SA177S26	SES177	0.568894	15.7421	15.1732
BLOCK17/SES177/SA177S28	SES177	0.221157	14.1643	13.9431
BLOCK18/SES180/SA180S13	SES180	-0.0888758	13.3209	13.4098
BLOCK18/SES180/SA180S15	SES180	0.716416	13.7231	13.0066
BLOCK18/SES180/SA180S24	SES180	0.127652	14.8108	14.6831
BLOCK18/SES180/SA180S26	SES180	0.845072	14.4575	13.6124
BLOCK18/SES180/SA180S29	SES180	0.98993	14.1618	13.1719
BLOCK18/SES183/SA183S13	SES183	1.33296	12.805	11.4721
BLOCK18/SES183/SA183S14	SES183	-0.369004	11.9804	12.3494
BLOCK18/SES183/SA183S24	SES183	1.14843	12.3798	11.2314
BLOCK18/SES183/SA183S27	SES183	0.99617	12.7096	11.7135
BLOCK18/SES183/SA183S29	SES183	0.603117	13.5613	12.9582
BLOCK18/SES187/SA187S13	SES187	0.957286	13.5972	12.6399
BLOCK18/SES187/SA187S14	SES187	0.671134	13.1432	12.4721
BLOCK18/SES187/SA187S24	SES187	1.38494	13.1175	11.7326
BLOCK18/SES187/SA187S27	SES187	1.14998	13.9166	12.7666
BLOCK18/SES187/SA187S29	SES187	1.15172	14.0148	12.8631
BLOCK18/SES189/SA189S10	SES189	1.44773	13.2404	11.7927
BLOCK18/SES189/SA189S13	SES189	1.46618	12.6131	11.1469
BLOCK18/SES189/SA189S24	SES189	1.75013	13.0049	11.2547
BLOCK18/SES189/SA189S26	SES189	0.974073	13.6559	12.6818
BLOCK18/SES189/SA189S29	SES189	1.50877	13.5123	12.0035
BLOCK20/SES202/SA202S12	SES202	1.09296	11.1497	10.0567
BLOCK20/SES202/SA202S14	SES202	1.96807	13.7369	11.7689
BLOCK20/SES202/SA202S24	SES202	1.01329	13.5134	12.5001
BLOCK20/SES202/SA202S27	SES202	0.854589	14.9497	14.0951
BLOCK20/SES202/SA202S29	SES202	1.51056	14.7454	13.2349
BLOCK20/SES206/SA206S15	SES206	-0.423518	13.1656	13.5891
BLOCK20/SES206/SA206S17	SES206	1.64939	15.5974	13.948
BLOCK20/SES206/SA206S24	SES206	1.63118	15.7593	14.1281
BLOCK20/SES206/SA206S27	SES206	1.81147	14.4174	12.6059
BLOCK20/SES206/SA206S29	SES206	1.47214	16.0698	14.5976
BLOCK22/SES226/SA226S12	SES226	1.36894	13.4494	12.0804
BLOCK22/SES226/SA226S13	SES226	-0.933691	11.218	12.1517
BLOCK22/SES226/SA226S20	SES226	1.25967	13.3699	12.1102
BLOCK22/SES226/SA226S23	SES226	1.54486	14.0509	12.506
BLOCK22/SES226/SA226S28	SES226	2.03776	14.6515	12.6137
BLOCK25/SES259/SA259S13	SES259	4.25447	16.3006	12.0461
BLOCK25/SES259/SA259S14	SES259	2.42695	14.6882	12.2613
BLOCK25/SES259/SA259S22	SES259	1.96682	14.2962	12.3294
BLOCK25/SES259/SA259S24	SES259	2.01042	15.6587	13.6482
BLOCK25/SES259/SA259S28	SES259	2.07861	14.8877	12.809
BLOCK27/SES270/SA270S14	SES270	2.56404	12.768	10.2039
BLOCK27/SES270/SA270S16	SES270	0.735633	12.6746	11.9389
BLOCK27/SES270/SA270S22	SES270	2.59677	13.9352	11.3384
BLOCK27/SES270/SA270S26	SES270	1.35367	11.8441	10.4904
BLOCK27/SES270/SA270S28	SES270	1.41092	13.4419	12.0309
BLOCK27/SES275/SA275S17	SES275	1.77485	14.0621	12.2873
BLOCK27/SES275/SA275S18	SES275	0.235829	13.9736	13.7378
BLOCK27/SES275/SA275S24	SES275	0.644821	12.2396	11.5948
BLOCK27/SES275/SA275S26	SES275	0.901057	13.9019	13.0008
BLOCK27/SES275/SA275S28	SES275	0.140727	13.5199	13.3792
BLOCK29/SES292/SA292S10	SES292	0.204373	13.2518	13.0475
BLOCK29/SES292/SA292S12	SES292	-0.0292997	13.1155	13.1448
BLOCK29/SES292/SA292S22	SES292	0.170815	14.0301	13.8593
BLOCK29/SES292/SA292S24	SES292	0.499721	14.1128	13.6131
BLOCK29/SES292/SA292S27	SES292	0.124002	13.9625	13.8385
BLOCK00/SES001/SA001S14	SES062	-3.09257	8.17612	11.2687
BLOCK00/SES001/SA001S14	SES082	-2.89971	8.36898	11.2687
BLOCK00/SES001/SA001S14	SES106	-2.91611	8.35257	11.2687
BLOCK00/SES001/SA001S14	SES206	-2.77107	8.49762	11.2687
BLOCK00/SES001/SA001S15	SES062	-2.72143	9.91928	12.6407
BLOCK00/SES001/SA001S15	SES104	-3.48968	9.15104	12.6407
BLOCK00/SES001/SA001S15	SES106	-2.72432	9.91639	12.6407
BLOCK00/SES001/SA001S15	SES206	-2.48149	10.1592	12.6407
BLOCK00/SES001/SA001S24	SES062	-4.08829	7.10305	11.1913
BLOCK00/SES001/SA001S24	SES082	-2.59535	8.596	11.1913
BLOCK00/SES001/SA001S24	SES087	-3.22999	7.96136	11.1913
BLOCK00/SES001/SA001S24	SES206	-2.75861	8.43273	11.1913
BLOCK00/SES001/SA001S27	SES062	-2.21812	10.5896	12.8077
BLOCK00/SES001/SA001S27	SES082	-2.22656	10.5811	12.8077
BLOCK00/SES001/SA001S27	SES087	-1.81482	10.9929	12.8077
BLOCK00/SES001/SA001S27	SES206	-1.9124	10.8953	12.8077
BLOCK00/SES001/SA001S29	SES062	-4.76357	6.87242	11.636
BLOCK00/SES001/SA001S29	SES082	-2.04332	9.59266	11.636
BLOCK00/SES001/SA001S29	SES158	-2.3919	9.24408	11.636
BLOCK00/SES001/SA001S29	SES206	-3.01005	8.62593	11.636
BLOCK00/SES003/SA003S11	SES002	-1.52101	10.821	12.342
BLOCK00/SES003/SA003S11	SES019	-1.9781	10.3639	12.342
BLOCK00/SES003/SA003S11	SES082	-1.23553	11.1065	12.342
BLOCK00/SES003/SA003S11	SES125	-2.6579	9.68412	12.342
BLOCK00/SES003/SA003S15	SES016	-2.59602	10.8565	13.4525
BLOCK00/SES003/SA003S15	SES019	-3.12023	10.3323	13.4525
BLOCK00/SES003/SA003S15	SES062	-1.96912	11.4834	13.4525
BLOCK00/SES003/SA003S15	SES206	-2.35525	11.0973	13.4525
BLOCK00/SES003/SA003S22	SES002	-2.77978	9.96033	12.7401
BLOCK00/SES003/SA003S22	SES062	-1.7864	10.9537	12.7401
BLOCK00/SES003/SA003S22	SES082	-3.04685	9.69325	12.7401
BLOCK00/SES003/SA003S22	SES087	-1.93486	10.8052	12.7401
BLOCK00/SES003/SA003S25	SES062	-3.61499	8.19681	11.8118
BLOCK00/SES003/SA003S25	SES082	-2.05639	9.7554	11.8118
BLOCK00/SES003/SA003S25	SES087	-2.02458	9.78722	11.8118
BLOCK00/SES003/SA003S25	SES206	-2.69209	9.11971	11.8118
BLOCK00/SES003/SA003S29	SES002	-1.9126	9.91573	11.8283
BLOCK00/SES003/SA003S29	SES062	-3.39971	8.42861	11.8283
BLOCK00/SES003/SA003S29	SES082	-2.08711	9.74121	11.8283
BLOCK00/SES003/SA003S29	SES087	-2.16041	9.66791	11.8283
BLOCK00/SES004/SA004S12	SES083	-2.94441	9.72821	12.6726
BLOCK00/SES004/SA004S12	SES148	-3.33196	9.34066	12.6726
BLOCK00/SES004/SA004S12	SES172	-1.45271	11.2199	12.6726
BLOCK00/SES004/SA004S12	SES292	-2.26732	10.4053	12.6726
BLOCK00/SES004/SA004S17	SES083	-2.58563	10.0657	12.6513
BLOCK00/SES004/SA004S17	SES162	-1.97023	10.6811	12.6513
BLOCK00/SES004/SA004S17	SES172	-1.83216	10.8192	12.6513
BLOCK00/SES004/SA004S17	SES292	-2.28103	10.3703	12.6513
BLOCK00/SES004/SA004S24	SES083	-3.13688	9.50252	12.6394
BLOCK00/SES004/SA004S24	SES148	-3.25977	9.37963	12.6394
BLOCK00/SES004/SA004S24	SES172	-1.31074	11.3287	12.6394
BLOCK00/SES004/SA004S24	SES292	-2.01021	10.6292	12.6394
BLOCK00/SES004/SA004S26	SES083	-3.25259	9.46318	12.7158
BLOCK00/SES004/SA004S26	SES127	-3.21803	9.49774	12.7158
BLOCK00/SES004/SA004S26	SES148	-5.18657	7.5292	12.7158
BLOCK00/SES004/SA004S26	SES292	-3.37912	9.33665	12.7158
BLOCK00/SES004/SA004S28	SES083	-2.47881	11.7069	14.1857
BLOCK00/SES004/SA004S28	SES127	-2.2258	11.9599	14.1857
BLOCK00/SES004/SA004S28	SES187	-1.24279	12.9429	14.1857
BLOCK00/SES004/SA004S28	SES292	-2.86357	11.3221	14.1857
BLOCK00/SES006/SA006S10	SES014	-4.01411	4.94838	8.96248
BLOCK00/SES006/SA006S10	SES158	-2.79338	6.1691	8.96248
BLOCK00/SES006/SA006S10	SES226	-4.99199	3.9705	8.96248
BLOCK00/SES006/SA006S10	SES270	-1.68514	7.27734	8.96248
BLOCK00/SES006/SA006S11	SES158	-2.33364	6.91527	9.2489
BLOCK00/SES006/SA006S11	SES226	-3.43218	5.81672	9.2489
BLOCK00/SES006/SA006S11	SES270	-1.67298	7.57593	9.2489
BLOCK00/SES006/SA006S11	SES275	-3.23692	6.01198	9.2489
BLOCK00/SES006/SA006S23	SES062	-3.25669	8.39893	11.6556
BLOCK00/SES006/SA006S23	SES105	-3.62988	8.02574	11.6556
BLOCK00/SES006/SA006S23	SES158	-1.94668	9.70895	11.6556
BLOCK00/SES006/SA006S23	SES275	-2.96935	8.68628	11.6556
BLOCK00/SES006/SA006S26	SES104	-4.31438	6.35001	10.6644
BLOCK00/SES006/SA006S26	SES158	-2.0932	8.57119	10.6644
BLOCK00/SES006/SA006S26	SES270	-0.808051	9.85634	10.6644
BLOCK00/SES006/SA006S26	SES275	-3.29895	7.36544	10.6644
BLOCK00/SES006/SA006S28	SES007	-2.82499	6.87404	9.69902
BLOCK00/SES006/SA006S28	SES105	-3.32562	6.3734	9.69902
BLOCK00/SES006/SA006S28	SES158	-2.21056	7.48846	9.69902
BLOCK00/SES006/SA006S28	SES275	-3.53341	6.16561	9.69902
BLOCK00/SES009/SA009S12	SES083	-3.90417	9.78698	13.6912
BLOCK00/SES009/SA009S12	SES148	-3.5669	10.1243	13.6912
BLOCK00/SES009/SA009S12	SES177	-1.96399	11.7272	13.6912
BLOCK00/SES009/SA009S12	SES292	-2.41265	11.2785	13.6912
BLOCK00/SES009/SA009S15	SES007	-0.942171	13.3737	14.3158
BLOCK00/SES009/SA009S15	SES099	-4.7229	9.59295	14.3158
BLOCK00/SES009/SA009S15	SES148	-3.47015	10.8457	14.3158
BLOCK00/SES009/SA009S15	SES172	-1.80914	12.5067	14.3158
BLOCK00/SES009/SA009S24	SES146	-1.75957	12.4223	14.1819
BLOCK00/SES009/SA009S24	SES148	-3.35448	10.8274	14.1819
BLOCK00/SES009/SA009S24	SES177	-1.08028	13.1016	14.1819
BLOCK00/SES009/SA009S24	SES292	-2.06954	12.1124	14.1819
BLOCK00/SES009/SA009S26	SES083	-3.48072	9.98766	13.4684
BLOCK00/SES009/SA009S26	SES101	-3.27607	10.1923	13.4684
BLOCK00/SES009/SA009S26	SES120	-2.40475	11.0636	13.4684
BLOCK00/SES009/SA009S26	SES177	-1.64099	11.8274	13.4684
BLOCK00/SES009/SA009S29	SES083	-2.86675	11.1779	14.0446
BLOCK00/SES009/SA009S29	SES101	-2.99364	11.051	14.0446
BLOCK00/SES009/SA009S29	SES177	-1.70976	12.3349	14.0446
BLOCK00/SES009/SA009S29	SES292	-1.79648	12.2481	14.0446
BLOCK01/SES011/SA011S10	SES019	-2.15379	10.7061	12.8599
BLOCK01/SES011/SA011S10	SES042	-0.891355	11.9685	12.8599
BLOCK01/SES011/SA011S10	SES082	-3.31617	9.54369	12.8599
BLOCK01/SES011/SA011S10	SES206	-2.12302	10.7368	12.8599
BLOCK01/SES011/SA011S11	SES019	-2.21466	9.45488	11.6695
BLOCK01/SES011/SA011S11	SES042	-1.46036	10.2092	11.6695
BLOCK01/SES011/SA011S11	SES082	-2.91716	8.75238	11.6695
BLOCK01/SES011/SA011S11	SES206	-2.38256	9.28698	11.6695
BLOCK01/SES011/SA011S22	SES019	-1.29878	10.2487	11.5475
BLOCK01/SES011/SA011S22	SES042	-0.619124	10.9284	11.5475
BLOCK01/SES011/SA011S22	SES082	-2.62095	8.92653	11.5475
BLOCK01/SES011/SA011S22	SES206	-2.55344	8.99404	11.5475
BLOCK01/SES011/SA011S24	SES019	-2.18847	10.2003	12.3888
BLOCK01/SES011/SA011S24	SES042	-0.66985	11.7189	12.3888
BLOCK01/SES011/SA011S24	SES104	-2.24375	10.145	12.3888
BLOCK01/SES011/SA011S24	SES206	-2.09756	10.2912	12.3888
BLOCK01/SES011/SA011S27	SES082	-1.36748	10.6026	11.9701
BLOCK01/SES011/SA011S27	SES087	-2.74273	9.2274	11.9701
BLOCK01/SES011/SA011S27	SES125	-2.13783	9.8323	11.9701
BLOCK01/SES011/SA011S27	SES206	-2.12994	9.84019	11.9701
BLOCK01/SES012/SA012S11	SES007	-1.23486	13.3976	14.6325
BLOCK01/SES012/SA012S11	SES082	-2.72441	11.9081	14.6325
BLOCK01/SES012/SA012S11	SES083	-2.74467	11.8878	14.6325
BLOCK01/SES012/SA012S11	SES206	-2.64895	11.9835	14.6325
BLOCK01/SES012/SA012S14	SES082	-1.65805	12.1459	13.8039
BLOCK01/SES012/SA012S14	SES087	-2.72961	11.0743	13.8039
BLOCK01/SES012/SA012S14	SES206	-1.54193	12.262	13.8039
BLOCK01/SES012/SA012S14	SES292	-1.85381	11.9501	13.8039
BLOCK01/SES012/SA012S24	SES082	-1.3966	11.6006	12.9973
BLOCK01/SES012/SA012S24	SES087	-2.59344	10.4038	12.9973
BLOCK01/SES012/SA012S24	SES120	-2.39654	10.6007	12.9973
BLOCK01/SES012/SA012S24	SES206	-1.57907	11.4182	12.9973
BLOCK01/SES012/SA012S26	SES019	-4.54101	9.42952	13.9705
BLOCK01/SES012/SA012S26	SES082	-2.82623	11.1443	13.9705
BLOCK01/SES012/SA012S26	SES206	-1.10374	12.8668	13.9705
BLOCK01/SES012/SA012S26	SES292	-1.7524	12.2181	13.9705
BLOCK01/SES012/SA012S29	SES062	-2.53529	11.9537	14.489
BLOCK01/SES012/SA012S29	SES082	-1.80862	12.6804	14.489
BLOCK01/SES012/SA012S29	SES083	-3.30744	11.1816	14.489
BLOCK01/SES012/SA012S29	SES206	-1.60698	12.882	14.489
BLOCK01/SES013/SA013S16	SES062	-3.60563	8.06725	11.6729
BLOCK01/SES013/SA013S16	SES106	-2.12459	9.54829	11.6729
BLOCK01/SES013/SA013S16	SES206	-1.75897	9.91391	11.6729
BLOCK01/SES013/SA013S16	SES226	-1.22485	10.448	11.6729
BLOCK01/SES013/SA013S17	SES062	-3.33138	10.4587	13.7901
BLOCK01/SES013/SA013S17	SES106	-2.82341	10.9667	13.7901
BLOCK01/SES013/SA013S17	SES206	-0.836719	12.9534	13.7901
BLOCK01/SES013/SA013S17	SES226	-1.24364	12.5465	13.7901
BLOCK01/SES013/SA013S23	SES104	-2.15612	10.4109	12.567
BLOCK01/SES013/SA013S23	SES106	-1.47777	11.0893	12.567
BLOCK01/SES013/SA013S23	SES206	-1.92628	10.6407	12.567
BLOCK01/SES013/SA013S23	SES270	-1.40098	11.166	12.567
BLOCK01/SES013/SA013S25	SES042	-2.07061	11.4943	13.5649
BLOCK01/SES013/SA013S25	SES104	-1.82543	11.7395	13.5649
BLOCK01/SES013/SA013S25	SES106	-1.56992	11.995	13.5649
BLOCK01/SES013/SA013S25	SES206	-1.57631	11.9886	13.5649
BLOCK01/SES013/SA013S29	SES062	-3.90774	8.87635	12.7841
BLOCK01/SES013/SA013S29	SES104	-3.29429	9.48981	12.7841
BLOCK01/SES013/SA013S29	SES106	-2.32904	10.4551	12.7841
BLOCK01/SES013/SA013S29	SES206	-2.21057	10.5735	12.7841
BLOCK02/SES021/SA021S13	SES016	-4.26663	10.2959	14.5625
BLOCK02/SES021/SA021S13	SES029	-2.83882	11.7237	14.5625
BLOCK02/SES021/SA021S13	SES087	-2.97954	11.5829	14.5625
BLOCK02/SES021/SA021S13	SES206	-2.09074	12.4717	14.5625
BLOCK02/SES021/SA021S15	SES087	-1.54117	13.7622	15.3034
BLOCK02/SES021/SA021S15	SES125	-1.9648	13.3386	15.3034
BLOCK02/SES021/SA021S15	SES206	-1.56959	13.7338	15.3034
BLOCK02/SES021/SA021S15	SES226	-2.94667	12.3567	15.3034
BLOCK02/SES021/SA021S23	SES062	-3.98242	8.38872	12.3711
BLOCK02/SES021/SA021S23	SES087	-1.83786	10.5333	12.3711
BLOCK02/SES021/SA021S23	SES206	-1.94875	10.4224	12.3711
BLOCK02/SES021/SA021S23	SES226	-2.28347	10.0877	12.3711
BLOCK02/SES021/SA021S27	SES002	-1.36476	12.7364	14.1011
BLOCK02/SES021/SA021S27	SES016	-4.41361	9.68752	14.1011
BLOCK02/SES021/SA021S27	SES019	-2.27677	11.8244	14.1011
BLOCK02/SES021/SA021S27	SES062	-2.33031	11.7708	14.1011
BLOCK02/SES021/SA021S29	SES087	-2.15388	12.0813	14.2352
BLOCK02/SES021/SA021S29	SES125	-1.67299	12.5622	14.2352
BLOCK02/SES021/SA021S29	SES206	-1.48638	12.7488	14.2352
BLOCK02/SES021/SA021S29	SES226	-3.47272	10.7625	14.2352
BLOCK04/SES043/SA043S09	SES083	-2.22155	9.5387	11.7603
BLOCK04/SES043/SA043S09	SES101	-1.56705	10.1932	11.7603
BLOCK04/SES043/SA043S09	SES144	-1.07134	10.6889	11.7603
BLOCK04/SES043/SA043S09	SES172	-2.26297	9.49728	11.7603
BLOCK04/SES043/SA043S11	SES083	-1.58591	11.9509	13.5368
BLOCK04/SES043/SA043S11	SES101	-2.05059	11.4862	13.5368
BLOCK04/SES043/SA043S11	SES144	-0.705576	12.8312	13.5368
BLOCK04/SES043/SA043S11	SES172	-1.87832	11.6585	13.5368
BLOCK04/SES043/SA043S23	SES083	-2.14665	11.1164	13.263
BLOCK04/SES043/SA043S23	SES144	-0.725326	12.5377	13.263
BLOCK04/SES043/SA043S23	SES177	-1.72025	11.5428	13.263
BLOCK04/SES043/SA043S23	SES275	-1.57413	11.6889	13.263
BLOCK04/SES043/SA043S26	SES083	-2.32106	9.80298	12.124
BLOCK04/SES043/SA043S26	SES101	-2.21404	9.91	12.124
BLOCK04/SES043/SA043S26	SES144	-0.775316	11.3487	12.124
BLOCK04/SES043/SA043S26	SES177	-2.16246	9.96159	12.124
BLOCK04/SES043/SA043S28	SES016	-2.84645	10.5121	13.3585
BLOCK04/SES043/SA043S28	SES083	-1.54114	11.8174	13.3585
BLOCK04/SES043/SA043S28	SES101	-1.23606	12.1225	13.3585
BLOCK04/SES043/SA043S28	SES144	-1.28393	12.0746	13.3585
BLOCK04/SES044/SA044S10	SES127	-4.23521	5.27052	9.50573
BLOCK04/SES044/SA044S10	SES144	-0.587581	8.91815	9.50573
BLOCK04/SES044/SA044S10	SES147	-4.4473	5.05843	9.50573
BLOCK04/SES044/SA044S10	SES148	-3.75343	5.7523	9.50573
BLOCK04/SES044/SA044S11	SES101	-2.12669	9.18369	11.3104
BLOCK04/SES044/SA044S11	SES144	-0.718159	10.5922	11.3104
BLOCK04/SES044/SA044S11	SES147	-3.47125	7.83912	11.3104
BLOCK04/SES044/SA044S11	SES177	-2.93291	8.37747	11.3104
BLOCK04/SES044/SA044S24	SES007	-3.03254	8.65867	11.6912
BLOCK04/SES044/SA044S24	SES101	-1.8032	9.888	11.6912
BLOCK04/SES044/SA044S24	SES147	-3.13336	8.55784	11.6912
BLOCK04/SES044/SA044S24	SES177	-2.63192	9.05929	11.6912
BLOCK04/SES044/SA044S26	SES007	-2.74139	9.57958	12.321
BLOCK04/SES044/SA044S26	SES016	-2.21903	10.1019	12.321
BLOCK04/SES044/SA044S26	SES101	-2.13648	10.1845	12.321
BLOCK04/SES044/SA044S26	SES147	-2.24697	10.074	12.321
BLOCK04/SES044/SA044S29	SES007	-2.937	9.61025	12.5472
BLOCK04/SES044/SA044S29	SES101	-1.29179	11.2555	12.5472
BLOCK04/SES044/SA044S29	SES147	-2.83261	9.71463	12.5472
BLOCK04/SES044/SA044S29	SES177	-3.89262	8.65462	12.5472
BLOCK04/SES046/SA046S13	SES101	-1.4895	10.6811	12.1706
BLOCK04/SES046/SA046S13	SES144	-1.27436	10.8962	12.1706
BLOCK04/SES046/SA046S13	SES147	-2.83109	9.33951	12.1706
BLOCK04/SES046/SA046S13	SES177	-2.36226	9.80834	12.1706
BLOCK04/SES046/SA046S15	SES048	-0.927306	12.8282	13.7556
BLOCK04/SES046/SA046S15	SES083	-1.38378	12.3718	13.7556
BLOCK04/SES046/SA046S15	SES120	-3.42148	10.3341	13.7556
BLOCK04/SES046/SA046S15	SES148	-2.19762	11.5579	13.7556
BLOCK04/SES046/SA046S22	SES101	-1.98923	10.2911	12.2803
BLOCK04/SES046/SA046S22	SES144	-1.02008	11.2602	12.2803
BLOCK04/SES046/SA046S22	SES147	-3.16388	9.11644	12.2803
BLOCK04/SES046/SA046S22	SES172	-1.30562	10.9747	12.2803
BLOCK04/SES046/SA046S25	SES083	-2.3816	9.64249	12.0241
BLOCK04/SES046/SA046S25	SES127	-2.24835	9.77574	12.0241
BLOCK04/SES046/SA046S25	SES144	-2.67368	9.35042	12.0241
BLOCK04/SES046/SA046S25	SES148	-2.82685	9.19724	12.0241
BLOCK04/SES046/SA046S28	SES007	-2.79267	9.25791	12.0506
BLOCK04/SES046/SA046S28	SES105	-2.83027	9.22032	12.0506
BLOCK04/SES046/SA046S28	SES147	-1.62458	10.426	12.0506
BLOCK04/SES046/SA046S28	SES148	-1.80424	10.2463	12.0506
BLOCK04/SES049/SA049S16	SES104	-2.98774	8.10053	11.0883
BLOCK04/SES049/SA049S16	SES106	-2.53559	8.55267	11.0883
BLOCK04/SES049/SA049S16	SES120	-2.40134	8.68693	11.0883
BLOCK04/SES049/SA049S16	SES206	-2.48321	8.60506	11.0883
BLOCK04/SES049/SA049S18	SES099	-1.19995	9.35313	10.5531
BLOCK04/SES049/SA049S18	SES104	-3.35625	7.19683	10.5531
BLOCK04/SES049/SA049S18	SES125	-3.0028	7.55028	10.5531
BLOCK04/SES049/SA049S18	SES206	-2.3796	8.17348	10.5531
BLOCK04/SES049/SA049S25	SES087	-1.69374	9.76343	11.4572
BLOCK04/SES049/SA049S25	SES104	-0.806904	10.6503	11.4572
BLOCK04/SES049/SA049S25	SES125	-1.51674	9.94043	11.4572
BLOCK04/SES049/SA049S25	SES206	-0.586387	10.8708	11.4572
BLOCK04/SES049/SA049S27	SES099	-0.904201	10.9462	11.8504
BLOCK04/SES049/SA049S27	SES104	-1.51953	10.3309	11.8504
BLOCK04/SES049/SA049S27	SES125	-2.54027	9.3101	11.8504
BLOCK04/SES049/SA049S27	SES206	-2.88302	8.96736	11.8504
BLOCK04/SES049/SA049S29	SES099	-0.504435	12.4593	12.9637
BLOCK04/SES049/SA049S29	SES104	-0.988361	11.9754	12.9637
BLOCK04/SES049/SA049S29	SES125	-1.63448	11.3292	12.9637
BLOCK04/SES049/SA049S29	SES206	-1.06376	11.9	12.9637
BLOCK06/SES063/SA063S09	SES068	-1.70311	12.0805	13.7836
BLOCK06/SES063/SA063S09	SES083	-1.44057	12.3431	13.7836
BLOCK06/SES063/SA063S09	SES177	-1.81557	11.9681	13.7836
BLOCK06/SES063/SA063S09	SES187	-2.29145	11.4922	13.7836
BLOCK06/SES063/SA063S10	SES068	-2.33409	10.4792	12.8133
BLOCK06/SES063/SA063S10	SES083	-1.83329	10.98	12.8133
BLOCK06/SES063/SA063S10	SES172	-2.00824	10.8051	12.8133
BLOCK06/SES063/SA063S10	SES187	-2.31795	10.4954	12.8133
BLOCK06/SES063/SA063S20	SES068	-2.35456	10.9755	13.3301
BLOCK06/SES063/SA063S20	SES083	-2.05183	11.2783	13.3301
BLOCK06/SES063/SA063S20	SES172	-1.44796	11.8821	13.3301
BLOCK06/SES063/SA063S20	SES187	-1.98829	11.3418	13.3301
BLOCK06/SES063/SA063S24	SES029	-3.77411	10.1485	13.9226
BLOCK06/SES063/SA063S24	SES083	-1.16875	12.7539	13.9226
BLOCK06/SES063/SA063S24	SES177	-1.64843	12.2742	13.9226
BLOCK06/SES063/SA063S24	SES189	-1.61161	12.311	13.9226
BLOCK06/SES063/SA063S27	SES083	-1.30643	11.6933	12.9997
BLOCK06/SES063/SA063S27	SES172	-1.59237	11.4073	12.9997
BLOCK06/SES063/SA063S27	SES187	-2.17049	10.8292	12.9997
BLOCK06/SES063/SA063S27	SES292	-2.88877	10.1109	12.9997
BLOCK06/SES067/SA067S12	SES083	-2.95992	10.8106	13.7705
BLOCK06/SES067/SA067S12	SES172	-2.52461	11.2459	13.7705
BLOCK06/SES067/SA067S12	SES202	-1.85754	11.913	13.7705
BLOCK06/SES067/SA067S12	SES292	-2.8292	10.9413	13.7705
BLOCK06/SES067/SA067S14	SES085	-2.33733	12.1738	14.5112
BLOCK06/SES067/SA067S14	SES177	-1.99352	12.5176	14.5112
BLOCK06/SES067/SA067S14	SES183	-0.968869	13.5423	14.5112
BLOCK06/SES067/SA067S14	SES202	-1.75888	12.7523	14.5112
BLOCK06/SES067/SA067S21	SES144	-1.83776	11.6133	13.451
BLOCK06/SES067/SA067S21	SES177	-1.71066	11.7404	13.451
BLOCK06/SES067/SA067S21	SES183	-0.879322	12.5717	13.451
BLOCK06/SES067/SA067S21	SES189	-1.11536	12.3357	13.451
BLOCK06/SES067/SA067S25	SES085	-1.84141	12.1025	13.944
BLOCK06/SES067/SA067S25	SES177	-1.67677	12.2672	13.944
BLOCK06/SES067/SA067S25	SES183	-1.6729	12.2711	13.944
BLOCK06/SES067/SA067S25	SES202	-2.35888	11.5851	13.944
BLOCK06/SES067/SA067S29	SES085	-2.93497	10.8462	13.7811
BLOCK06/SES067/SA067S29	SES177	-2.29583	11.4853	13.7811
BLOCK06/SES067/SA067S29	SES183	-0.717789	13.0633	13.7811
BLOCK06/SES067/SA067S29	SES202	-1.7117	12.0694	13.7811
BLOCK06/SES069/SA069S12	SES029	-3.71485	9.82497	13.5398
BLOCK06/SES069/SA069S12	SES082	-0.330321	13.2095	13.5398
BLOCK06/SES069/SA069S12	SES087	-1.81754	11.7223	13.5398
BLOCK06/SES069/SA069S12	SES206	-1.05943	12.4804	13.5398
BLOCK06/SES069/SA069S13	SES029	-3.86159	9.67179	13.5334
BLOCK06/SES069/SA069S13	SES087	-1.48796	12.0454	13.5334
BLOCK06/SES069/SA069S13	SES206	-1.72549	11.8079	13.5334
BLOCK06/SES069/SA069S13	SES226	-0.785237	12.7481	13.5334
BLOCK06/SES069/SA069S23	SES029	-1.50221	13.7385	15.2407
BLOCK06/SES069/SA069S23	SES087	-1.13795	14.1027	15.2407
BLOCK06/SES069/SA069S23	SES206	-2.19886	13.0418	15.2407
BLOCK06/SES069/SA069S23	SES226	-0.30207	14.9386	15.2407
BLOCK06/SES069/SA069S25	SES087	-1.62907	12.6007	14.2297
BLOCK06/SES069/SA069S25	SES206	-3.59706	10.6327	14.2297
BLOCK06/SES069/SA069S25	SES226	-1.36147	12.8683	14.2297
BLOCK06/SES069/SA069S25	SES270	-2.58714	11.6426	14.2297
BLOCK06/SES069/SA069S27	SES087	-2.39807	11.5447	13.9428
BLOCK06/SES069/SA069S27	SES206	-1.47223	12.4705	13.9428
BLOCK06/SES069/SA069S27	SES226	-0.153586	13.7892	13.9428
BLOCK06/SES069/SA069S27	SES270	-1.66154	12.2812	13.9428
BLOCK08/SES081/SA081S11	SES060	-3.47772	9.30866	12.7864
BLOCK08/SES081/SA081S11	SES062	-2.30643	10.48	12.7864
BLOCK08/SES081/SA081S11	SES117	-4.04792	8.73846	12.7864
BLOCK08/SES081/SA081S11	SES162	-3.07631	9.71007	12.7864
BLOCK08/SES081/SA081S13	SES016	-2.54581	11.6789	14.2247
BLOCK08/SES081/SA081S13	SES060	-1.27549	12.9493	14.2247
BLOCK08/SES081/SA081S13	SES068	-1.40696	12.8178	14.2247
BLOCK08/SES081/SA081S13	SES129	-2.98274	11.242	14.2247
BLOCK08/SES081/SA081S24	SES060	-1.96396	11.4146	13.3785
BLOCK08/SES081/SA081S24	SES068	-1.86751	11.511	13.3785
BLOCK08/SES081/SA081S24	SES117	-3.08213	10.2964	13.3785
BLOCK08/SES081/SA081S24	SES275	-2.32668	11.0519	13.3785
BLOCK08/SES081/SA081S27	SES007	-2.19075	10.2027	12.3934
BLOCK08/SES081/SA081S27	SES060	-3.20834	9.1851	12.3934
BLOCK08/SES081/SA081S27	SES117	-2.13041	10.263	12.3934
BLOCK08/SES081/SA081S27	SES275	-2.49602	9.89742	12.3934
BLOCK08/SES081/SA081S29	SES007	-1.98179	11.8008	13.7826
BLOCK08/SES081/SA081S29	SES060	-2.34377	11.4389	13.7826
BLOCK08/SES081/SA081S29	SES117	-2.76553	11.0171	13.7826
BLOCK08/SES081/SA081S29	SES275	-2.71415	11.0685	13.7826
BLOCK08/SES086/SA086S11	SES029	-5.42399	5.62819	11.0522
BLOCK08/SES086/SA086S11	SES082	-2.60659	8.44559	11.0522
BLOCK08/SES086/SA086S11	SES087	-1.27578	9.7764	11.0522
BLOCK08/SES086/SA086S11	SES206	-2.55104	8.50114	11.0522
BLOCK08/SES086/SA086S12	SES029	-3.71698	8.93489	12.6519
BLOCK08/SES086/SA086S12	SES082	-3.06389	9.58798	12.6519
BLOCK08/SES086/SA086S12	SES087	0.0468206	12.6987	12.6519
BLOCK08/SES086/SA086S12	SES206	-1.68729	10.9646	12.6519
BLOCK08/SES086/SA086S20	SES029	-4.44444	9.11346	13.5579
BLOCK08/SES086/SA086S20	SES082	-3.1688	10.3891	13.5579
BLOCK08/SES086/SA086S20	SES087	-0.347037	13.2109	13.5579
BLOCK08/SES086/SA086S20	SES206	-1.30565	12.2522	13.5579
BLOCK08/SES086/SA086S24	SES087	-0.565232	11.7469	12.3122
BLOCK08/SES086/SA086S24	SES104	-2.51646	9.79571	12.3122
BLOCK08/SES086/SA086S24	SES120	-2.89418	9.41799	12.3122
BLOCK08/SES086/SA086S24	SES206	-1.08296	11.2292	12.3122
BLOCK08/SES086/SA086S28	SES029	-3.30005	9.57591	12.876
BLOCK08/SES086/SA086S28	SES082	-2.47442	10.4015	12.876
BLOCK08/SES086/SA086S28	SES087	-0.884055	11.9919	12.876
BLOCK08/SES086/SA086S28	SES206	-1.19106	11.6849	12.876
BLOCK08/SES089/SA089S13	SES087	-1.90432	9.93709	11.8414
BLOCK08/SES089/SA089S13	SES206	-2.4493	9.39211	11.8414
BLOCK08/SES089/SA089S13	SES226	-1.92013	9.92128	11.8414
BLOCK08/SES089/SA089S13	SES270	-2.81843	9.02298	11.8414
BLOCK08/SES089/SA089S14	SES062	-2.99154	9.7477	12.7392
BLOCK08/SES089/SA089S14	SES087	-1.15372	11.5855	12.7392
BLOCK08/SES089/SA089S14	SES206	-2.78738	9.95187	12.7392
BLOCK08/SES089/SA089S14	SES226	-1.92449	10.8148	12.7392
BLOCK08/SES089/SA089S23	SES087	-1.6259	8.86735	10.4933
BLOCK08/SES089/SA089S23	SES206	-2.52942	7.96383	10.4933
BLOCK08/SES089/SA089S23	SES226	-1.55595	8.9373	10.4933
BLOCK08/SES089/SA089S23	SES270	-2.95823	7.53502	10.4933
BLOCK08/SES089/SA089S25	SES062	-3.50558	9.30486	12.8104
BLOCK08/SES089/SA089S25	SES087	-1.63005	11.1804	12.8104
BLOCK08/SES089/SA089S25	SES206	-3.30011	9.51033	12.8104
BLOCK08/SES089/SA089S25	SES226	-1.5458	11.2646	12.8104
BLOCK08/SES089/SA089S28	SES062	-2.02071	10.5224	12.5431
BLOCK08/SES089/SA089S28	SES087	-0.891654	11.6514	12.5431
BLOCK08/SES089/SA089S28	SES206	-1.61603	10.927	12.5431
BLOCK08/SES089/SA089S28	SES226	-1.40007	11.143	12.5431
BLOCK09/SES097/SA097S11	SES099	-0.375267	11.5929	11.9682
BLOCK09/SES097/SA097S11	SES125	-2.61468	9.35349	11.9682
BLOCK09/SES097/SA097S11	SES206	-1.7799	10.1883	11.9682
BLOCK09/SES097/SA097S11	SES226	-1.008	10.9602	11.9682
BLOCK09/SES097/SA097S14	SES062	-1.92341	9.72733	11.6507
BLOCK09/SES097/SA097S14	SES099	-0.978938	10.6718	11.6507
BLOCK09/SES097/SA097S14	SES104	-2.47223	9.17851	11.6507
BLOCK09/SES097/SA097S14	SES206	-2.79787	8.85287	11.6507
BLOCK09/SES097/SA097S22	SES099	0.385454	11.9057	11.5202
BLOCK09/SES097/SA097S22	SES206	-2.38839	9.13183	11.5202
BLOCK09/SES097/SA097S22	SES226	-2.28405	9.23617	11.5202
BLOCK09/SES097/SA097S22	SES270	-0.681411	10.8388	11.5202
BLOCK09/SES097/SA097S26	SES099	-0.13224	12.1634	12.2957
BLOCK09/SES097/SA097S26	SES120	-2.28003	10.0156	12.2957
BLOCK09/SES097/SA097S26	SES206	-1.98457	10.3111	12.2957
BLOCK09/SES097/SA097S26	SES226	-2.10383	10.1918	12.2957
BLOCK09/SES097/SA097S28	SES099	-1.0424	11.0506	12.093
BLOCK09/SES097/SA097S28	SES120	-1.83863	10.2544	12.093
BLOCK09/SES097/SA097S28	SES206	-2.81489	9.27812	12.093
BLOCK09/SES097/SA097S28	SES226	-3.44904	8.64397	12.093
BLOCK09/SES098/SA098S11	SES127	-3.01693	9.08927	12.1062
BLOCK09/SES098/SA098S11	SES144	-2.70735	9.39886	12.1062
BLOCK09/SES098/SA098S11	SES147	-1.76193	10.3443	12.1062
BLOCK09/SES098/SA098S11	SES148	-4.16545	7.94076	12.1062
BLOCK09/SES098/SA098S12	SES127	-3.99509	7.11548	11.1106
BLOCK09/SES098/SA098S12	SES144	-3.08465	8.02592	11.1106
BLOCK09/SES098/SA098S12	SES147	-2.33997	8.77061	11.1106
BLOCK09/SES098/SA098S12	SES189	-2.68806	8.42252	11.1106
BLOCK09/SES098/SA098S20	SES127	-3.71643	7.93529	11.6517
BLOCK09/SES098/SA098S20	SES147	-2.52605	9.12567	11.6517
BLOCK09/SES098/SA098S20	SES148	-3.64128	8.01044	11.6517
BLOCK09/SES098/SA098S20	SES292	-2.88636	8.76536	11.6517
BLOCK09/SES098/SA098S23	SES127	-3.05444	9.7636	12.818
BLOCK09/SES098/SA098S23	SES147	-2.19742	10.6206	12.818
BLOCK09/SES098/SA098S23	SES187	-2.20198	10.6161	12.818
BLOCK09/SES098/SA098S23	SES292	-2.28727	10.5308	12.818
BLOCK09/SES098/SA098S27	SES127	-4.43918	6.855	11.2942
BLOCK09/SES098/SA098S27	SES147	-3.9722	7.32198	11.2942
BLOCK09/SES098/SA098S27	SES148	-4.46048	6.8337	11.2942
BLOCK09/SES098/SA098S27	SES292	-2.40986	8.88433	11.2942
BLOCK10/SES102/SA102S13	SES101	-1.33401	9.53893	10.8729
BLOCK10/SES102/SA102S13	SES105	-1.50262	9.37032	10.8729
BLOCK10/SES102/SA102S13	SES120	-3.03267	7.84027	10.8729
BLOCK10/SES102/SA102S13	SES158	-4.2166	6.65634	10.8729
BLOCK10/SES102/SA102S14	SES007	-1.22475	12.5029	13.7276
BLOCK10/SES102/SA102S14	SES101	-0.750793	12.9768	13.7276
BLOCK10/SES102/SA102S14	SES105	-0.684958	13.0426	13.7276
BLOCK10/SES102/SA102S14	SES147	-4.34392	9.38368	13.7276
BLOCK10/SES102/SA102S22	SES007	-2.0612	10.9052	12.9664
BLOCK10/SES102/SA102S22	SES101	-1.0913	11.8751	12.9664
BLOCK10/SES102/SA102S22	SES105	-1.09	11.8764	12.9664
BLOCK10/SES102/SA102S22	SES158	-3.31674	9.64971	12.9664
BLOCK10/SES102/SA102S25	SES007	-1.45773	11.9334	13.3911
BLOCK10/SES102/SA102S25	SES101	-0.491082	12.9	13.3911
BLOCK10/SES102/SA102S25	SES105	-1.34841	12.0427	13.3911
BLOCK10/SES102/SA102S25	SES147	-3.98746	9.40363	13.3911
BLOCK10/SES102/SA102S27	SES007	-2.0225	10.7628	12.7853
BLOCK10/SES102/SA102S27	SES101	-0.923486	11.8618	12.7853
BLOCK10/SES102/SA102S27	SES105	-1.84647	10.9389	12.7853
BLOCK10/SES102/SA102S27	SES147	-3.57139	9.21393	12.7853
BLOCK10/SES103/SA103S14	SES105	-3.18222	7.33869	10.5209
BLOCK10/SES103/SA103S14	SES106	-1.95936	8.56156	10.5209
BLOCK10/SES103/SA103S14	SES120	-3.64201	6.8789	10.5209
BLOCK10/SES103/SA103S14	SES206	-3.6289	6.89201	10.5209
BLOCK10/SES103/SA103S15	SES099	-2.2238	7.29671	9.52051
BLOCK10/SES103/SA103S15	SES101	-5.45517	4.06534	9.52051
BLOCK10/SES103/SA103S15	SES104	-3.09507	6.42544	9.52051
BLOCK10/SES103/SA103S15	SES125	-2.54021	6.9803	9.52051
BLOCK10/SES103/SA103S24	SES104	-2.51657	9.37495	11.8915
BLOCK10/SES103/SA103S24	SES125	-2.13598	9.75553	11.8915
BLOCK10/SES103/SA103S24	SES148	-3.69626	8.19525	11.8915
BLOCK10/SES103/SA103S24	SES158	-1.82232	10.0692	11.8915
BLOCK10/SES103/SA103S26	SES104	-2.55799	7.60311	10.1611
BLOCK10/SES103/SA103S26	SES106	-1.84276	8.31834	10.1611
BLOCK10/SES103/SA103S26	SES125	-2.31242	7.84867	10.1611
BLOCK10/SES103/SA103S26	SES148	-5.13087	5.03022	10.1611
BLOCK10/SES103/SA103S28	SES104	-3.1175	6.40914	9.52663
BLOCK10/SES103/SA103S28	SES106	-1.88331	7.64332	9.52663
BLOCK10/SES103/SA103S28	SES125	-2.87221	6.65442	9.52663
BLOCK10/SES103/SA103S28	SES206	-3.98074	5.54589	9.52663
BLOCK12/SES121/SA121S12	SES042	-3.44971	5.62484	9.07455
BLOCK12/SES121/SA121S12	SES087	-2.40215	6.6724	9.07455
BLOCK12/SES121/SA121S12	SES105	-1.80209	7.27247	9.07455
BLOCK12/SES121/SA121S12	SES206	-2.82351	6.25105	9.07455
BLOCK12/SES121/SA121S14	SES007	-2.84711	6.00704	8.85415
BLOCK12/SES121/SA121S14	SES105	-2.52052	6.33362	8.85415
BLOCK12/SES121/SA121S14	SES106	-2.22177	6.63237	8.85415
BLOCK12/SES121/SA121S14	SES206	-2.92939	5.92475	8.85415
BLOCK12/SES121/SA121S23	SES105	-2.47928	6.81921	9.29849
BLOCK12/SES121/SA121S23	SES106	-0.924473	8.37402	9.29849
BLOCK12/SES121/SA121S23	SES120	-2.04693	7.25156	9.29849
BLOCK12/SES121/SA121S23	SES206	-1.75366	7.54483	9.29849
BLOCK12/SES121/SA121S25	SES007	-1.51157	5.38649	6.89807
BLOCK12/SES121/SA121S25	SES105	-3.07955	3.81852	6.89807
BLOCK12/SES121/SA121S25	SES106	-1.47644	5.42163	6.89807
BLOCK12/SES121/SA121S25	SES206	-2.93325	3.96482	6.89807
BLOCK12/SES121/SA121S27	SES087	-1.48052	8.00734	9.48786
BLOCK12/SES121/SA121S27	SES105	-4.33362	5.15424	9.48786
BLOCK12/SES121/SA121S27	SES120	-1.0004	8.48746	9.48786
BLOCK12/SES121/SA121S27	SES206	-2.08701	7.40085	9.48786
BLOCK12/SES124/SA124S16	SES042	-1.3617	10.1079	11.4696
BLOCK12/SES124/SA124S16	SES082	-2.62845	8.84111	11.4696
BLOCK12/SES124/SA124S16	SES183	-2.95373	8.51582	11.4696
BLOCK12/SES124/SA124S16	SES206	-2.62804	8.84152	11.4696
BLOCK12/SES124/SA124S17	SES105	-3.19316	6.68416	9.87732
BLOCK12/SES124/SA124S17	SES149	-4.5088	5.36852	9.87732
BLOCK12/SES124/SA124S17	SES158	-4.30196	5.57536	9.87732
BLOCK12/SES124/SA124S17	SES275	-2.02546	7.85186	9.87732
BLOCK12/SES124/SA124S23	SES105	-3.33095	10.0296	13.3605
BLOCK12/SES124/SA124S23	SES125	-1.05524	12.3053	13.3605
BLOCK12/SES124/SA124S23	SES129	-3.45846	9.90205	13.3605
BLOCK12/SES124/SA124S23	SES158	-1.78691	11.5736	13.3605
BLOCK12/SES124/SA124S26	SES105	-3.84441	8.47636	12.3208
BLOCK12/SES124/SA124S26	SES125	-1.94433	10.3764	12.3208
BLOCK12/SES124/SA124S26	SES129	-3.68242	8.63834	12.3208
BLOCK12/SES124/SA124S26	SES158	-2.27462	10.0461	12.3208
BLOCK12/SES124/SA124S28	SES104	-1.62059	10.7562	12.3768
BLOCK12/SES124/SA124S28	SES106	-1.66692	10.7099	12.3768
BLOCK12/SES124/SA124S28	SES125	-0.932527	11.4443	12.3768
BLOCK12/SES124/SA124S28	SES275	-3.12915	9.24767	12.3768
BLOCK12/SES126/SA126S13	SES007	-2.40156	9.56271	11.9643
BLOCK12/SES126/SA126S13	SES162	-2.97406	8.9902	11.9643
BLOCK12/SES126/SA126S13	SES177	-2.26665	9.69762	11.9643
BLOCK12/SES126/SA126S13	SES180	-2.35787	9.6064	11.9643
BLOCK12/SES126/SA126S14	SES144	-1.44113	11.7454	13.1865
BLOCK12/SES126/SA126S14	SES148	-2.34726	10.8393	13.1865
BLOCK12/SES126/SA126S14	SES177	-1.26499	11.9215	13.1865
BLOCK12/SES126/SA126S14	SES180	-2.67142	10.5151	13.1865
BLOCK12/SES126/SA126S20	SES007	-1.49903	10.8958	12.3948
BLOCK12/SES126/SA126S20	SES162	-2.21757	10.1772	12.3948
BLOCK12/SES126/SA126S20	SES172	-2.82664	9.56816	12.3948
BLOCK12/SES126/SA126S20	SES180	-1.98392	10.4109	12.3948
BLOCK12/SES126/SA126S24	SES120	-0.880598	12.5451	13.4257
BLOCK12/SES126/SA126S24	SES162	-1.92161	11.5041	13.4257
BLOCK12/SES126/SA126S24	SES177	-1.34425	12.0814	13.4257
BLOCK12/SES126/SA126S24	SES180	-1.56397	11.8617	13.4257
BLOCK12/SES126/SA126S26	SES120	-0.603592	11.839	12.4426
BLOCK12/SES126/SA126S26	SES177	-1.12637	11.3163	12.4426
BLOCK12/SES126/SA126S26	SES180	-2.17891	10.2637	12.4426
BLOCK12/SES126/SA126S26	SES202	-2.86223	9.58039	12.4426
BLOCK12/SES128/SA128S10	SES087	-3.20324	9.47265	12.6759
BLOCK12/SES128/SA128S10	SES206	-2.22311	10.4528	12.6759
BLOCK12/SES128/SA128S10	SES226	-1.51613	11.1598	12.6759
BLOCK12/SES128/SA128S10	SES270	-1.68394	10.9919	12.6759
BLOCK12/SES128/SA128S12	SES120	-1.90875	10.3866	12.2954
BLOCK12/SES128/SA128S12	SES158	-3.6033	8.69206	12.2954
BLOCK12/SES128/SA128S12	SES206	-2.79486	9.5005	12.2954
BLOCK12/SES128/SA128S12	SES226	-2.52638	9.76898	12.2954
BLOCK12/SES128/SA128S21	SES106	-3.88534	7.58299	11.4683
BLOCK12/SES128/SA128S21	SES120	-2.85835	8.60998	11.4683
BLOCK12/SES128/SA128S21	SES206	-3.06994	8.39839	11.4683
BLOCK12/SES128/SA128S21	SES226	-1.87568	9.59265	11.4683
BLOCK12/SES128/SA128S24	SES087	-2.41041	9.58305	11.9935
BLOCK12/SES128/SA128S24	SES120	-2.02815	9.96531	11.9935
BLOCK12/SES128/SA128S24	SES206	-1.57689	10.4166	11.9935
BLOCK12/SES128/SA128S24	SES226	-2.65512	9.33835	11.9935
BLOCK12/SES128/SA128S27	SES099	-1.22589	11.8866	13.1125
BLOCK12/SES128/SA128S27	SES120	-1.46538	11.6471	13.1125
BLOCK12/SES128/SA128S27	SES206	-1.94894	11.1636	13.1125
BLOCK12/SES128/SA128S27	SES226	-1.68722	11.4253	13.1125
BLOCK13/SES130/SA130S13	SES143	-1.14695	11.3155	12.4624
BLOCK13/SES130/SA130S13	SES144	-0.582497	11.8799	12.4624
BLOCK13/SES130/SA130S13	SES146	-1.60146	10.8609	12.4624
BLOCK13/SES130/SA130S13	SES275	-3.0629	9.39951	12.4624
BLOCK13/SES130/SA130S15	SES143	-2.59256	11.2337	13.8263
BLOCK13/SES130/SA130S15	SES144	-0.866936	12.9594	13.8263
BLOCK13/SES130/SA130S15	SES146	-1.5387	12.2876	13.8263
BLOCK13/SES130/SA130S15	SES275	-2.2004	11.6259	13.8263
BLOCK13/SES130/SA130S23	SES127	-3.32519	8.76011	12.0853
BLOCK13/SES130/SA130S23	SES144	-2.10848	9.97683	12.0853
BLOCK13/SES130/SA130S23	SES146	-2.26378	9.82152	12.0853
BLOCK13/SES130/SA130S23	SES162	-1.91486	10.1704	12.0853
BLOCK13/SES130/SA130S25	SES127	-1.55747	12.0825	13.64
BLOCK13/SES130/SA130S25	SES144	-1.15525	12.4847	13.64
BLOCK13/SES130/SA130S25	SES146	-1.20403	12.436	13.64
BLOCK13/SES130/SA130S25	SES275	-1.32402	12.316	13.64
BLOCK13/SES130/SA130S28	SES127	-1.909	10.9625	12.8715
BLOCK13/SES130/SA130S28	SES144	-1.81335	11.0582	12.8715
BLOCK13/SES130/SA130S28	SES146	-1.52691	11.3446	12.8715
BLOCK13/SES130/SA130S28	SES275	-1.46624	11.4053	12.8715
BLOCK13/SES131/SA131S13	SES002	-2.79492	6.72209	9.51701
BLOCK13/SES131/SA131S13	SES007	-3.11581	6.4012	9.51701
BLOCK13/SES131/SA131S13	SES099	-2.19148	7.32553	9.51701
BLOCK13/SES131/SA131S13	SES105	-2.7107	6.80631	9.51701
BLOCK13/SES131/SA131S14	SES104	-1.04871	9.97586	11.0246
BLOCK13/SES131/SA131S14	SES106	-2.28479	8.73977	11.0246
BLOCK13/SES131/SA131S14	SES125	-1.99549	9.02907	11.0246
BLOCK13/SES131/SA131S14	SES148	-2.0763	8.94826	11.0246
BLOCK13/SES131/SA131S20	SES104	-2.79387	6.25814	9.05201
BLOCK13/SES131/SA131S20	SES106	-2.90708	6.14493	9.05201
BLOCK13/SES131/SA131S20	SES125	-3.52882	5.52319	9.05201
BLOCK13/SES131/SA131S20	SES148	-2.67749	6.37452	9.05201
BLOCK13/SES131/SA131S22	SES099	-2.42864	8.57009	10.9987
BLOCK13/SES131/SA131S22	SES104	-2.67942	8.3193	10.9987
BLOCK13/SES131/SA131S22	SES125	-2.8079	8.19083	10.9987
BLOCK13/SES131/SA131S22	SES206	-3.35317	7.64556	10.9987
BLOCK13/SES131/SA131S29	SES087	-2.74304	7.2818	10.0248
BLOCK13/SES131/SA131S29	SES104	-4.00419	6.02065	10.0248
BLOCK13/SES131/SA131S29	SES125	-3.75102	6.27382	10.0248
BLOCK13/SES131/SA131S29	SES206	-3.75021	6.27463	10.0248
BLOCK13/SES132/SA132S11	SES083	-2.91133	10.3164	13.2277
BLOCK13/SES132/SA132S11	SES120	-0.828918	12.3988	13.2277
BLOCK13/SES132/SA132S11	SES127	-2.56273	10.665	13.2277
BLOCK13/SES132/SA132S11	SES275	-1.77251	11.4552	13.2277
BLOCK13/SES132/SA132S12	SES083	-3.31374	10.2366	13.5503
BLOCK13/SES132/SA132S12	SES143	-2.01244	11.5378	13.5503
BLOCK13/SES132/SA132S12	SES144	-2.23499	11.3153	13.5503
BLOCK13/SES132/SA132S12	SES148	-1.62061	11.9297	13.5503
BLOCK13/SES132/SA132S22	SES062	-1.67833	11.659	13.3373
BLOCK13/SES132/SA132S22	SES083	-2.39103	10.9462	13.3373
BLOCK13/SES132/SA132S22	SES127	-2.07301	11.2643	13.3373
BLOCK13/SES132/SA132S22	SES275	-1.36133	11.976	13.3373
BLOCK13/SES132/SA132S24	SES007	-1.69037	12.5079	14.1982
BLOCK13/SES132/SA132S24	SES083	-2.89212	11.3061	14.1982
BLOCK13/SES132/SA132S24	SES127	-2.88927	11.309	14.1982
BLOCK13/SES132/SA132S24	SES275	-1.41823	12.78	14.1982
BLOCK13/SES132/SA132S27	SES083	-3.29662	9.55488	12.8515
BLOCK13/SES132/SA132S27	SES120	-0.592241	12.2593	12.8515
BLOCK13/SES132/SA132S27	SES127	-2.89663	9.95487	12.8515
BLOCK13/SES132/SA132S27	SES275	-2.50623	10.3453	12.8515
BLOCK14/SES141/SA141S09	SES143	-2.19588	10.9132	13.109
BLOCK14/SES141/SA141S09	SES144	-1.54615	11.5629	13.109
BLOCK14/SES141/SA141S09	SES162	-2.09875	11.0103	13.109
BLOCK14/SES141/SA141S09	SES180	-2.55071	10.5583	13.109
BLOCK14/SES141/SA141S15	SES127	-2.14909	10.8953	13.0444
BLOCK14/SES141/SA141S15	SES144	-1.8915	11.1529	13.0444
BLOCK14/SES141/SA141S15	SES162	-2.47907	10.5653	13.0444
BLOCK14/SES141/SA141S15	SES180	-2.39162	10.6528	13.0444
BLOCK14/SES141/SA141S24	SES127	-1.86305	11.2822	13.1453
BLOCK14/SES141/SA141S24	SES144	-2.73608	10.4092	13.1453
BLOCK14/SES141/SA141S24	SES162	-2.34232	10.8029	13.1453
BLOCK14/SES141/SA141S24	SES183	-2.75245	10.3928	13.1453
BLOCK14/SES141/SA141S26	SES142	-1.61211	11.4582	13.0703
BLOCK14/SES141/SA141S26	SES144	-2.01795	11.0524	13.0703
BLOCK14/SES141/SA141S26	SES172	-1.66803	11.4023	13.0703
BLOCK14/SES141/SA141S26	SES180	-2.22755	10.8428	13.0703
BLOCK14/SES141/SA141S29	SES127	-0.926864	12.4359	13.3628
BLOCK14/SES141/SA141S29	SES142	-1.45575	11.907	13.3628
BLOCK14/SES141/SA141S29	SES144	-1.65999	11.7028	13.3628
BLOCK14/SES141/SA141S29	SES180	-2.1228	11.24	13.3628
BLOCK15/SES157/SA157S08	SES083	-2.9612	10.0331	12.9943
BLOCK15/SES157/SA157S08	SES127	-2.03765	10.9567	12.9943
BLOCK15/SES157/SA157S08	SES148	-2.44384	10.5505	12.9943
BLOCK15/SES157/SA157S08	SES292	-3.20935	9.78497	12.9943
BLOCK15/SES157/SA157S11	SES083	-3.12336	10.1848	13.3082
BLOCK15/SES157/SA157S11	SES127	-2.10099	11.2072	13.3082
BLOCK15/SES157/SA157S11	SES148	-2.95107	10.3571	13.3082
BLOCK15/SES157/SA157S11	SES292	-2.91663	10.3915	13.3082
BLOCK15/SES157/SA157S21	SES127	-1.66329	11.9657	13.629
BLOCK15/SES157/SA157S21	SES148	-0.867487	12.7615	13.629
BLOCK15/SES157/SA157S21	SES158	-6.14788	7.48107	13.629
BLOCK15/SES157/SA157S21	SES292	-2.18066	11.4483	13.629
BLOCK15/SES157/SA157S24	SES127	-1.53206	12.1045	13.6366
BLOCK15/SES157/SA157S24	SES148	-2.1644	11.4722	13.6366
BLOCK15/SES157/SA157S24	SES183	-2.13264	11.504	13.6366
BLOCK15/SES157/SA157S24	SES292	-3.0188	10.6178	13.6366
BLOCK15/SES157/SA157S26	SES007	-1.53976	11.875	13.4148
BLOCK15/SES157/SA157S26	SES127	-1.84376	11.571	13.4148
BLOCK15/SES157/SA157S26	SES147	-2.56333	10.8514	13.4148
BLOCK15/SES157/SA157S26	SES148	-2.11578	11.299	13.4148
BLOCK16/SES161/SA161S10	SES007	-2.63225	8.13088	10.7631
BLOCK16/SES161/SA161S10	SES105	-1.86209	8.90104	10.7631
BLOCK16/SES161/SA161S10	SES158	-2.64002	8.12311	10.7631
BLOCK16/SES161/SA161S10	SES275	-1.7588	9.00433	10.7631
BLOCK16/SES161/SA161S12	SES007	-2.84807	8.09035	10.9384
BLOCK16/SES161/SA161S12	SES105	-3.12263	7.81579	10.9384
BLOCK16/SES161/SA161S12	SES158	-2.14981	8.78861	10.9384
BLOCK16/SES161/SA161S12	SES275	-2.17319	8.76523	10.9384
BLOCK16/SES161/SA161S20	SES007	-2.22495	7.6221	9.84705
BLOCK16/SES161/SA161S20	SES105	-2.91904	6.92801	9.84705
BLOCK16/SES161/SA161S20	SES158	-2.51171	7.33534	9.84705
BLOCK16/SES161/SA161S20	SES275	-2.22009	7.62696	9.84705
BLOCK16/SES161/SA161S23	SES007	-3.55506	7.75806	11.3131
BLOCK16/SES161/SA161S23	SES105	-2.30134	9.01178	11.3131
BLOCK16/SES161/SA161S23	SES148	-2.81957	8.49356	11.3131
BLOCK16/SES161/SA161S23	SES158	-3.48814	7.82499	11.3131
BLOCK16/SES161/SA161S28	SES007	-3.238	8.26893	11.5069
BLOCK16/SES161/SA161S28	SES105	-3.1693	8.33763	11.5069
BLOCK16/SES161/SA161S28	SES158	-2.11791	9.38902	11.5069
BLOCK16/SES161/SA161S28	SES206	-2.91308	8.59385	11.5069
BLOCK16/SES164/SA164S11	SES104	-1.9642	10.3465	12.3107
BLOCK16/SES164/SA164S11	SES125	-1.15356	11.1571	12.3107
BLOCK16/SES164/SA164S11	SES158	-1.2424	11.0683	12.3107
BLOCK16/SES164/SA164S11	SES206	-2.88365	9.42703	12.3107
BLOCK16/SES164/SA164S13	SES099	-1.97383	9.1971	11.1709
BLOCK16/SES164/SA164S13	SES104	-2.65179	8.51915	11.1709
BLOCK16/SES164/SA164S13	SES125	-2.88297	8.28796	11.1709
BLOCK16/SES164/SA164S13	SES206	-2.83686	8.33408	11.1709
BLOCK16/SES164/SA164S24	SES002	-0.867973	10.4735	11.3414
BLOCK16/SES164/SA164S24	SES099	-1.73344	9.608	11.3414
BLOCK16/SES164/SA164S24	SES125	-2.37342	8.96801	11.3414
BLOCK16/SES164/SA164S24	SES226	-0.699368	10.6421	11.3414
BLOCK16/SES164/SA164S27	SES087	-2.7325	8.6058	11.3383
BLOCK16/SES164/SA164S27	SES125	-2.66975	8.66855	11.3383
BLOCK16/SES164/SA164S27	SES206	-3.28185	8.05645	11.3383
BLOCK16/SES164/SA164S27	SES226	-2.01934	9.31896	11.3383
BLOCK16/SES164/SA164S29	SES002	-0.468399	10.7962	11.2646
BLOCK16/SES164/SA164S29	SES019	-2.63636	8.62828	11.2646
BLOCK16/SES164/SA164S29	SES125	-1.88592	9.37872	11.2646
BLOCK16/SES164/SA164S29	SES226	-2.55837	8.70627	11.2646
BLOCK16/SES169/SA169S13	SES117	-2.21533	10.289	12.5044
BLOCK16/SES169/SA169S13	SES144	-2.25539	10.249	12.5044
BLOCK16/SES169/SA169S13	SES146	-2.11162	10.3927	12.5044
BLOCK16/SES169/SA169S13	SES162	-1.54675	10.9576	12.5044
BLOCK16/SES169/SA169S14	SES144	-2.03565	11.4046	13.4403
BLOCK16/SES169/SA169S14	SES148	-2.73528	10.705	13.4403
BLOCK16/SES169/SA169S14	SES177	-1.81391	11.6264	13.4403
BLOCK16/SES169/SA169S14	SES180	-2.49391	10.9464	13.4403
BLOCK16/SES169/SA169S24	SES117	-2.09626	9.47226	11.5685
BLOCK16/SES169/SA169S24	SES144	-1.42762	10.1409	11.5685
BLOCK16/SES169/SA169S24	SES146	-1.29796	10.2706	11.5685
BLOCK16/SES169/SA169S24	SES162	-1.46744	10.1011	11.5685
BLOCK16/SES169/SA169S27	SES127	-1.91968	10.2525	12.1722
BLOCK16/SES169/SA169S27	SES129	-2.15058	10.0216	12.1722
BLOCK16/SES169/SA169S27	SES144	-2.44521	9.72695	12.1722
BLOCK16/SES169/SA169S27	SES146	-1.07936	11.0928	12.1722
BLOCK16/SES169/SA169S29	SES144	-1.47469	11.8684	13.3431
BLOCK16/SES169/SA169S29	SES162	-0.829548	12.5135	13.3431
BLOCK16/SES169/SA169S29	SES177	-2.50734	10.8358	13.3431
BLOCK16/SES169/SA169S29	SES180	-1.73044	11.6127	13.3431
BLOCK17/SES171/SA171S12	SES083	-2.08408	9.96441	12.0485
BLOCK17/SES171/SA171S12	SES148	-2.75707	9.29142	12.0485
BLOCK17/SES171/SA171S12	SES172	-2.06397	9.98452	12.0485
BLOCK17/SES171/SA171S12	SES292	-3.19379	8.8547	12.0485
BLOCK17/SES171/SA171S15	SES148	-2.89842	8.48874	11.3872
BLOCK17/SES171/SA171S15	SES177	-1.5336	9.85357	11.3872
BLOCK17/SES171/SA171S15	SES180	-3.49663	7.89053	11.3872
BLOCK17/SES171/SA171S15	SES292	-2.80675	8.58042	11.3872
BLOCK17/SES171/SA171S22	SES007	-2.06935	11.431	13.5004
BLOCK17/SES171/SA171S22	SES148	-2.40629	11.0941	13.5004
BLOCK17/SES171/SA171S22	SES177	-1.45988	12.0405	13.5004
BLOCK17/SES171/SA171S22	SES180	-3.24188	10.2585	13.5004
BLOCK17/SES171/SA171S25	SES101	-2.5889	9.28073	11.8696
BLOCK17/SES171/SA171S25	SES120	-3.67066	8.19897	11.8696
BLOCK17/SES171/SA171S25	SES177	-1.8683	10.0013	11.8696
BLOCK17/SES171/SA171S25	SES180	-2.84842	9.02121	11.8696
BLOCK17/SES171/SA171S27	SES177	-1.37352	10.9251	12.2987
BLOCK17/SES171/SA171S27	SES180	-2.97066	9.328	12.2987
BLOCK17/SES171/SA171S27	SES189	-2.08143	10.2172	12.2987
BLOCK17/SES171/SA171S27	SES292	-2.66501	9.63366	12.2987
BLOCK17/SES173/SA173S13	SES162	-4.20537	8.09141	12.2968
BLOCK17/SES173/SA173S13	SES177	-2.13131	10.1655	12.2968
BLOCK17/SES173/SA173S13	SES180	-3.42102	8.87575	12.2968
BLOCK17/SES173/SA173S13	SES292	-1.17293	11.1238	12.2968
BLOCK17/SES173/SA173S14	SES007	-2.38397	9.03512	11.4191
BLOCK17/SES173/SA173S14	SES162	-3.84756	7.57153	11.4191
BLOCK17/SES173/SA173S14	SES177	-2.02456	9.39453	11.4191
BLOCK17/SES173/SA173S14	SES180	-3.25754	8.16155	11.4191
BLOCK17/SES173/SA173S24	SES144	-3.16663	8.15105	11.3177
BLOCK17/SES173/SA173S24	SES162	-3.11657	8.20111	11.3177
BLOCK17/SES173/SA173S24	SES177	-1.99898	9.3187	11.3177
BLOCK17/SES173/SA173S24	SES180	-3.32644	7.99124	11.3177
BLOCK17/SES173/SA173S27	SES162	-4.09329	8.40767	12.501
BLOCK17/SES173/SA173S27	SES177	-2.20156	10.2994	12.501
BLOCK17/SES173/SA173S27	SES180	-2.94066	9.56029	12.501
BLOCK17/SES173/SA173S27	SES292	-1.386	11.115	12.501
BLOCK17/SES173/SA173S29	SES162	-2.92905	9.4867	12.4157
BLOCK17/SES173/SA173S29	SES175	-2.30057	10.1152	12.4157
BLOCK17/SES173/SA173S29	SES177	-1.64366	10.7721	12.4157
BLOCK17/SES173/SA173S29	SES292	-2.69865	9.7171	12.4157
BLOCK18/SES182/SA182S10	SES144	-1.63746	10.6501	12.2876
BLOCK18/SES182/SA182S10	SES177	-1.83165	10.4559	12.2876
BLOCK18/SES182/SA182S10	SES180	-3.46503	8.82255	12.2876
BLOCK18/SES182/SA182S10	SES275	-1.14824	11.1393	12.2876
BLOCK18/SES182/SA182S12	SES144	-0.885384	11.4456	12.331
BLOCK18/SES182/SA182S12	SES177	-1.48605	10.8449	12.331
BLOCK18/SES182/SA182S12	SES180	-2.02138	10.3096	12.331
BLOCK18/SES182/SA182S12	SES275	-0.806004	11.525	12.331
BLOCK18/SES182/SA182S21	SES117	-2.10015	9.56463	11.6648
BLOCK18/SES182/SA182S21	SES144	-1.84285	9.82193	11.6648
BLOCK18/SES182/SA182S21	SES162	-1.45813	10.2067	11.6648
BLOCK18/SES182/SA182S21	SES180	-3.14624	8.51854	11.6648
BLOCK18/SES182/SA182S23	SES117	-1.78993	10.4234	12.2134
BLOCK18/SES182/SA182S23	SES144	-2.30362	9.90975	12.2134
BLOCK18/SES182/SA182S23	SES180	-2.78918	9.4242	12.2134
BLOCK18/SES182/SA182S23	SES275	-1.46582	10.7475	12.2134
BLOCK18/SES182/SA182S25	SES007	-0.605054	11.715	12.3201
BLOCK18/SES182/SA182S25	SES162	-1.36675	10.9533	12.3201
BLOCK18/SES182/SA182S25	SES177	-1.65195	10.6681	12.3201
BLOCK18/SES182/SA182S25	SES180	-2.64324	9.67682	12.3201
BLOCK18/SES184/SA184S12	SES177	-2.681	10.1655	12.8465
BLOCK18/SES184/SA184S12	SES180	-2.65298	10.1936	12.8465
BLOCK18/SES184/SA184S12	SES189	-3.09095	9.75559	12.8465
BLOCK18/SES184/SA184S12	SES292	-2.44434	10.4022	12.8465
BLOCK18/SES184/SA184S13	SES101	-2.42207	10.2711	12.6931
BLOCK18/SES184/SA184S13	SES177	-2.438	10.2551	12.6931
BLOCK18/SES184/SA184S13	SES180	-2.24232	10.4508	12.6931
BLOCK18/SES184/SA184S13	SES292	-3.04235	9.65077	12.6931
BLOCK18/SES184/SA184S22	SES177	-2.67551	11.7379	14.4134
BLOCK18/SES184/SA184S22	SES180	-2.36007	12.0533	14.4134
BLOCK18/SES184/SA184S22	SES189	-3.54829	10.8651	14.4134
BLOCK18/SES184/SA184S22	SES292	-3.05885	11.3546	14.4134
BLOCK18/SES184/SA184S25	SES101	-1.91758	12.2811	14.1986
BLOCK18/SES184/SA184S25	SES177	-2.80341	11.3952	14.1986
BLOCK18/SES184/SA184S25	SES180	-2.20824	11.9904	14.1986
BLOCK18/SES184/SA184S25	SES292	-1.92955	12.2691	14.1986
BLOCK18/SES184/SA184S27	SES083	-2.25949	10.0315	12.291
BLOCK18/SES184/SA184S27	SES177	-1.78065	10.5103	12.291
BLOCK18/SES184/SA184S27	SES202	-2.50389	9.78709	12.291
BLOCK18/SES184/SA184S27	SES292	-2.48985	9.80113	12.291
BLOCK20/SES204/SA204S12	SES062	-1.46129	12.2889	13.7501
BLOCK20/SES204/SA204S12	SES083	-3.33564	10.4145	13.7501
BLOCK20/SES204/SA204S12	SES206	-1.88924	11.8609	13.7501
BLOCK20/SES204/SA204S12	SES226	-3.11943	10.6307	13.7501
BLOCK20/SES204/SA204S14	SES068	-1.31805	13.4506	14.7687
BLOCK20/SES204/SA204S14	SES087	-1.01484	13.7538	14.7687
BLOCK20/SES204/SA204S14	SES206	-2.17327	12.5954	14.7687
BLOCK20/SES204/SA204S14	SES226	-3.5606	11.2081	14.7687
BLOCK20/SES204/SA204S22	SES068	-1.88516	12.1636	14.0488
BLOCK20/SES204/SA204S22	SES082	-4.34336	9.70541	14.0488
BLOCK20/SES204/SA204S22	SES083	-4.44006	9.6087	14.0488
BLOCK20/SES204/SA204S22	SES206	-2.8006	11.2482	14.0488
BLOCK20/SES204/SA204S25	SES062	-2.30142	11.5552	13.8566
BLOCK20/SES204/SA204S25	SES083	-3.58884	10.2678	13.8566
BLOCK20/SES204/SA204S25	SES206	-1.87234	11.9843	13.8566
BLOCK20/SES204/SA204S25	SES226	-3.12334	10.7333	13.8566
BLOCK20/SES204/SA204S27	SES068	-1.92701	11.3129	13.2399
BLOCK20/SES204/SA204S27	SES082	-3.93617	9.30369	13.2399
BLOCK20/SES204/SA204S27	SES087	-1.91227	11.3276	13.2399
BLOCK20/SES204/SA204S27	SES206	-2.68692	10.5529	13.2399
BLOCK20/SES207/SA207S10	SES127	-2.57764	9.57314	12.1508
BLOCK20/SES207/SA207S10	SES183	-2.66693	9.48385	12.1508
BLOCK20/SES207/SA207S10	SES189	-2.4053	9.74548	12.1508
BLOCK20/SES207/SA207S10	SES292	-2.626	9.52478	12.1508
BLOCK20/SES207/SA207S11	SES127	-2.83378	8.83717	11.6709
BLOCK20/SES207/SA207S11	SES183	-2.20481	9.46614	11.6709
BLOCK20/SES207/SA207S11	SES187	-2.54533	9.12561	11.6709
BLOCK20/SES207/SA207S11	SES292	-1.60266	10.0683	11.6709
BLOCK20/SES207/SA207S25	SES068	-2.18879	10.188	12.3768
BLOCK20/SES207/SA207S25	SES083	-2.83267	9.54417	12.3768
BLOCK20/SES207/SA207S25	SES127	-1.57996	10.7969	12.3768
BLOCK20/SES207/SA207S25	SES187	-2.12846	10.2484	12.3768
BLOCK20/SES207/SA207S27	SES127	-3.31626	7.8714	11.1877
BLOCK20/SES207/SA207S27	SES183	-1.92551	9.26215	11.1877
BLOCK20/SES207/SA207S27	SES187	-2.43581	8.75186	11.1877
BLOCK20/SES207/SA207S27	SES292	-3.05927	8.12839	11.1877
BLOCK20/SES207/SA207S29	SES083	-2.90106	9.8055	12.7066
BLOCK20/SES207/SA207S29	SES085	-2.21784	10.4887	12.7066
BLOCK20/SES207/SA207S29	SES172	-1.72671	10.9799	12.7066
BLOCK20/SES207/SA207S29	SES189	-2.995	9.71157	12.7066
BLOCK22/SES221/SA221S12	SES068	-1.16536	12.7478	13.9131
BLOCK22/SES221/SA221S12	SES143	-2.56865	11.3445	13.9131
BLOCK22/SES221/SA221S12	SES175	-1.29493	12.6182	13.9131
BLOCK22/SES221/SA221S12	SES202	-2.29573	11.6174	13.9131
BLOCK22/SES221/SA221S15	SES085	-1.30842	11.1114	12.4198
BLOCK22/SES221/SA221S15	SES143	-2.93674	9.48309	12.4198
BLOCK22/SES221/SA221S15	SES175	-1.28904	11.1308	12.4198
BLOCK22/SES221/SA221S15	SES187	-2.18012	10.2397	12.4198
BLOCK22/SES221/SA221S23	SES068	-1.48166	11.6854	13.167
BLOCK22/SES221/SA221S23	SES143	-2.24062	10.9264	13.167
BLOCK22/SES221/SA221S23	SES175	-0.784799	12.3822	13.167
BLOCK22/SES221/SA221S23	SES189	-1.51521	11.6518	13.167
BLOCK22/SES221/SA221S27	SES085	-0.522906	12.5216	13.0445
BLOCK22/SES221/SA221S27	SES143	-2.0168	11.0277	13.0445
BLOCK22/SES221/SA221S27	SES175	-0.627295	12.4172	13.0445
BLOCK22/SES221/SA221S27	SES189	-0.634885	12.4096	13.0445
BLOCK22/SES221/SA221S29	SES085	-0.917582	10.7209	11.6385
BLOCK22/SES221/SA221S29	SES143	-1.67913	9.95937	11.6385
BLOCK22/SES221/SA221S29	SES175	-0.864247	10.7743	11.6385
BLOCK22/SES221/SA221S29	SES187	-1.91672	9.72178	11.6385
BLOCK22/SES223/SA223S11	SES143	-2.03806	8.76771	10.8058
BLOCK22/SES223/SA223S11	SES144	-4.05001	6.75577	10.8058
BLOCK22/SES223/SA223S11	SES175	-1.41763	9.38814	10.8058
BLOCK22/SES223/SA223S11	SES187	-3.31851	7.48727	10.8058
BLOCK22/SES223/SA223S13	SES068	-1.91454	8.89879	10.8133
BLOCK22/SES223/SA223S13	SES143	-3.10526	7.70807	10.8133
BLOCK22/SES223/SA223S13	SES146	-3.00087	7.81246	10.8133
BLOCK22/SES223/SA223S13	SES202	-3.21101	7.60232	10.8133
BLOCK22/SES223/SA223S22	SES143	-1.83119	9.85791	11.6891
BLOCK22/SES223/SA223S22	SES144	-3.71145	7.97766	11.6891
BLOCK22/SES223/SA223S22	SES175	-1.67387	10.0152	11.6891
BLOCK22/SES223/SA223S22	SES187	-1.75577	9.93333	11.6891
BLOCK22/SES223/SA223S25	SES068	-2.18441	9.94792	12.1323
BLOCK22/SES223/SA223S25	SES143	-2.94471	9.18762	12.1323
BLOCK22/SES223/SA223S25	SES175	-1.37657	10.7558	12.1323
BLOCK22/SES223/SA223S25	SES187	-2.74428	9.38805	12.1323
BLOCK22/SES223/SA223S27	SES143	-2.07661	8.56452	10.6411
BLOCK22/SES223/SA223S27	SES146	-2.20086	8.44026	10.6411
BLOCK22/SES223/SA223S27	SES187	-2.8114	7.82972	10.6411
BLOCK22/SES223/SA223S27	SES292	-1.54502	9.0961	10.6411
BLOCK27/SES273/SA273S12	SES099	-0.843945	13.6387	14.4826
BLOCK27/SES273/SA273S12	SES104	-1.28869	13.1939	14.4826
BLOCK27/SES273/SA273S12	SES125	-2.1465	12.3361	14.4826
BLOCK27/SES273/SA273S12	SES206	-1.20094	13.2817	14.4826
BLOCK27/SES273/SA273S13	SES099	-1.36331	13.5484	14.9117
BLOCK27/SES273/SA273S13	SES104	-1.85746	13.0543	14.9117
BLOCK27/SES273/SA273S13	SES206	-1.76206	13.1497	14.9117
BLOCK27/SES273/SA273S13	SES292	-2.06134	12.8504	14.9117
BLOCK27/SES273/SA273S21	SES099	-1.08073	13.2378	14.3186
BLOCK27/SES273/SA273S21	SES148	-3.06492	11.2536	14.3186
BLOCK27/SES273/SA273S21	SES149	-2.66441	11.6542	14.3186
BLOCK27/SES273/SA273S21	SES177	-2.64522	11.6733	14.3186
BLOCK27/SES273/SA273S25	SES104	-1.94424	11.9808	13.925
BLOCK27/SES273/SA273S25	SES125	-1.99302	11.932	13.925
BLOCK27/SES273/SA273S25	SES158	-1.33028	12.5947	13.925
BLOCK27/SES273/SA273S25	SES206	-1.19105	12.734	13.925
BLOCK27/SES273/SA273S27	SES099	-1.0532	12.8941	13.9473
BLOCK27/SES273/SA273S27	SES104	-1.64674	12.3005	13.9473
BLOCK27/SES273/SA273S27	SES149	-1.76932	12.1779	13.9473
BLOCK27/SES273/SA273S27	SES275	-2.20613	11.7411	13.9473
BLOCK27/SES274/SA274S10	SES105	-2.64412	10.9583	13.6024
BLOCK27/SES274/SA274S10	SES125	-3.71915	9.88322	13.6024
BLOCK27/SES274/SA274S10	SES129	-1.28735	12.315	13.6024
BLOCK27/SES274/SA274S10	SES158	-4.3258	9.27657	13.6024
BLOCK27/SES274/SA274S11	SES105	-1.82858	12.0906	13.9192
BLOCK27/SES274/SA274S11	SES149	-2.84918	11.07	13.9192
BLOCK27/SES274/SA274S11	SES158	-3.22389	10.6953	13.9192
BLOCK27/SES274/SA274S11	SES275	-1.23603	12.6832	13.9192
BLOCK27/SES274/SA274S21	SES105	-3.26402	9.96581	13.2298
BLOCK27/SES274/SA274S21	SES129	-1.44103	11.7888	13.2298
BLOCK27/SES274/SA274S21	SES149	-2.08503	11.1448	13.2298
BLOCK27/SES274/SA274S21	SES158	-5.7875	7.44234	13.2298
BLOCK27/SES274/SA274S24	SES105	-2.43419	12.0438	14.4779
BLOCK27/SES274/SA274S24	SES129	-1.18825	13.2897	14.4779
BLOCK27/SES274/SA274S24	SES149	-2.95061	11.5273	14.4779
BLOCK27/SES274/SA274S24	SES158	-5.97334	8.50461	14.4779
BLOCK27/SES274/SA274S29	SES105	-2.67355	10.6022	13.2757
BLOCK27/SES274/SA274S29	SES106	-4.18998	9.08577	13.2757
BLOCK27/SES274/SA274S29	SES120	-1.97137	11.3044	13.2757
BLOCK27/SES274/SA274S29	SES275	-1.74378	11.532	13.2757
BLOCK27/SES276/SA276S16	SES148	-3.17748	9.61812	12.7956
BLOCK27/SES276/SA276S16	SES172	-2.46193	10.3337	12.7956
BLOCK27/SES276/SA276S16	SES180	-3.13432	9.66128	12.7956
BLOCK27/SES276/SA276S16	SES292	-2.43184	10.3638	12.7956
BLOCK27/SES276/SA276S17	SES101	-1.99073	11.3114	13.3022
BLOCK27/SES276/SA276S17	SES177	-2.80973	10.4924	13.3022
BLOCK27/SES276/SA276S17	SES180	-2.41893	10.8832	13.3022
BLOCK27/SES276/SA276S17	SES292	-2.30566	10.9965	13.3022
BLOCK27/SES276/SA276S24	SES101	-1.78547	12.312	14.0974
BLOCK27/SES276/SA276S24	SES177	-1.85729	12.2401	14.0974
BLOCK27/SES276/SA276S24	SES180	-2.51605	11.5814	14.0974
BLOCK27/SES276/SA276S24	SES292	-3.12732	10.9701	14.0974
BLOCK27/SES276/SA276S26	SES101	-2.87249	11.8528	14.7253
BLOCK27/SES276/SA276S26	SES177	-1.48242	13.2429	14.7253
BLOCK27/SES276/SA276S26	SES180	-0.867881	13.8574	14.7253
BLOCK27/SES276/SA276S26	SES292	-1.3644	13.3609	14.7253
BLOCK27/SES276/SA276S28	SES101	-2.07136	11.7944	13.8657
BLOCK27/SES276/SA276S28	SES177	-2.15026	11.7155	13.8657
BLOCK27/SES276/SA276S28	SES180	-1.14098	12.7247	13.8657
BLOCK27/SES276/SA276S28	SES292	-2.03729	11.8284	13.8657
BLOCK27/SES277/SA277S12	SES101	-1.73871	9.69849	11.4372
BLOCK27/SES277/SA277S12	SES177	-2.71931	8.7179	11.4372
BLOCK27/SES277/SA277S12	SES180	-3.31695	8.12025	11.4372
BLOCK27/SES277/SA277S12	SES292	-3.31127	8.12593	11.4372
BLOCK27/SES277/SA277S14	SES177	-2.01795	8.59103	10.609
BLOCK27/SES277/SA277S14	SES180	-3.42069	7.18829	10.609
BLOCK27/SES277/SA277S14	SES189	-1.16517	9.4438	10.609
BLOCK27/SES277/SA277S14	SES292	-3.49309	7.11588	10.609
BLOCK27/SES277/SA277S21	SES177	-1.11328	11.3334	12.4467
BLOCK27/SES277/SA277S21	SES180	-2.55906	9.88762	12.4467
BLOCK27/SES277/SA277S21	SES189	-0.920056	11.5266	12.4467
BLOCK27/SES277/SA277S21	SES292	-2.90681	9.53987	12.4467
BLOCK27/SES277/SA277S24	SES144	-2.37738	8.31565	10.693
BLOCK27/SES277/SA277S24	SES177	-1.84136	8.85167	10.693
BLOCK27/SES277/SA277S24	SES180	-3.31975	7.37328	10.693
BLOCK27/SES277/SA277S24	SES189	-1.58043	9.1126	10.693
BLOCK27/SES277/SA277S29	SES177	-1.91229	11.5717	13.4839
BLOCK27/SES277/SA277S29	SES180	-2.84492	10.639	13.4839
BLOCK27/SES277/SA277S29	SES202	-2.17437	11.3096	13.4839
BLOCK27/SES277/SA277S29	SES292	-3.08316	10.4008	13.4839
BLOCK27/SES279/SA279S09	SES120	-2.0262	11.2912	13.3174
BLOCK27/SES279/SA279S09	SES146	-2.57553	10.7419	13.3174
BLOCK27/SES279/SA279S09	SES206	-2.47644	10.841	13.3174
BLOCK27/SES279/SA279S09	SES226	-4.09846	9.21899	13.3174
BLOCK27/SES279/SA279S10	SES099	-1.18001	12.0858	13.2658
BLOCK27/SES279/SA279S10	SES206	-1.51767	11.7482	13.2658
BLOCK27/SES279/SA279S10	SES226	-2.91239	10.3535	13.2658
BLOCK27/SES279/SA279S10	SES292	-0.966988	12.2989	13.2658
BLOCK27/SES279/SA279S20	SES099	-2.68176	10.8175	13.4992
BLOCK27/SES279/SA279S20	SES206	-1.27282	12.2264	13.4992
BLOCK27/SES279/SA279S20	SES226	-3.33087	10.1683	13.4992
BLOCK27/SES279/SA279S20	SES292	-1.3052	12.194	13.4992
BLOCK27/SES279/SA279S26	SES099	-2.00489	11.4714	13.4763
BLOCK27/SES279/SA279S26	SES206	-1.0887	12.3876	13.4763
BLOCK27/SES279/SA279S26	SES226	-3.11759	10.3587	13.4763
BLOCK27/SES279/SA279S26	SES292	-1.28779	12.1885	13.4763
BLOCK27/SES279/SA279S28	SES099	-1.6129	13.395	15.0079
BLOCK27/SES279/SA279S28	SES120	-1.58073	13.4272	15.0079
BLOCK27/SES279/SA279S28	SES177	-1.88132	13.1266	15.0079
BLOCK27/SES279/SA279S28	SES206	-1.71873	13.2892	15.0079
BLOCK29/SES290/SA290S12	SES162	-1.32955	11.4713	12.8008
BLOCK29/SES290/SA290S12	SES177	-1.21775	11.5831	12.8008
BLOCK29/SES290/SA290S12	SES180	-2.18893	10.6119	12.8008
BLOCK29/SES290/SA290S12	SES292	-2.26039	10.5404	12.8008
BLOCK29/SES290/SA290S13	SES007	-1.73981	11.3048	13.0446
BLOCK29/SES290/SA290S13	SES162	-2.99425	10.0504	13.0446
BLOCK29/SES290/SA290S13	SES177	-1.45732	11.5873	13.0446
BLOCK29/SES290/SA290S13	SES180	-1.80086	11.2438	13.0446
BLOCK29/SES290/SA290S22	SES177	-1.41928	10.9201	12.3394
BLOCK29/SES290/SA290S22	SES180	-1.97781	10.3616	12.3394
BLOCK29/SES290/SA290S22	SES202	-1.94581	10.3936	12.3394
BLOCK29/SES290/SA290S22	SES292	-2.77349	9.56591	12.3394
BLOCK29/SES290/SA290S25	SES162	-1.70745	11.6298	13.3372
BLOCK29/SES290/SA290S25	SES177	-1.64959	11.6876	13.3372
BLOCK29/SES290/SA290S25	SES180	-1.81062	11.5266	13.3372
BLOCK29/SES290/SA290S25	SES292	-1.58466	11.7525	13.3372
BLOCK29/SES290/SA290S29	SES177	-1.03316	12.0715	13.1046
BLOCK29/SES290/SA290S29	SES180	-1.60275	11.5019	13.1046
BLOCK29/SES290/SA290S29	SES275	-2.28821	10.8164	13.1046
BLOCK29/SES290/SA290S29	SES292	-2.15391	10.9507	13.1046
BLOCK29/SES291/SA291S11	SES105	-3.90233	7.834	11.7363
BLOCK29/SES291/SA291S11	SES125	-1.76915	9.96717	11.7363
BLOCK29/SES291/SA291S11	SES158	-2.13263	9.6037	11.7363
BLOCK29/SES291/SA291S11	SES275	-3.33784	8.39849	11.7363
BLOCK29/SES291/SA291S12	SES158	0.111285	12.0184	11.9071
BLOCK29/SES291/SA291S12	SES226	-2.08957	9.81752	11.9071
BLOCK29/SES291/SA291S12	SES270	0.143271	12.0504	11.9071
BLOCK29/SES291/SA291S12	SES275	-4.83557	7.07152	11.9071
BLOCK29/SES291/SA291S22	SES082	-2.0497	10.4465	12.4962
BLOCK29/SES291/SA291S22	SES158	-2.17028	10.3259	12.4962
BLOCK29/SES291/SA291S22	SES259	-3.05181	9.44436	12.4962
BLOCK29/SES291/SA291S22	SES275	-3.96921	8.52696	12.4962
BLOCK29/SES291/SA291S24	SES104	-0.705701	12.9126	13.6183
BLOCK29/SES291/SA291S24	SES125	-1.28437	12.3339	13.6183
BLOCK29/SES291/SA291S24	SES158	-1.08723	12.5311	13.6183
BLOCK29/SES291/SA291S24	SES275	-4.42336	9.19494	13.6183
BLOCK29/SES291/SA291S27	SES158	-0.562815	12.6051	13.1679
BLOCK29/SES291/SA291S27	SES172	-4.86551	8.3024	13.1679
BLOCK29/SES291/SA291S27	SES275	-4.55066	8.61725	13.1679
BLOCK29/SES291/SA291S27	SES292	-2.72054	10.4474	13.1679
