BLOCK00/SES002/SA002S12	SES002	0.863989	-7.30514	-8.16913
BLOCK00/SES002/SA002S13	SES002	1.47374	-7.36622	-8.83996
BLOCK00/SES002/SA002S23	SES002	0.536986	-7.59472	-8.1317
BLOCK00/SES002/SA002S26	SES002	0.734261	-8.38143	-9.11569
BLOCK00/SES002/SA002S28	SES002	0.212253	-7.79849	-8.01074
BLOCK00/SES007/SA007S14	SES007	0.56183	-6.07594	-6.63777
BLOCK00/SES007/SA007S15	SES007	0.247025	-7.04096	-7.28798
BLOCK00/SES007/SA007S24	SES007	0.590218	-6.39839	-6.98861
BLOCK00/SES007/SA007S27	SES007	0.0349951	-7.92801	-7.963
BLOCK00/SES007/SA007S29	SES007	-0.167489	-6.9027	-6.73522
BLOCK00/SES008/SA008S11	SES008	0.96652	-6.21506	-7.18158
BLOCK00/SES008/SA008S12	SES008	-0.360926	-7.44317	-7.08224
BLOCK00/SES008/SA008S19	SES008	0.904308	-6.60721	-7.51152
BLOCK00/SES008/SA008S22	SES008	0.355848	-7.24628	-7.60213
BLOCK00/SES008/SA008S29	SES008	0.929633	-6.30438	-7.23402
BLOCK01/SES014/SA014S10	SES014	0.690416	-6.97804	-7.66846
BLOCK01/SES014/SA014S12	SES014	1.34282	-6.26576	-7.60858
BLOCK01/SES014/SA014S24	SES014	1.39691	-7.11212	-8.50904
BLOCK01/SES014/SA014S26	SES014	1.24823	-6.30744	-7.55567
BLOCK01/SES014/SA014S28	SES014	1.65406	-5.54688	-7.20095
BLOCK01/SES016/SA016S12	SES016	0.403722	-8.78728	-9.191
BLOCK01/SES016/SA016S13	SES016	0.641949	-6.85405	-7.496
BLOCK01/SES016/SA016S22	SES016	0.847166	-6.47304	-7.3202
BLOCK01/SES016/SA016S25	SES016	1.22657	-5.07596	-6.30253
BLOCK01/SES016/SA016S27	SES016	1.17416	-6.0677	-7.24186
BLOCK01/SES019/SA019S13	SES019	2.9662	-5.84146	-8.80766
BLOCK01/SES019/SA019S14	SES019	1.00322	-7.84218	-8.8454
BLOCK01/SES019/SA019S22	SES019	1.98956	-6.40039	-8.38995
BLOCK01/SES019/SA019S25	SES019	1.97937	-6.86811	-8.84748
BLOCK01/SES019/SA019S29	SES019	3.11638	-6.62226	-9.73863
BLOCK02/SES029/SA029S11	SES029	0.393478	-5.98631	-6.37979
BLOCK02/SES029/SA029S12	SES029	-0.253551	-6.74793	-6.49437
BLOCK02/SES029/SA029S20	SES029	0.045289	-6.40292	-6.44821
BLOCK02/SES029/SA029S25	SES029	-0.11231	-7.14944	-7.03713
BLOCK02/SES029/SA029S28	SES029	0.162425	-6.59861	-6.76104
BLOCK04/SES042/SA042S12	SES042	1.16976	-6.40433	-7.57409
BLOCK04/SES042/SA042S15	SES042	1.38419	-5.65385	-7.03804
BLOCK04/SES042/SA042S22	SES042	2.25593	-6.70716	-8.96309
BLOCK04/SES042/SA042S25	SES042	0.980093	-8.24993	-9.23003
BLOCK04/SES042/SA042S27	SES042	1.92985	-6.60693	-8.53677
BLOCK04/SES048/SA048S11	SES048	0.234732	-6.20282	-6.43755
BLOCK04/SES048/SA048S12	SES048	0.0984907	-7.58896	-7.68745
BLOCK04/SES048/SA048S20	SES048	0.0629215	-6.43277	-6.49569
BLOCK04/SES048/SA048S23	SES048	0.707085	-6.42478	-7.13187
BLOCK04/SES048/SA048S27	SES048	0.373575	-7.11024	-7.48381
BLOCK06/SES060/SA060S11	SES060	0.875617	-6.64122	-7.51684
BLOCK06/SES060/SA060S12	SES060	0.421336	-7.72449	-8.14583
BLOCK06/SES060/SA060S22	SES060	-1.37669	-9.29854	-7.92185
BLOCK06/SES060/SA060S24	SES060	0.921411	-5.47726	-6.39867
BLOCK06/SES060/SA060S28	SES060	0.423107	-5.80263	-6.22574
BLOCK06/SES062/SA062S10	SES062	-0.308571	-7.05303	-6.74446
BLOCK06/SES062/SA062S11	SES062	-0.350691	-8.24653	-7.89584
BLOCK06/SES062/SA062S21	SES062	0.356812	-5.26919	-5.626
BLOCK06/SES062/SA062S26	SES062	0.0398822	-7.13653	-7.17641
BLOCK06/SES062/SA062S29	SES062	0.512435	-6.13671	-6.64915
BLOCK06/SES068/SA068S14	SES068	0.202569	-7.09368	-7.29625
BLOCK06/SES068/SA068S15	SES068	0.512928	-6.92588	-7.43881
BLOCK06/SES068/SA068S23	SES068	0.0618258	-7.37334	-7.43517
BLOCK06/SES068/SA068S27	SES068	1.23454	-6.12074	-7.35528
BLOCK06/SES068/SA068S29	SES068	0.30175	-7.15131	-7.45306
BLOCK08/SES082/SA082S12	SES082	-0.797724	-8.71623	-7.9185
BLOCK08/SES082/SA082S14	SES082	0.115848	-7.8828	-7.99865
BLOCK08/SES082/SA082S21	SES082	0.245705	-7.0956	-7.34131
BLOCK08/SES082/SA082S24	SES082	0.020658	-7.93836	-7.95901
BLOCK08/SES082/SA082S28	SES082	0.273229	-7.61531	-7.88854
BLOCK08/SES083/SA083S14	SES083	-0.238097	-7.16479	-6.9267
BLOCK08/SES083/SA083S15	SES083	0.478793	-6.70684	-7.18563
BLOCK08/SES083/SA083S24	SES083	-0.011837	-7.22728	-7.21544
BLOCK08/SES083/SA083S26	SES083	0.238678	-7.98113	-8.21981
BLOCK08/SES083/SA083S29	SES083	-0.109925	-7.53985	-7.42992
BLOCK08/SES085/SA085S10	SES085	0.619596	-5.96051	-6.5801
BLOCK08/SES085/SA085S13	SES085	-0.493748	-8.17245	-7.67871
BLOCK08/SES085/SA085S22	SES085	0.370046	-6.68444	-7.05448
BLOCK08/SES085/SA085S26	SES085	-0.406415	-7.54669	-7.14028
BLOCK08/SES085/SA085S28	SES085	0.0754948	-7.18707	-7.26256
BLOCK08/SES087/SA087S15	SES087	0.633973	-7.76367	-8.39764
BLOCK08/SES087/SA087S16	SES087	1.24445	-7.25621	-8.50066
BLOCK08/SES087/SA087S24	SES087	0.938587	-7.41083	-8.34942
BLOCK08/SES087/SA087S26	SES087	0.891798	-6.41894	-7.31074
BLOCK08/SES087/SA087S29	SES087	1.17599	-6.36784	-7.54383
BLOCK09/SES099/SA099S15	SES099	0.826196	-7.5316	-8.35779
BLOCK09/SES099/SA099S16	SES099	1.02204	-6.9434	-7.96544
BLOCK09/SES099/SA099S24	SES099	0.851701	-7.25213	-8.10383
BLOCK09/SES099/SA099S26	SES099	0.995222	-6.85249	-7.84772
BLOCK09/SES099/SA099S29	SES099	0.360494	-7.79686	-8.15736
BLOCK10/SES101/SA101S11	SES101	0.269746	-6.17213	-6.44188
BLOCK10/SES101/SA101S13	SES101	0.111292	-5.5083	-5.61959
BLOCK10/SES101/SA101S22	SES101	0.20094	-7.7023	-7.90324
BLOCK10/SES101/SA101S24	SES101	0.345764	-6.73797	-7.08374
BLOCK10/SES101/SA101S28	SES101	0.280835	-6.96592	-7.24675
BLOCK10/SES104/SA104S11	SES104	0.577195	-6.47887	-7.05607
BLOCK10/SES104/SA104S12	SES104	0.549655	-7.18615	-7.7358
BLOCK10/SES104/SA104S21	SES104	0.50369	-7.45906	-7.96275
BLOCK10/SES104/SA104S24	SES104	-0.163211	-8.0976	-7.93438
BLOCK10/SES104/SA104S28	SES104	0.811679	-6.91818	-7.72986
BLOCK10/SES105/SA105S12	SES105	0.490304	-7.50339	-7.9937
BLOCK10/SES105/SA105S13	SES105	0.0279098	-7.32873	-7.35664
BLOCK10/SES105/SA105S22	SES105	0.326477	-8.1026	-8.42908
BLOCK10/SES105/SA105S26	SES105	0.383441	-7.72583	-8.10927
BLOCK10/SES105/SA105S29	SES105	0.801287	-6.12231	-6.9236
BLOCK10/SES106/SA106S09	SES106	0.925922	-7.50805	-8.43397
BLOCK10/SES106/SA106S11	SES106	0.612402	-6.77311	-7.38551
BLOCK10/SES106/SA106S22	SES106	1.49295	-7.22602	-8.71897
BLOCK10/SES106/SA106S27	SES106	0.373212	-6.90547	-7.27868
BLOCK10/SES106/SA106S29	SES106	0.852919	-6.33738	-7.1903
BLOCK11/SES117/SA117S12	SES117	0.421943	-7.60439	-8.02633
BLOCK11/SES117/SA117S13	SES117	-0.107553	-7.85773	-7.75018
BLOCK11/SES117/SA117S23	SES117	0.795249	-8.2054	-9.00065
BLOCK11/SES117/SA117S25	SES117	0.634788	-7.46605	-8.10083
BLOCK11/SES117/SA117S28	SES117	1.05044	-7.21182	-8.26226
BLOCK12/SES120/SA120S08	SES120	0.278477	-7.39584	-7.67431
BLOCK12/SES120/SA120S11	SES120	0.600101	-9.69021	-10.2903
BLOCK12/SES120/SA120S22	SES120	0.108907	-6.8366	-6.94551
BLOCK12/SES120/SA120S24	SES120	-0.116645	-8.23166	-8.11501
BLOCK12/SES120/SA120S28	SES120	-0.276607	-8.17758	-7.90098
BLOCK12/SES125/SA125S13	SES125	1.08649	-6.87666	-7.96315
BLOCK12/SES125/SA125S14	SES125	0.534078	-7.50943	-8.0435
BLOCK12/SES125/SA125S25	SES125	0.712344	-7.61358	-8.32593
BLOCK12/SES125/SA125S27	SES125	1.14954	-6.33357	-7.4831
BLOCK12/SES125/SA125S29	SES125	0.246185	-7.02129	-7.26747
BLOCK12/SES127/SA127S11	SES127	-0.080987	-7.61008	-7.52909
BLOCK12/SES127/SA127S12	SES127	0.352924	-5.6975	-6.05042
BLOCK12/SES127/SA127S23	SES127	0.0470462	-6.50915	-6.5562
BLOCK12/SES127/SA127S25	SES127	0.271092	-6.3279	-6.599
BLOCK12/SES127/SA127S27	SES127	0.499911	-6.62259	-7.1225
BLOCK12/SES129/SA129S11	SES129	0.799896	-5.86466	-6.66456
BLOCK12/SES129/SA129S12	SES129	0.623491	-5.82954	-6.45303
BLOCK12/SES129/SA129S22	SES129	0.630638	-6.69594	-7.32658
BLOCK12/SES129/SA129S27	SES129	1.00931	-6.37091	-7.38023
BLOCK12/SES129/SA129S29	SES129	0.276678	-7.79547	-8.07215
BLOCK14/SES142/SA142S11	SES142	0.761963	-6.23798	-6.99994
BLOCK14/SES142/SA142S12	SES142	0.0890784	-7.46243	-7.55151
BLOCK14/SES142/SA142S24	SES142	0.724946	-6.42363	-7.14858
BLOCK14/SES142/SA142S27	SES142	0.842393	-6.27075	-7.11315
BLOCK14/SES142/SA142S29	SES142	1.04258	-5.95207	-6.99465
BLOCK14/SES143/SA143S12	SES143	0.606467	-6.71678	-7.32324
BLOCK14/SES143/SA143S13	SES143	0.561276	-7.01052	-7.57179
BLOCK14/SES143/SA143S23	SES143	0.123896	-6.86299	-6.98689
BLOCK14/SES143/SA143S25	SES143	0.430384	-7.22936	-7.65975
BLOCK14/SES143/SA143S28	SES143	0.309474	-7.00202	-7.3115
BLOCK14/SES144/SA144S09	SES144	0.317201	-7.12092	-7.43812
BLOCK14/SES144/SA144S11	SES144	0.00571012	-6.94541	-6.95112
BLOCK14/SES144/SA144S21	SES144	-0.487744	-7.8892	-7.40146
BLOCK14/SES144/SA144S25	SES144	0.421772	-7.49641	-7.91818
BLOCK14/SES144/SA144S29	SES144	-0.641853	-8.23887	-7.59702
BLOCK14/SES146/SA146S14	SES146	0.304239	-7.49434	-7.79858
BLOCK14/SES146/SA146S15	SES146	-0.283407	-7.83001	-7.5466
BLOCK14/SES146/SA146S24	SES146	0.391244	-7.28932	-7.68056
BLOCK14/SES146/SA146S26	SES146	0.784897	-7.11151	-7.8964
BLOCK14/SES146/SA146S29	SES146	0.249224	-7.67769	-7.92692
BLOCK14/SES147/SA147S11	SES147	-0.0689292	-7.39014	-7.32121
BLOCK14/SES147/SA147S13	SES147	0.219476	-6.36353	-6.58301
BLOCK14/SES147/SA147S23	SES147	0.489779	-7.02753	-7.51731
BLOCK14/SES147/SA147S26	SES147	0.702596	-6.8058	-7.5084
BLOCK14/SES147/SA147S28	SES147	1.07172	-6.19895	-7.27067
BLOCK14/SES148/SA148S10	SES148	0.532599	-6.31631	-6.84891
BLOCK14/SES148/SA148S12	SES148	-0.209414	-7.72218	-7.51277
BLOCK14/SES148/SA148S22	SES148	0.494853	-6.53766	-7.03252
BLOCK14/SES148/SA148S26	SES148	-0.0408926	-6.11699	-6.0761
BLOCK14/SES148/SA148S29	SES148	0.455665	-7.14085	-7.59652
BLOCK14/SES149/SA149S13	SES149	-0.172196	-7.01144	-6.83924
BLOCK14/SES149/SA149S14	SES149	0.188948	-6.19213	-6.38108
BLOCK14/SES149/SA149S24	SES149	0.575866	-6.67934	-7.25521
BLOCK14/SES149/SA149S26	SES149	0.463202	-6.069	-6.53221
BLOCK14/SES149/SA149S28	SES149	1.075	-5.10523	-6.18024
BLOCK15/SES158/SA158S13	SES158	0.871084	-6.82712	-7.6982
BLOCK15/SES158/SA158S14	SES158	0.85595	-7.61292	-8.46887
BLOCK15/SES158/SA158S23	SES158	0.589859	-6.12716	-6.71702
BLOCK15/SES158/SA158S26	SES158	1.36952	-7.04804	-8.41756
BLOCK15/SES158/SA158S28	SES158	0.451156	-7.48652	-7.93767
BLOCK16/SES162/SA162S10	SES162	0.502646	-7.67957	-8.18222
BLOCK16/SES162/SA162S11	SES162	0.384194	-6.29682	-6.68101
BLOCK16/SES162/SA162S21	SES162	0.791659	-6.58981	-7.38147
BLOCK16/SES162/SA162S24	SES162	0.423049	-6.81242	-7.23547
BLOCK16/SES162/SA162S27	SES162	1.05679	-7.65469	-8.71148
BLOCK16/SES167/SA167S14	SES167	0.828437	-6.02928	-6.85771
BLOCK16/SES167/SA167S15	SES167	0.794707	-6.12973	-6.92444
BLOCK16/SES167/SA167S21	SES167	0.927011	-5.91444	-6.84145
BLOCK16/SES167/SA167S25	SES167	1.46467	-6.14762	-7.61229
BLOCK16/SES167/SA167S29	SES167	1.46647	-5.49049	-6.95696
BLOCK17/SES172/SA172S12	SES172	0.768078	-7.55675	-8.32483
BLOCK17/SES172/SA172S13	SES172	1.0445	-7.28295	-8.32746
BLOCK17/SES172/SA172S23	SES172	0.739311	-6.59288	-7.33219
BLOCK17/SES172/SA172S27	SES172	0.599518	-8.03012	-8.62964
BLOCK17/SES172/SA172S29	SES172	0.855879	-6.95112	-7.807
BLOCK17/SES175/SA175S11	SES175	0.0629158	-7.27417	-7.33709
BLOCK17/SES175/SA175S13	SES175	0.372674	-5.22874	-5.60142
BLOCK17/SES175/SA175S23	SES175	0.40834	-6.19285	-6.60119
BLOCK17/SES175/SA175S25	SES175	-0.182154	-8.06941	-7.88726
BLOCK17/SES175/SA175S28	SES175	0.036602	-6.54724	-6.58384
BLOCK17/SES177/SA177S15	SES177	0.215398	-7.92566	-8.14106
BLOCK17/SES177/SA177S17	SES177	0.155924	-7.71161	-7.86753
BLOCK17/SES177/SA177S23	SES177	0.239985	-7.69111	-7.9311
BLOCK17/SES177/SA177S26	SES177	0.675723	-5.39861	-6.07433
BLOCK17/SES177/SA177S28	SES177	0.54673	-7.36539	-7.91212
BLOCK18/SES180/SA180S13	SES180	-0.196361	-8.15326	-7.9569
BLOCK18/SES180/SA180S15	SES180	-0.14984	-7.16079	-7.01095
BLOCK18/SES180/SA180S24	SES180	0.312346	-6.19096	-6.5033
BLOCK18/SES180/SA180S26	SES180	0.241376	-6.38602	-6.6274
BLOCK18/SES180/SA180S29	SES180	-0.272962	-7.83225	-7.55929
BLOCK18/SES183/SA183S13	SES183	0.944085	-6.65509	-7.59917
BLOCK18/SES183/SA183S14	SES183	-0.428303	-7.47631	-7.04801
BLOCK18/SES183/SA183S24	SES183	0.747849	-7.31968	-8.06753
BLOCK18/SES183/SA183S27	SES183	0.794463	-7.63778	-8.43225
BLOCK18/SES183/SA183S29	SES183	0.834126	-6.65299	-7.48711
BLOCK18/SES187/SA187S13	SES187	-0.026763	-8.42119	-8.39443
BLOCK18/SES187/SA187S14	SES187	0.357042	-7.92097	-8.27802
BLOCK18/SES187/SA187S24	SES187	0.530238	-7.54497	-8.07521
BLOCK18/SES187/SA187S27	SES187	0.390974	-7.89043	-8.2814
BLOCK18/SES187/SA187S29	SES187	0.404826	-8.36804	-8.77287
BLOCK18/SES189/SA189S10	SES189	0.873877	-7.58366	-8.45754
BLOCK18/SES189/SA189S13	SES189	0.659582	-8.52662	-9.1862
BLOCK18/SES189/SA189S24	SES189	0.607965	-6.66342	-7.27139
BLOCK18/SES189/SA189S26	SES189	0.965358	-6.79108	-7.75644
BLOCK18/SES189/SA189S29	SES189	0.886298	-6.6086	-7.4949
BLOCK20/SES202/SA202S12	SES202	0.579597	-6.97702	-7.55661
BLOCK20/SES202/SA202S14	SES202	0.832961	-6.84911	-7.68207
BLOCK20/SES202/SA202S24	SES202	0.224945	-7.78871	-8.01366
BLOCK20/SES202/SA202S27	SES202	0.475068	-6.61295	-7.08802
BLOCK20/SES202/SA202S29	SES202	0.41222	-6.79731	-7.20953
BLOCK20/SES206/SA206S15	SES206	-0.699231	-7.26283	-6.5636
BLOCK20/SES206/SA206S17	SES206	0.282096	-7.57149	-7.85358
BLOCK20/SES206/SA206S24	SES206	0.902679	-6.0191	-6.92178
BLOCK20/SES206/SA206S27	SES206	0.90344	-7.50663	-8.41007
BLOCK20/SES206/SA206S29	SES206	1.12595	-6.02134	-7.14729
BLOCK22/SES226/SA226S12	SES226	0.626184	-7.39785	-8.02404
BLOCK22/SES226/SA226S13	SES226	0.296072	-7.92392	-8.21999
BLOCK22/SES226/SA226S20	SES226	0.802401	-7.09367	-7.89607
BLOCK22/SES226/SA226S23	SES226	0.942075	-6.53132	-7.4734
BLOCK22/SES226/SA226S28	SES226	1.2263	-6.45476	-7.68106
BLOCK25/SES259/SA259S13	SES259	2.13015	-6.13483	-8.26498
BLOCK25/SES259/SA259S14	SES259	1.00373	-6.45129	-7.45502
BLOCK25/SES259/SA259S22	SES259	1.46013	-5.98602	-7.44615
BLOCK25/SES259/SA259S24	SES259	0.841868	-6.83307	-7.67494
BLOCK25/SES259/SA259S28	SES259	0.889293	-6.55266	-7.44195
BLOCK27/SES270/SA270S14	SES270	1.55575	-7.01731	-8.57306
BLOCK27/SES270/SA270S16	SES270	-0.147494	-7.48303	-7.33553
BLOCK27/SES270/SA270S22	SES270	2.08975	-6.10666	-8.19641
BLOCK27/SES270/SA270S26	SES270	0.713848	-7.44825	-8.1621
BLOCK27/SES270/SA270S28	SES270	0.997678	-6.86066	-7.85833
BLOCK27/SES275/SA275S17	SES275	0.436774	-6.63544	-7.07222
BLOCK27/SES275/SA275S18	SES275	0.118343	-6.93105	-7.04939
BLOCK27/SES275/SA275S24	SES275	0.276531	-7.4084	-7.68493
BLOCK27/SES275/SA275S26	SES275	0.568425	-6.83232	-7.40074
BLOCK27/SES275/SA275S28	SES275	0.3325	-7.02376	-7.35626
BLOCK29/SES292/SA292S10	SES292	-0.413645	-6.94125	-6.52761
BLOCK29/SES292/SA292S12	SES292	-0.0329838	-8.17291	-8.13992
BLOCK29/SES292/SA292S22	SES292	-0.0448728	-7.46773	-7.42285
BLOCK29/SES292/SA292S24	SES292	-0.306449	-7.47231	-7.16586
BLOCK29/SES292/SA292S27	SES292	-0.246944	-7.14197	-6.89503
BLOCK00/SES001/SA001S14	SES062	-2.00554	-10.0211	-8.01557
BLOCK00/SES001/SA001S14	SES082	-0.462245	-8.47781	-8.01557
BLOCK00/SES001/SA001S14	SES106	-1.28837	-9.30394	-8.01557
BLOCK00/SES001/SA001S14	SES206	-1.63634	-9.6519	-8.01557
BLOCK00/SES001/SA001S15	SES062	-1.3207	-8.63885	-7.31815
BLOCK00/SES001/SA001S15	SES104	-1.26942	-8.58757	-7.31815
BLOCK00/SES001/SA001S15	SES106	-1.36194	-8.68009	-7.31815
BLOCK00/SES001/SA001S15	SES206	-1.82965	-9.14779	-7.31815
BLOCK00/SES001/SA001S24	SES062	-0.953431	-8.28761	-7.33418
BLOCK00/SES001/SA001S24	SES082	-0.63578	-7.96996	-7.33418
BLOCK00/SES001/SA001S24	SES087	-1.0739	-8.40807	-7.33418
BLOCK00/SES001/SA001S24	SES206	-0.324986	-7.65916	-7.33418
BLOCK00/SES001/SA001S27	SES062	-0.465119	-6.5971	-6.13198
BLOCK00/SES001/SA001S27	SES082	-0.47088	-6.60286	-6.13198
BLOCK00/SES001/SA001S27	SES087	-0.395638	-6.52762	-6.13198
BLOCK00/SES001/SA001S27	SES206	-0.987526	-7.11951	-6.13198
BLOCK00/SES001/SA001S29	SES062	-1.76672	-9.34716	-7.58044
BLOCK00/SES001/SA001S29	SES082	-0.879594	-8.46004	-7.58044
BLOCK00/SES001/SA001S29	SES158	-0.677974	-8.25842	-7.58044
BLOCK00/SES001/SA001S29	SES206	-1.28738	-8.86783	-7.58044
BLOCK00/SES003/SA003S11	SES002	-0.189489	-8.11289	-7.9234
BLOCK00/SES003/SA003S11	SES019	-1.70134	-9.62474	-7.9234
BLOCK00/SES003/SA003S11	SES082	-0.507096	-8.4305	-7.9234
BLOCK00/SES003/SA003S11	SES125	-0.968656	-8.89206	-7.9234
BLOCK00/SES003/SA003S15	SES016	-1.63491	-8.63883	-7.00392
BLOCK00/SES003/SA003S15	SES019	-3.61311	-10.617	-7.00392
BLOCK00/SES003/SA003S15	SES062	-0.0251017	-7.02902	-7.00392
BLOCK00/SES003/SA003S15	SES206	-0.96645	-7.97037	-7.00392
BLOCK00/SES003/SA003S22	SES002	-0.812884	-8.01704	-7.20415
BLOCK00/SES003/SA003S22	SES062	-0.510214	-7.71437	-7.20415
BLOCK00/SES003/SA003S22	SES082	-0.94267	-8.14682	-7.20415
BLOCK00/SES003/SA003S22	SES087	-0.867767	-8.07192	-7.20415
BLOCK00/SES003/SA003S25	SES062	-1.79012	-10.5789	-8.78875
BLOCK00/SES003/SA003S25	SES082	-1.30199	-10.0907	-8.78875
BLOCK00/SES003/SA003S25	SES087	-1.54713	-10.3359	-8.78875
BLOCK00/SES003/SA003S25	SES206	-1.3252	-10.1139	-8.78875
BLOCK00/SES003/SA003S29	SES002	-1.05325	-9.06238	-8.00913
BLOCK00/SES003/SA003S29	SES062	-2.17469	-10.1838	-8.00913
BLOCK00/SES003/SA003S29	SES082	-1.0792	-9.08834	-8.00913
BLOCK00/SES003/SA003S29	SES087	-1.86596	-9.87509	-8.00913
BLOCK00/SES004/SA004S12	SES083	-1.22463	-8.01	-6.78537
BLOCK00/SES004/SA004S12	SES148	-0.620421	-7.4058	-6.78537
BLOCK00/SES004/SA004S12	SES172	0.118741	-6.66663	-6.78537
BLOCK00/SES004/SA004S12	SES292	-1.26179	-8.04716	-6.78537
BLOCK00/SES004/SA004S17	SES083	-1.12492	-8.10452	-6.9796
BLOCK00/SES004/SA004S17	SES162	-0.940821	-7.92042	-6.9796
BLOCK00/SES004/SA004S17	SES172	-0.622987	-7.60259	-6.9796
BLOCK00/SES004/SA004S17	SES292	-1.43436	-8.41396	-6.9796
BLOCK00/SES004/SA004S24	SES083	-1.18342	-7.72952	-6.5461
BLOCK00/SES004/SA004S24	SES148	-1.52341	-8.0695	-6.5461
BLOCK00/SES004/SA004S24	SES172	-0.434283	-6.98038	-6.5461
BLOCK00/SES004/SA004S24	SES292	-0.873203	-7.4193	-6.5461
BLOCK00/SES004/SA004S26	SES083	-1.67272	-8.94885	-7.27614
BLOCK00/SES004/SA004S26	SES127	-0.907666	-8.1838	-7.27614
BLOCK00/SES004/SA004S26	SES148	-2.55085	-9.82699	-7.27614
BLOCK00/SES004/SA004S26	SES292	-1.84352	-9.11966	-7.27614
BLOCK00/SES004/SA004S28	SES083	-1.80841	-8.42892	-6.62052
BLOCK00/SES004/SA004S28	SES127	-0.366234	-6.98675	-6.62052
BLOCK00/SES004/SA004S28	SES187	-0.297963	-6.91848	-6.62052
BLOCK00/SES004/SA004S28	SES292	-1.272	-7.89252	-6.62052
BLOCK00/SES006/SA006S10	SES014	-1.36135	-10.4699	-9.10856
BLOCK00/SES006/SA006S10	SES158	-1.1914	-10.3	-9.10856
BLOCK00/SES006/SA006S10	SES226	-2.1962	-11.3048	-9.10856
BLOCK00/SES006/SA006S10	SES270	-0.244714	-9.35328	-9.10856
BLOCK00/SES006/SA006S11	SES158	-1.64426	-10.3534	-8.70911
BLOCK00/SES006/SA006S11	SES226	-1.26927	-9.97838	-8.70911
BLOCK00/SES006/SA006S11	SES270	-0.0845547	-8.79366	-8.70911
BLOCK00/SES006/SA006S11	SES275	-1.83037	-10.5395	-8.70911
BLOCK00/SES006/SA006S23	SES062	-4.16459	-12.866	-8.70142
BLOCK00/SES006/SA006S23	SES105	-3.41333	-12.1147	-8.70142
BLOCK00/SES006/SA006S23	SES158	-1.55292	-10.2543	-8.70142
BLOCK00/SES006/SA006S23	SES275	-2.8237	-11.5251	-8.70142
BLOCK00/SES006/SA006S26	SES104	-2.89129	-11.7928	-8.90153
BLOCK00/SES006/SA006S26	SES158	-1.61345	-10.515	-8.90153
BLOCK00/SES006/SA006S26	SES270	-0.311661	-9.21319	-8.90153
BLOCK00/SES006/SA006S26	SES275	-2.40764	-11.3092	-8.90153
BLOCK00/SES006/SA006S28	SES007	-2.63506	-11.2295	-8.59442
BLOCK00/SES006/SA006S28	SES105	-3.8823	-12.4767	-8.59442
BLOCK00/SES006/SA006S28	SES158	-1.59734	-10.1918	-8.59442
BLOCK00/SES006/SA006S28	SES275	-2.60196	-11.1964	-8.59442
BLOCK00/SES009/SA009S12	SES083	-2.18811	-9.69227	-7.50416
BLOCK00/SES009/SA009S12	SES148	-1.3791	-8.88326	-7.50416
BLOCK00/SES009/SA009S12	SES177	-0.542452	-8.04661	-7.50416
BLOCK00/SES009/SA009S12	SES292	-0.681994	-8.18615	-7.50416
BLOCK00/SES009/SA009S15	SES007	-0.0944967	-6.9144	-6.81991
BLOCK00/SES009/SA009S15	SES099	-2.80771	-9.62762	-6.81991
BLOCK00/SES009/SA009S15	SES148	-1.29757	-8.11748	-6.81991
BLOCK00/SES009/SA009S15	SES172	-0.875799	-7.6957	-6.81991
BLOCK00/SES009/SA009S24	SES146	-0.564104	-8.09082	-7.52672
BLOCK00/SES009/SA009S24	SES148	-1.98986	-9.51658	-7.52672
BLOCK00/SES009/SA009S24	SES177	-0.653066	-8.17979	-7.52672
BLOCK00/SES009/SA009S24	SES292	-0.961229	-8.48795	-7.52672
BLOCK00/SES009/SA009S26	SES083	-2.32614	-9.56652	-7.24038
BLOCK00/SES009/SA009S26	SES101	-2.00916	-9.24954	-7.24038
BLOCK00/SES009/SA009S26	SES120	-0.708292	-7.94867	-7.24038
BLOCK00/SES009/SA009S26	SES177	-1.15912	-8.3995	-7.24038
BLOCK00/SES009/SA009S29	SES083	-1.52425	-8.88713	-7.36288
BLOCK00/SES009/SA009S29	SES101	-1.3198	-8.68268	-7.36288
BLOCK00/SES009/SA009S29	SES177	-0.674535	-8.03742	-7.36288
BLOCK00/SES009/SA009S29	SES292	-1.15354	-8.51642	-7.36288
BLOCK01/SES011/SA011S10	SES019	-3.77143	-12.7037	-8.93228
BLOCK01/SES011/SA011S10	SES042	1.13583	-7.79645	-8.93228
BLOCK01/SES011/SA011S10	SES082	-0.730504	-9.66279	-8.93228
BLOCK01/SES011/SA011S10	SES206	-0.0257826	-8.95807	-8.93228
BLOCK01/SES011/SA011S11	SES019	-2.85677	-11.2362	-8.37947
BLOCK01/SES011/SA011S11	SES042	0.537946	-7.84153	-8.37947
BLOCK01/SES011/SA011S11	SES082	-0.507324	-8.8868	-8.37947
BLOCK01/SES011/SA011S11	SES206	-0.619668	-8.99914	-8.37947
BLOCK01/SES011/SA011S22	SES019	-2.18385	-10.8553	-8.6714
BLOCK01/SES011/SA011S22	SES042	0.535561	-8.13584	-8.6714
BLOCK01/SES011/SA011S22	SES082	-0.802372	-9.47377	-8.6714
BLOCK01/SES011/SA011S22	SES206	-0.994459	-9.66586	-8.6714
BLOCK01/SES011/SA011S24	SES019	-2.69506	-10.6007	-7.90562
BLOCK01/SES011/SA011S24	SES042	1.17996	-6.72566	-7.90562
BLOCK01/SES011/SA011S24	SES104	-0.0481129	-7.95374	-7.90562
BLOCK01/SES011/SA011S24	SES206	-0.321418	-8.22704	-7.90562
BLOCK01/SES011/SA011S27	SES082	0.169801	-7.83154	-8.00134
BLOCK01/SES011/SA011S27	SES087	-1.4412	-9.44254	-8.00134
BLOCK01/SES011/SA011S27	SES125	-0.0876732	-8.08901	-8.00134
BLOCK01/SES011/SA011S27	SES206	-0.427908	-8.42925	-8.00134
BLOCK01/SES012/SA012S11	SES007	-0.299232	-6.9126	-6.61337
BLOCK01/SES012/SA012S11	SES082	-0.41578	-7.02915	-6.61337
BLOCK01/SES012/SA012S11	SES083	-1.60287	-8.21624	-6.61337
BLOCK01/SES012/SA012S11	SES206	-0.841112	-7.45448	-6.61337
BLOCK01/SES012/SA012S14	SES082	-0.445133	-8.47588	-8.03075
BLOCK01/SES012/SA012S14	SES087	-1.12668	-9.15742	-8.03075
BLOCK01/SES012/SA012S14	SES206	-0.317379	-8.34812	-8.03075
BLOCK01/SES012/SA012S14	SES292	-0.752523	-8.78327	-8.03075
BLOCK01/SES012/SA012S24	SES082	-0.467837	-9.07019	-8.60236
BLOCK01/SES012/SA012S24	SES087	-1.52971	-10.1321	-8.60236
BLOCK01/SES012/SA012S24	SES120	-1.37713	-9.97948	-8.60236
BLOCK01/SES012/SA012S24	SES206	-0.73237	-9.33473	-8.60236
BLOCK01/SES012/SA012S26	SES019	-5.58408	-14.3805	-8.7964
BLOCK01/SES012/SA012S26	SES082	-1.38207	-10.1785	-8.7964
BLOCK01/SES012/SA012S26	SES206	0.685616	-8.11079	-8.7964
BLOCK01/SES012/SA012S26	SES292	-0.152912	-8.94931	-8.7964
BLOCK01/SES012/SA012S29	SES062	-1.14399	-7.68934	-6.54535
BLOCK01/SES012/SA012S29	SES082	0.277984	-6.26736	-6.54535
BLOCK01/SES012/SA012S29	SES083	-1.52484	-8.07019	-6.54535
BLOCK01/SES012/SA012S29	SES206	-0.0167575	-6.5621	-6.54535
BLOCK01/SES013/SA013S16	SES062	-3.34563	-12.2553	-8.90965
BLOCK01/SES013/SA013S16	SES106	-0.887832	-9.79748	-8.90965
BLOCK01/SES013/SA013S16	SES206	-1.31275	-10.2224	-8.90965
BLOCK01/SES013/SA013S16	SES226	-0.724336	-9.63398	-8.90965
BLOCK01/SES013/SA013S17	SES062	-1.45879	-9.40337	-7.94458
BLOCK01/SES013/SA013S17	SES106	-0.887613	-8.8322	-7.94458
BLOCK01/SES013/SA013S17	SES206	-0.664844	-8.60943	-7.94458
BLOCK01/SES013/SA013S17	SES226	-0.359008	-8.30359	-7.94458
BLOCK01/SES013/SA013S23	SES104	-0.361727	-9.49106	-9.12934
BLOCK01/SES013/SA013S23	SES106	0.122316	-9.00702	-9.12934
BLOCK01/SES013/SA013S23	SES206	-1.71525	-10.8446	-9.12934
BLOCK01/SES013/SA013S23	SES270	-0.432678	-9.56201	-9.12934
BLOCK01/SES013/SA013S25	SES042	-2.345	-10.7023	-8.35729
BLOCK01/SES013/SA013S25	SES104	-0.164667	-8.52196	-8.35729
BLOCK01/SES013/SA013S25	SES106	0.125608	-8.23168	-8.35729
BLOCK01/SES013/SA013S25	SES206	-1.86404	-10.2213	-8.35729
BLOCK01/SES013/SA013S29	SES062	-2.82292	-11.6388	-8.81585
BLOCK01/SES013/SA013S29	SES104	-0.733021	-9.54887	-8.81585
BLOCK01/SES013/SA013S29	SES106	-0.0964804	-8.91233	-8.81585
BLOCK01/SES013/SA013S29	SES206	-2.15245	-10.9683	-8.81585
BLOCK02/SES021/SA021S13	SES016	-2.54428	-10.1985	-7.65426
BLOCK02/SES021/SA021S13	SES029	-0.74706	-8.40132	-7.65426
BLOCK02/SES021/SA021S13	SES087	-2.40409	-10.0583	-7.65426
BLOCK02/SES021/SA021S13	SES206	-1.55806	-9.21232	-7.65426
BLOCK02/SES021/SA021S15	SES087	-0.662162	-8.07084	-7.40868
BLOCK02/SES021/SA021S15	SES125	-0.901497	-8.31017	-7.40868
BLOCK02/SES021/SA021S15	SES206	-1.15287	-8.56155	-7.40868
BLOCK02/SES021/SA021S15	SES226	-1.43177	-8.84045	-7.40868
BLOCK02/SES021/SA021S23	SES062	-2.5976	-11.2457	-8.6481
BLOCK02/SES021/SA021S23	SES087	-0.552613	-9.20072	-8.6481
BLOCK02/SES021/SA021S23	SES206	-1.30657	-9.95468	-8.6481
BLOCK02/SES021/SA021S23	SES226	-1.02277	-9.67087	-8.6481
BLOCK02/SES021/SA021S27	SES002	-0.809658	-7.84386	-7.03421
BLOCK02/SES021/SA021S27	SES016	-3.32586	-10.3601	-7.03421
BLOCK02/SES021/SA021S27	SES019	-1.74464	-8.77885	-7.03421
BLOCK02/SES021/SA021S27	SES062	-1.10327	-8.13748	-7.03421
BLOCK02/SES021/SA021S29	SES087	-1.32931	-9.27316	-7.94385
BLOCK02/SES021/SA021S29	SES125	-1.91111	-9.85495	-7.94385
BLOCK02/SES021/SA021S29	SES206	-0.400725	-8.34457	-7.94385
BLOCK02/SES021/SA021S29	SES226	-1.12484	-9.06869	-7.94385
BLOCK04/SES043/SA043S09	SES083	-0.339215	-8.386	-8.04678
BLOCK04/SES043/SA043S09	SES101	-0.806499	-8.85328	-8.04678
BLOCK04/SES043/SA043S09	SES144	-0.200697	-8.24748	-8.04678
BLOCK04/SES043/SA043S09	SES172	-1.54264	-9.58943	-8.04678
BLOCK04/SES043/SA043S11	SES083	-0.366774	-7.28756	-6.92078
BLOCK04/SES043/SA043S11	SES101	-0.680901	-7.60168	-6.92078
BLOCK04/SES043/SA043S11	SES144	-0.0734811	-6.99426	-6.92078
BLOCK04/SES043/SA043S11	SES172	-0.679009	-7.59979	-6.92078
BLOCK04/SES043/SA043S23	SES083	-0.479557	-7.98969	-7.51014
BLOCK04/SES043/SA043S23	SES144	-0.209683	-7.71982	-7.51014
BLOCK04/SES043/SA043S23	SES177	-1.05204	-8.56218	-7.51014
BLOCK04/SES043/SA043S23	SES275	-0.768517	-8.27865	-7.51014
BLOCK04/SES043/SA043S26	SES083	-1.04198	-9.60913	-8.56715
BLOCK04/SES043/SA043S26	SES101	-0.838367	-9.40552	-8.56715
BLOCK04/SES043/SA043S26	SES144	-0.100002	-8.66715	-8.56715
BLOCK04/SES043/SA043S26	SES177	-1.30707	-9.87423	-8.56715
BLOCK04/SES043/SA043S28	SES016	-2.06459	-9.59487	-7.53027
BLOCK04/SES043/SA043S28	SES083	-0.44635	-7.97662	-7.53027
BLOCK04/SES043/SA043S28	SES101	-0.594241	-8.12451	-7.53027
BLOCK04/SES043/SA043S28	SES144	-0.658423	-8.1887	-7.53027
BLOCK04/SES044/SA044S10	SES127	-3.28767	-11.6909	-8.40318
BLOCK04/SES044/SA044S10	SES144	-0.321033	-8.72421	-8.40318
BLOCK04/SES044/SA044S10	SES147	-3.60307	-12.0062	-8.40318
BLOCK04/SES044/SA044S10	SES148	-2.62725	-11.0304	-8.40318
BLOCK04/SES044/SA044S11	SES101	-0.504756	-8.09346	-7.5887
BLOCK04/SES044/SA044S11	SES144	-0.0394497	-7.62815	-7.5887
BLOCK04/SES044/SA044S11	SES147	-1.62809	-9.21679	-7.5887
BLOCK04/SES044/SA044S11	SES177	-1.12663	-8.71534	-7.5887
BLOCK04/SES044/SA044S24	SES007	-1.99757	-9.7547	-7.75713
BLOCK04/SES044/SA044S24	SES101	-0.244694	-8.00183	-7.75713
BLOCK04/SES044/SA044S24	SES147	-1.928	-9.68513	-7.75713
BLOCK04/SES044/SA044S24	SES177	-0.667519	-8.42465	-7.75713
BLOCK04/SES044/SA044S26	SES007	-1.20862	-8.47694	-7.26832
BLOCK04/SES044/SA044S26	SES016	-0.635053	-7.90337	-7.26832
BLOCK04/SES044/SA044S26	SES101	-0.1812	-7.44952	-7.26832
BLOCK04/SES044/SA044S26	SES147	-0.550962	-7.81928	-7.26832
BLOCK04/SES044/SA044S29	SES007	-2.17142	-9.32143	-7.15
BLOCK04/SES044/SA044S29	SES101	0.0641603	-7.08584	-7.15
BLOCK04/SES044/SA044S29	SES147	-0.984767	-8.13477	-7.15
BLOCK04/SES044/SA044S29	SES177	-2.66652	-9.81653	-7.15
BLOCK04/SES046/SA046S13	SES101	-0.500686	-9.10731	-8.60662
BLOCK04/SES046/SA046S13	SES144	-0.376472	-8.9831	-8.60662
BLOCK04/SES046/SA046S13	SES147	-2.08301	-10.6896	-8.60662
BLOCK04/SES046/SA046S13	SES177	-1.50327	-10.1099	-8.60662
BLOCK04/SES046/SA046S15	SES048	-0.365018	-6.3644	-5.99938
BLOCK04/SES046/SA046S15	SES083	-1.08055	-7.07993	-5.99938
BLOCK04/SES046/SA046S15	SES120	-2.8253	-8.82468	-5.99938
BLOCK04/SES046/SA046S15	SES148	-1.12364	-7.12302	-5.99938
BLOCK04/SES046/SA046S22	SES101	-0.435483	-8.32314	-7.88766
BLOCK04/SES046/SA046S22	SES144	-0.137846	-8.02551	-7.88766
BLOCK04/SES046/SA046S22	SES147	-1.88477	-9.77243	-7.88766
BLOCK04/SES046/SA046S22	SES172	-0.309612	-8.19727	-7.88766
BLOCK04/SES046/SA046S25	SES083	-0.793341	-7.84051	-7.04717
BLOCK04/SES046/SA046S25	SES127	-1.62447	-8.67165	-7.04717
BLOCK04/SES046/SA046S25	SES144	-0.521058	-7.56823	-7.04717
BLOCK04/SES046/SA046S25	SES148	-1.537	-8.58418	-7.04717
BLOCK04/SES046/SA046S28	SES007	-1.43601	-8.66029	-7.22428
BLOCK04/SES046/SA046S28	SES105	-1.39268	-8.61696	-7.22428
BLOCK04/SES046/SA046S28	SES147	-1.12609	-8.35037	-7.22428
BLOCK04/SES046/SA046S28	SES148	-1.52667	-8.75095	-7.22428
BLOCK04/SES049/SA049S16	SES104	-1.09171	-10.2114	-9.11973
BLOCK04/SES049/SA049S16	SES106	-1.8914	-11.0111	-9.11973
BLOCK04/SES049/SA049S16	SES120	-1.55457	-10.6743	-9.11973
BLOCK04/SES049/SA049S16	SES206	-1.73217	-10.8519	-9.11973
BLOCK04/SES049/SA049S18	SES099	-0.315825	-8.88783	-8.572
BLOCK04/SES049/SA049S18	SES104	-1.74596	-10.318	-8.572
BLOCK04/SES049/SA049S18	SES125	-1.51243	-10.0844	-8.572
BLOCK04/SES049/SA049S18	SES206	-2.32098	-10.893	-8.572
BLOCK04/SES049/SA049S25	SES087	-1.77144	-11.2164	-9.44494
BLOCK04/SES049/SA049S25	SES104	-0.738489	-10.1834	-9.44494
BLOCK04/SES049/SA049S25	SES125	-1.03444	-10.4794	-9.44494
BLOCK04/SES049/SA049S25	SES206	-1.01954	-10.4645	-9.44494
BLOCK04/SES049/SA049S27	SES099	-0.444614	-8.47403	-8.02942
BLOCK04/SES049/SA049S27	SES104	0.203322	-7.8261	-8.02942
BLOCK04/SES049/SA049S27	SES125	-1.53035	-9.55977	-8.02942
BLOCK04/SES049/SA049S27	SES206	-1.59314	-9.62256	-8.02942
BLOCK04/SES049/SA049S29	SES099	-0.74528	-8.29573	-7.55045
BLOCK04/SES049/SA049S29	SES104	-0.0435095	-7.59396	-7.55045
BLOCK04/SES049/SA049S29	SES125	-0.59951	-8.14996	-7.55045
BLOCK04/SES049/SA049S29	SES206	-1.36447	-8.91492	-7.55045
BLOCK06/SES063/SA063S09	SES068	-3.2188	-12.1591	-8.94025
BLOCK06/SES063/SA063S09	SES083	-0.873161	-9.81341	-8.94025
BLOCK06/SES063/SA063S09	SES177	-1.00455	-9.9448	-8.94025
BLOCK06/SES063/SA063S09	SES187	-0.850468	-9.79072	-8.94025
BLOCK06/SES063/SA063S10	SES068	-1.7295	-10.4607	-8.73119
BLOCK06/SES063/SA063S10	SES083	-0.388832	-9.12002	-8.73119
BLOCK06/SES063/SA063S10	SES172	-0.452463	-9.18365	-8.73119
BLOCK06/SES063/SA063S10	SES187	-0.251011	-8.9822	-8.73119
BLOCK06/SES063/SA063S20	SES068	-3.0201	-11.818	-8.7979
BLOCK06/SES063/SA063S20	SES083	-0.889822	-9.68772	-8.7979
BLOCK06/SES063/SA063S20	SES172	-0.741174	-9.53907	-8.7979
BLOCK06/SES063/SA063S20	SES187	-0.374219	-9.17212	-8.7979
BLOCK06/SES063/SA063S24	SES029	-1.52571	-11.0618	-9.53614
BLOCK06/SES063/SA063S24	SES083	-0.877268	-10.4134	-9.53614
BLOCK06/SES063/SA063S24	SES177	-0.842831	-10.379	-9.53614
BLOCK06/SES063/SA063S24	SES189	0.590323	-8.94581	-9.53614
BLOCK06/SES063/SA063S27	SES083	-0.298382	-8.70765	-8.40926
BLOCK06/SES063/SA063S27	SES172	-1.34514	-9.75441	-8.40926
BLOCK06/SES063/SA063S27	SES187	-0.583523	-8.99279	-8.40926
BLOCK06/SES063/SA063S27	SES292	-1.12004	-9.52931	-8.40926
BLOCK06/SES067/SA067S12	SES083	-1.05433	-8.17924	-7.12491
BLOCK06/SES067/SA067S12	SES172	-1.22488	-8.34979	-7.12491
BLOCK06/SES067/SA067S12	SES202	-0.832483	-7.95739	-7.12491
BLOCK06/SES067/SA067S12	SES292	-1.30133	-8.42623	-7.12491
BLOCK06/SES067/SA067S14	SES085	-1.38932	-7.14322	-5.7539
BLOCK06/SES067/SA067S14	SES177	-1.89066	-7.64456	-5.7539
BLOCK06/SES067/SA067S14	SES183	0.0254188	-5.72848	-5.7539
BLOCK06/SES067/SA067S14	SES202	-0.632607	-6.38651	-5.7539
BLOCK06/SES067/SA067S21	SES144	-1.02599	-8.55767	-7.53168
BLOCK06/SES067/SA067S21	SES177	-1.46644	-8.99812	-7.53168
BLOCK06/SES067/SA067S21	SES183	-1.46736	-8.99904	-7.53168
BLOCK06/SES067/SA067S21	SES189	-1.24713	-8.77881	-7.53168
BLOCK06/SES067/SA067S25	SES085	-2.03237	-8.95732	-6.92495
BLOCK06/SES067/SA067S25	SES177	-1.00061	-7.92556	-6.92495
BLOCK06/SES067/SA067S25	SES183	-0.790044	-7.71499	-6.92495
BLOCK06/SES067/SA067S25	SES202	-1.23005	-8.155	-6.92495
BLOCK06/SES067/SA067S29	SES085	-2.98068	-10.9219	-7.94123
BLOCK06/SES067/SA067S29	SES177	-1.94902	-9.89025	-7.94123
BLOCK06/SES067/SA067S29	SES183	-1.14072	-9.08196	-7.94123
BLOCK06/SES067/SA067S29	SES202	-0.854099	-8.79533	-7.94123
BLOCK06/SES069/SA069S12	SES029	-1.48543	-8.85625	-7.37082
BLOCK06/SES069/SA069S12	SES082	-0.784218	-8.15504	-7.37082
BLOCK06/SES069/SA069S12	SES087	-1.18569	-8.55651	-7.37082
BLOCK06/SES069/SA069S12	SES206	-0.522085	-7.8929	-7.37082
BLOCK06/SES069/SA069S13	SES029	-1.8146	-9.09863	-7.28403
BLOCK06/SES069/SA069S13	SES087	-0.959973	-8.244	-7.28403
BLOCK06/SES069/SA069S13	SES206	-1.42898	-8.713	-7.28403
BLOCK06/SES069/SA069S13	SES226	0.040062	-7.24396	-7.28403
BLOCK06/SES069/SA069S23	SES029	-0.744907	-7.3781	-6.63319
BLOCK06/SES069/SA069S23	SES087	-0.44749	-7.08068	-6.63319
BLOCK06/SES069/SA069S23	SES206	-1.5928	-8.22599	-6.63319
BLOCK06/SES069/SA069S23	SES226	-0.213054	-6.84624	-6.63319
BLOCK06/SES069/SA069S25	SES087	-0.812927	-8.1313	-7.31837
BLOCK06/SES069/SA069S25	SES206	-1.69413	-9.0125	-7.31837
BLOCK06/SES069/SA069S25	SES226	0.110033	-7.20834	-7.31837
BLOCK06/SES069/SA069S25	SES270	-1.0248	-8.34317	-7.31837
BLOCK06/SES069/SA069S27	SES087	-1.43335	-9.14638	-7.71303
BLOCK06/SES069/SA069S27	SES206	-0.875882	-8.58891	-7.71303
BLOCK06/SES069/SA069S27	SES226	0.0899501	-7.62308	-7.71303
BLOCK06/SES069/SA069S27	SES270	-1.17116	-8.88419	-7.71303
BLOCK08/SES081/SA081S11	SES060	-1.45036	-9.28758	-7.83722
BLOCK08/SES081/SA081S11	SES062	-0.753866	-8.59109	-7.83722
BLOCK08/SES081/SA081S11	SES117	-1.99453	-9.83175	-7.83722
BLOCK08/SES081/SA081S11	SES162	-1.83786	-9.67507	-7.83722
BLOCK08/SES081/SA081S13	SES016	-0.688198	-7.41021	-6.72201
BLOCK08/SES081/SA081S13	SES060	-0.258498	-6.98051	-6.72201
BLOCK08/SES081/SA081S13	SES068	-0.558154	-7.28016	-6.72201
BLOCK08/SES081/SA081S13	SES129	-1.1177	-7.83971	-6.72201
BLOCK08/SES081/SA081S24	SES060	-0.682121	-7.87946	-7.19733
BLOCK08/SES081/SA081S24	SES068	-0.819203	-8.01654	-7.19733
BLOCK08/SES081/SA081S24	SES117	-1.83622	-9.03355	-7.19733
BLOCK08/SES081/SA081S24	SES275	-1.04877	-8.24611	-7.19733
BLOCK08/SES081/SA081S27	SES007	-0.0865526	-8.23971	-8.15316
BLOCK08/SES081/SA081S27	SES060	-0.51412	-8.66728	-8.15316
BLOCK08/SES081/SA081S27	SES117	-0.827447	-8.98061	-8.15316
BLOCK08/SES081/SA081S27	SES275	-1.20671	-9.35987	-8.15316
BLOCK08/SES081/SA081S29	SES007	-0.594289	-8.82612	-8.23183
BLOCK08/SES081/SA081S29	SES060	-0.685399	-8.91723	-8.23183
BLOCK08/SES081/SA081S29	SES117	-1.30404	-9.53587	-8.23183
BLOCK08/SES081/SA081S29	SES275	-1.58982	-9.82166	-8.23183
BLOCK08/SES086/SA086S11	SES029	-1.88547	-11.355	-9.46952
BLOCK08/SES086/SA086S11	SES082	-1.98138	-11.4509	-9.46952
BLOCK08/SES086/SA086S11	SES087	-0.23908	-9.7086	-9.46952
BLOCK08/SES086/SA086S11	SES206	-1.71665	-11.1862	-9.46952
BLOCK08/SES086/SA086S12	SES029	-1.86835	-10.2928	-8.42448
BLOCK08/SES086/SA086S12	SES082	-1.83638	-10.2609	-8.42448
BLOCK08/SES086/SA086S12	SES087	0.205853	-8.21863	-8.42448
BLOCK08/SES086/SA086S12	SES206	-0.721944	-9.14642	-8.42448
BLOCK08/SES086/SA086S20	SES029	-1.66263	-9.69149	-8.02886
BLOCK08/SES086/SA086S20	SES082	-1.11616	-9.14502	-8.02886
BLOCK08/SES086/SA086S20	SES087	0.354813	-7.67405	-8.02886
BLOCK08/SES086/SA086S20	SES206	-0.632332	-8.66119	-8.02886
BLOCK08/SES086/SA086S24	SES087	0.0585766	-9.05216	-9.11074
BLOCK08/SES086/SA086S24	SES104	-1.96459	-11.0753	-9.11074
BLOCK08/SES086/SA086S24	SES120	-0.678608	-9.78935	-9.11074
BLOCK08/SES086/SA086S24	SES206	-0.961967	-10.0727	-9.11074
BLOCK08/SES086/SA086S28	SES029	-1.67171	-9.46723	-7.79553
BLOCK08/SES086/SA086S28	SES082	-1.71005	-9.50558	-7.79553
BLOCK08/SES086/SA086S28	SES087	0.157027	-7.6385	-7.79553
BLOCK08/SES086/SA086S28	SES206	-1.04688	-8.8424	-7.79553
BLOCK08/SES089/SA089S13	SES087	-1.09535	-9.61283	-8.51747
BLOCK08/SES089/SA089S13	SES206	-1.59537	-10.1128	-8.51747
BLOCK08/SES089/SA089S13	SES226	-0.891592	-9.40907	-8.51747
BLOCK08/SES089/SA089S13	SES270	-1.9364	-10.4539	-8.51747
BLOCK08/SES089/SA089S14	SES062	-1.58379	-9.65539	-8.0716
BLOCK08/SES089/SA089S14	SES087	-0.11638	-8.18798	-8.0716
BLOCK08/SES089/SA089S14	SES206	-1.64971	-9.72131	-8.0716
BLOCK08/SES089/SA089S14	SES226	-1.58577	-9.65737	-8.0716
BLOCK08/SES089/SA089S23	SES087	-0.659113	-10.5746	-9.91545
BLOCK08/SES089/SA089S23	SES206	-2.09113	-12.0066	-9.91545
BLOCK08/SES089/SA089S23	SES226	-0.933651	-10.8491	-9.91545
BLOCK08/SES089/SA089S23	SES270	-2.79963	-12.7151	-9.91545
BLOCK08/SES089/SA089S25	SES062	-1.03433	-9.6806	-8.64627
BLOCK08/SES089/SA089S25	SES087	-0.0709171	-8.71719	-8.64627
BLOCK08/SES089/SA089S25	SES206	-1.92223	-10.5685	-8.64627
BLOCK08/SES089/SA089S25	SES226	-1.14327	-9.78954	-8.64627
BLOCK08/SES089/SA089S28	SES062	-0.49196	-8.9644	-8.47244
BLOCK08/SES089/SA089S28	SES087	-0.0651836	-8.53763	-8.47244
BLOCK08/SES089/SA089S28	SES206	-1.18759	-9.66003	-8.47244
BLOCK08/SES089/SA089S28	SES226	-0.605583	-9.07803	-8.47244
BLOCK09/SES097/SA097S11	SES099	0.0343428	-9.15418	-9.18852
BLOCK09/SES097/SA097S11	SES125	-1.6922	-10.8807	-9.18852
BLOCK09/SES097/SA097S11	SES206	-1.03657	-10.2251	-9.18852
BLOCK09/SES097/SA097S11	SES226	1.00123	-8.18729	-9.18852
BLOCK09/SES097/SA097S14	SES062	-2.7483	-10.8972	-8.14891
BLOCK09/SES097/SA097S14	SES099	-1.08255	-9.23146	-8.14891
BLOCK09/SES097/SA097S14	SES104	-0.958323	-9.10723	-8.14891
BLOCK09/SES097/SA097S14	SES206	-1.77226	-9.92117	-8.14891
BLOCK09/SES097/SA097S22	SES099	0.396511	-8.62568	-9.02219
BLOCK09/SES097/SA097S22	SES206	-1.68508	-10.7073	-9.02219
BLOCK09/SES097/SA097S22	SES226	-0.267401	-9.28959	-9.02219
BLOCK09/SES097/SA097S22	SES270	-0.650754	-9.67294	-9.02219
BLOCK09/SES097/SA097S26	SES099	0.370493	-8.83879	-9.20928
BLOCK09/SES097/SA097S26	SES120	-0.549212	-9.75849	-9.20928
BLOCK09/SES097/SA097S26	SES206	-1.75128	-10.9606	-9.20928
BLOCK09/SES097/SA097S26	SES226	-0.187028	-9.39631	-9.20928
BLOCK09/SES097/SA097S28	SES099	-0.290674	-7.93265	-7.64197
BLOCK09/SES097/SA097S28	SES120	-0.955569	-8.59754	-7.64197
BLOCK09/SES097/SA097S28	SES206	-1.95387	-9.59584	-7.64197
BLOCK09/SES097/SA097S28	SES226	-0.94713	-8.5891	-7.64197
BLOCK09/SES098/SA098S11	SES127	-1.1504	-8.06495	-6.91455
BLOCK09/SES098/SA098S11	SES144	-0.813097	-7.72765	-6.91455
BLOCK09/SES098/SA098S11	SES147	-0.650363	-7.56491	-6.91455
BLOCK09/SES098/SA098S11	SES148	-2.12198	-9.03653	-6.91455
BLOCK09/SES098/SA098S12	SES127	-2.17943	-10.5809	-8.4015
BLOCK09/SES098/SA098S12	SES144	-1.94694	-10.3484	-8.4015
BLOCK09/SES098/SA098S12	SES147	-1.61888	-10.0204	-8.4015
BLOCK09/SES098/SA098S12	SES189	-1.51842	-9.91992	-8.4015
BLOCK09/SES098/SA098S20	SES127	-3.0548	-11.1878	-8.13301
BLOCK09/SES098/SA098S20	SES147	-1.69853	-9.83154	-8.13301
BLOCK09/SES098/SA098S20	SES148	-3.01296	-11.146	-8.13301
BLOCK09/SES098/SA098S20	SES292	-1.33202	-9.46503	-8.13301
BLOCK09/SES098/SA098S23	SES127	-1.83336	-9.51008	-7.67672
BLOCK09/SES098/SA098S23	SES147	-1.74221	-9.41894	-7.67672
BLOCK09/SES098/SA098S23	SES187	-0.960649	-8.63737	-7.67672
BLOCK09/SES098/SA098S23	SES292	-0.875556	-8.55228	-7.67672
BLOCK09/SES098/SA098S27	SES127	-2.23314	-10.1386	-7.90542
BLOCK09/SES098/SA098S27	SES147	-1.62325	-9.52867	-7.90542
BLOCK09/SES098/SA098S27	SES148	-2.72638	-10.6318	-7.90542
BLOCK09/SES098/SA098S27	SES292	-0.666994	-8.57241	-7.90542
BLOCK10/SES102/SA102S13	SES101	-0.67213	-9.42931	-8.75718
BLOCK10/SES102/SA102S13	SES105	-2.14785	-10.905	-8.75718
BLOCK10/SES102/SA102S13	SES120	-2.53421	-11.2914	-8.75718
BLOCK10/SES102/SA102S13	SES158	-2.6724	-11.4296	-8.75718
BLOCK10/SES102/SA102S14	SES007	0.0964212	-6.15571	-6.25213
BLOCK10/SES102/SA102S14	SES101	-0.549737	-6.80187	-6.25213
BLOCK10/SES102/SA102S14	SES105	-0.936414	-7.18854	-6.25213
BLOCK10/SES102/SA102S14	SES147	-2.2218	-8.47393	-6.25213
BLOCK10/SES102/SA102S22	SES007	-1.01468	-7.96659	-6.95191
BLOCK10/SES102/SA102S22	SES101	-0.776179	-7.72809	-6.95191
BLOCK10/SES102/SA102S22	SES105	-1.08008	-8.03199	-6.95191
BLOCK10/SES102/SA102S22	SES158	-2.3175	-9.26941	-6.95191
BLOCK10/SES102/SA102S25	SES007	-0.507908	-7.39173	-6.88382
BLOCK10/SES102/SA102S25	SES101	-0.416082	-7.2999	-6.88382
BLOCK10/SES102/SA102S25	SES105	-1.54089	-8.42471	-6.88382
BLOCK10/SES102/SA102S25	SES147	-2.58777	-9.47159	-6.88382
BLOCK10/SES102/SA102S27	SES007	-0.605428	-7.92755	-7.32212
BLOCK10/SES102/SA102S27	SES101	-0.131545	-7.45367	-7.32212
BLOCK10/SES102/SA102S27	SES105	-1.83642	-9.15855	-7.32212
BLOCK10/SES102/SA102S27	SES147	-2.64958	-9.9717	-7.32212
BLOCK10/SES103/SA103S14	SES105	-1.99858	-10.6664	-8.66779
BLOCK10/SES103/SA103S14	SES106	-1.10233	-9.77011	-8.66779
BLOCK10/SES103/SA103S14	SES120	-1.83856	-10.5063	-8.66779
BLOCK10/SES103/SA103S14	SES206	-1.87323	-10.541	-8.66779
BLOCK10/SES103/SA103S15	SES099	-2.35306	-11.7057	-9.3526
BLOCK10/SES103/SA103S15	SES101	-3.02806	-12.3807	-9.3526
BLOCK10/SES103/SA103S15	SES104	-1.38611	-10.7387	-9.3526
BLOCK10/SES103/SA103S15	SES125	-2.14148	-11.4941	-9.3526
BLOCK10/SES103/SA103S24	SES104	-0.833469	-9.41866	-8.58519
BLOCK10/SES103/SA103S24	SES125	-2.86319	-11.4484	-8.58519
BLOCK10/SES103/SA103S24	SES148	-2.24484	-10.83	-8.58519
BLOCK10/SES103/SA103S24	SES158	-1.53615	-10.1213	-8.58519
BLOCK10/SES103/SA103S26	SES104	-0.705191	-9.13132	-8.42613
BLOCK10/SES103/SA103S26	SES106	-1.19136	-9.61749	-8.42613
BLOCK10/SES103/SA103S26	SES125	-1.16512	-9.59125	-8.42613
BLOCK10/SES103/SA103S26	SES148	-2.25059	-10.6767	-8.42613
BLOCK10/SES103/SA103S28	SES104	-0.475058	-9.26698	-8.79193
BLOCK10/SES103/SA103S28	SES106	-1.03011	-9.82203	-8.79193
BLOCK10/SES103/SA103S28	SES125	-2.28551	-11.0774	-8.79193
BLOCK10/SES103/SA103S28	SES206	-2.23006	-11.022	-8.79193
BLOCK12/SES121/SA121S12	SES042	-1.49664	-10.03	-8.53332
BLOCK12/SES121/SA121S12	SES087	-1.32799	-9.86131	-8.53332
BLOCK12/SES121/SA121S12	SES105	-0.474635	-9.00796	-8.53332
BLOCK12/SES121/SA121S12	SES206	-0.928564	-9.46188	-8.53332
BLOCK12/SES121/SA121S14	SES007	-2.80586	-13.243	-10.4371
BLOCK12/SES121/SA121S14	SES105	-3.68318	-14.1203	-10.4371
BLOCK12/SES121/SA121S14	SES106	-1.14572	-11.5828	-10.4371
BLOCK12/SES121/SA121S14	SES206	-1.81634	-12.2535	-10.4371
BLOCK12/SES121/SA121S23	SES105	-2.93522	-13.0046	-10.0693
BLOCK12/SES121/SA121S23	SES106	-1.00428	-11.0736	-10.0693
BLOCK12/SES121/SA121S23	SES120	-1.5079	-11.5772	-10.0693
BLOCK12/SES121/SA121S23	SES206	-0.551943	-10.6213	-10.0693
BLOCK12/SES121/SA121S25	SES007	-1.57111	-12.2469	-10.6757
BLOCK12/SES121/SA121S25	SES105	-3.87222	-14.548	-10.6757
BLOCK12/SES121/SA121S25	SES106	-0.641899	-11.3176	-10.6757
BLOCK12/SES121/SA121S25	SES206	-1.1292	-11.8049	-10.6757
BLOCK12/SES121/SA121S27	SES087	1.09173	-9.5338	-10.6255
BLOCK12/SES121/SA121S27	SES105	-3.09687	-13.7224	-10.6255
BLOCK12/SES121/SA121S27	SES120	0.400216	-10.2253	-10.6255
BLOCK12/SES121/SA121S27	SES206	-0.932986	-11.5585	-10.6255
BLOCK12/SES124/SA124S16	SES042	0.130483	-6.75492	-6.88541
BLOCK12/SES124/SA124S16	SES082	-0.207912	-7.09332	-6.88541
BLOCK12/SES124/SA124S16	SES183	-1.17097	-8.05638	-6.88541
BLOCK12/SES124/SA124S16	SES206	-0.591777	-7.47718	-6.88541
BLOCK12/SES124/SA124S17	SES105	-1.70021	-9.65429	-7.95409
BLOCK12/SES124/SA124S17	SES149	-0.828503	-8.78259	-7.95409
BLOCK12/SES124/SA124S17	SES158	-2.06352	-10.0176	-7.95409
BLOCK12/SES124/SA124S17	SES275	-1.62909	-9.58318	-7.95409
BLOCK12/SES124/SA124S23	SES105	-2.01002	-8.22956	-6.21954
BLOCK12/SES124/SA124S23	SES125	0.119875	-6.09966	-6.21954
BLOCK12/SES124/SA124S23	SES129	-2.06282	-8.28236	-6.21954
BLOCK12/SES124/SA124S23	SES158	-1.34663	-7.56617	-6.21954
BLOCK12/SES124/SA124S26	SES105	-1.95625	-9.66971	-7.71346
BLOCK12/SES124/SA124S26	SES125	-0.719176	-8.43264	-7.71346
BLOCK12/SES124/SA124S26	SES129	-1.91775	-9.63121	-7.71346
BLOCK12/SES124/SA124S26	SES158	-0.984323	-8.69778	-7.71346
BLOCK12/SES124/SA124S28	SES104	-0.673821	-7.42994	-6.75612
BLOCK12/SES124/SA124S28	SES106	-1.2209	-7.97701	-6.75612
BLOCK12/SES124/SA124S28	SES125	-0.237267	-6.99338	-6.75612
BLOCK12/SES124/SA124S28	SES275	-1.62225	-8.37837	-6.75612
BLOCK12/SES126/SA126S13	SES007	-0.662815	-8.43865	-7.77583
BLOCK12/SES126/SA126S13	SES162	-1.44325	-9.21908	-7.77583
BLOCK12/SES126/SA126S13	SES177	-0.670874	-8.44671	-7.77583
BLOCK12/SES126/SA126S13	SES180	-1.46058	-9.23641	-7.77583
BLOCK12/SES126/SA126S14	SES144	-0.677069	-7.78259	-7.10552
BLOCK12/SES126/SA126S14	SES148	-1.57403	-8.67955	-7.10552
BLOCK12/SES126/SA126S14	SES177	-0.604832	-7.71035	-7.10552
BLOCK12/SES126/SA126S14	SES180	-1.47815	-8.58367	-7.10552
BLOCK12/SES126/SA126S20	SES007	-1.02986	-7.44661	-6.41675
BLOCK12/SES126/SA126S20	SES162	-1.51935	-7.9361	-6.41675
BLOCK12/SES126/SA126S20	SES172	-1.45409	-7.87084	-6.41675
BLOCK12/SES126/SA126S20	SES180	-1.22726	-7.64401	-6.41675
BLOCK12/SES126/SA126S24	SES120	-0.263043	-7.23168	-6.96863
BLOCK12/SES126/SA126S24	SES162	-1.32992	-8.29856	-6.96863
BLOCK12/SES126/SA126S24	SES177	-0.408776	-7.37741	-6.96863
BLOCK12/SES126/SA126S24	SES180	-0.678732	-7.64737	-6.96863
BLOCK12/SES126/SA126S26	SES120	0.425922	-7.05455	-7.48047
BLOCK12/SES126/SA126S26	SES177	-0.317696	-7.79817	-7.48047
BLOCK12/SES126/SA126S26	SES180	-0.406517	-7.88699	-7.48047
BLOCK12/SES126/SA126S26	SES202	-0.766806	-8.24728	-7.48047
BLOCK12/SES128/SA128S10	SES087	-2.39465	-10.2374	-7.84279
BLOCK12/SES128/SA128S10	SES206	-1.13216	-8.97494	-7.84279
BLOCK12/SES128/SA128S10	SES226	-0.400368	-8.24315	-7.84279
BLOCK12/SES128/SA128S10	SES270	-0.799216	-8.642	-7.84279
BLOCK12/SES128/SA128S12	SES120	-0.13854	-8.22456	-8.08602
BLOCK12/SES128/SA128S12	SES158	-0.0568657	-8.14289	-8.08602
BLOCK12/SES128/SA128S12	SES206	-0.134226	-8.22025	-8.08602
BLOCK12/SES128/SA128S12	SES226	-1.52859	-9.61461	-8.08602
BLOCK12/SES128/SA128S21	SES106	-1.08027	-8.75481	-7.67454
BLOCK12/SES128/SA128S21	SES120	-0.976245	-8.65078	-7.67454
BLOCK12/SES128/SA128S21	SES206	-1.03799	-8.71253	-7.67454
BLOCK12/SES128/SA128S21	SES226	0.134866	-7.53967	-7.67454
BLOCK12/SES128/SA128S24	SES087	-1.38338	-9.75357	-8.3702
BLOCK12/SES128/SA128S24	SES120	-0.394961	-8.76516	-8.3702
BLOCK12/SES128/SA128S24	SES206	-0.586482	-8.95668	-8.3702
BLOCK12/SES128/SA128S24	SES226	-1.53002	-9.90022	-8.3702
BLOCK12/SES128/SA128S27	SES099	0.00846386	-7.17656	-7.18503
BLOCK12/SES128/SA128S27	SES120	-0.00482655	-7.18985	-7.18503
BLOCK12/SES128/SA128S27	SES206	-0.891213	-8.07624	-7.18503
BLOCK12/SES128/SA128S27	SES226	-1.03152	-8.21655	-7.18503
BLOCK13/SES130/SA130S13	SES143	-0.47591	-9.13175	-8.65584
BLOCK13/SES130/SA130S13	SES144	0.153764	-8.50208	-8.65584
BLOCK13/SES130/SA130S13	SES146	-1.7357	-10.3915	-8.65584
BLOCK13/SES130/SA130S13	SES275	-2.15145	-10.8073	-8.65584
BLOCK13/SES130/SA130S15	SES143	-1.0991	-8.09521	-6.99612
BLOCK13/SES130/SA130S15	SES144	0.00979996	-6.98632	-6.99612
BLOCK13/SES130/SA130S15	SES146	-0.692867	-7.68898	-6.99612
BLOCK13/SES130/SA130S15	SES275	-1.18061	-8.17673	-6.99612
BLOCK13/SES130/SA130S23	SES127	-1.40065	-9.26921	-7.86855
BLOCK13/SES130/SA130S23	SES144	-0.0130739	-7.88163	-7.86855
BLOCK13/SES130/SA130S23	SES146	-0.764345	-8.6329	-7.86855
BLOCK13/SES130/SA130S23	SES162	-0.794689	-8.66324	-7.86855
BLOCK13/SES130/SA130S25	SES127	-1.14517	-7.56681	-6.42165
BLOCK13/SES130/SA130S25	SES144	-0.348041	-6.76969	-6.42165
BLOCK13/SES130/SA130S25	SES146	-1.08187	-7.50352	-6.42165
BLOCK13/SES130/SA130S25	SES275	-1.20739	-7.62904	-6.42165
BLOCK13/SES130/SA130S28	SES127	-0.543137	-8.45032	-7.90718
BLOCK13/SES130/SA130S28	SES144	-1.00986	-8.91704	-7.90718
BLOCK13/SES130/SA130S28	SES146	-0.316217	-8.2234	-7.90718
BLOCK13/SES130/SA130S28	SES275	-0.759552	-8.66673	-7.90718
BLOCK13/SES131/SA131S13	SES002	-1.50257	-10.2038	-8.70119
BLOCK13/SES131/SA131S13	SES007	-1.27562	-9.97681	-8.70119
BLOCK13/SES131/SA131S13	SES099	0.18233	-8.51886	-8.70119
BLOCK13/SES131/SA131S13	SES105	-1.37089	-10.0721	-8.70119
BLOCK13/SES131/SA131S14	SES104	-0.806538	-7.17919	-6.37265
BLOCK13/SES131/SA131S14	SES106	-1.87456	-8.24722	-6.37265
BLOCK13/SES131/SA131S14	SES125	-1.68361	-8.05626	-6.37265
BLOCK13/SES131/SA131S14	SES148	-0.132834	-6.50549	-6.37265
BLOCK13/SES131/SA131S20	SES104	-0.737976	-9.6073	-8.86932
BLOCK13/SES131/SA131S20	SES106	-1.80877	-10.6781	-8.86932
BLOCK13/SES131/SA131S20	SES125	-1.2864	-10.1557	-8.86932
BLOCK13/SES131/SA131S20	SES148	-1.73684	-10.6062	-8.86932
BLOCK13/SES131/SA131S22	SES099	-0.314298	-7.28979	-6.97549
BLOCK13/SES131/SA131S22	SES104	-0.848403	-7.8239	-6.97549
BLOCK13/SES131/SA131S22	SES125	-0.429987	-7.40548	-6.97549
BLOCK13/SES131/SA131S22	SES206	-0.753928	-7.72942	-6.97549
BLOCK13/SES131/SA131S29	SES087	-1.38638	-10.0838	-8.69744
BLOCK13/SES131/SA131S29	SES104	-2.58947	-11.2869	-8.69744
BLOCK13/SES131/SA131S29	SES125	-4.22477	-12.9222	-8.69744
BLOCK13/SES131/SA131S29	SES206	-2.29443	-10.9919	-8.69744
BLOCK13/SES132/SA132S11	SES083	-1.51546	-8.99312	-7.47766
BLOCK13/SES132/SA132S11	SES120	0.0872293	-7.39043	-7.47766
BLOCK13/SES132/SA132S11	SES127	-2.0894	-9.56706	-7.47766
BLOCK13/SES132/SA132S11	SES275	-1.46641	-8.94407	-7.47766
BLOCK13/SES132/SA132S12	SES083	-1.68143	-8.77589	-7.09446
BLOCK13/SES132/SA132S12	SES143	-1.99285	-9.08731	-7.09446
BLOCK13/SES132/SA132S12	SES144	-0.944163	-8.03863	-7.09446
BLOCK13/SES132/SA132S12	SES148	-1.49595	-8.59042	-7.09446
BLOCK13/SES132/SA132S22	SES062	-0.829774	-8.36596	-7.53619
BLOCK13/SES132/SA132S22	SES083	-1.83592	-9.37211	-7.53619
BLOCK13/SES132/SA132S22	SES127	-1.8075	-9.34368	-7.53619
BLOCK13/SES132/SA132S22	SES275	-0.992436	-8.52862	-7.53619
BLOCK13/SES132/SA132S24	SES007	-0.628637	-7.54149	-6.91285
BLOCK13/SES132/SA132S24	SES083	-1.52872	-8.44157	-6.91285
BLOCK13/SES132/SA132S24	SES127	-2.26436	-9.17722	-6.91285
BLOCK13/SES132/SA132S24	SES275	-1.28282	-8.19567	-6.91285
BLOCK13/SES132/SA132S27	SES083	-2.1042	-10.6953	-8.59113
BLOCK13/SES132/SA132S27	SES120	0.772902	-7.81823	-8.59113
BLOCK13/SES132/SA132S27	SES127	-4.04892	-12.6401	-8.59113
BLOCK13/SES132/SA132S27	SES275	-1.91353	-10.5047	-8.59113
BLOCK14/SES141/SA141S09	SES143	-1.16317	-7.7825	-6.61933
BLOCK14/SES141/SA141S09	SES144	-0.609998	-7.22932	-6.61933
BLOCK14/SES141/SA141S09	SES162	-1.29172	-7.91104	-6.61933
BLOCK14/SES141/SA141S09	SES180	-1.02005	-7.63937	-6.61933
BLOCK14/SES141/SA141S15	SES127	-1.88607	-9.51317	-7.62709
BLOCK14/SES141/SA141S15	SES144	-1.017	-8.6441	-7.62709
BLOCK14/SES141/SA141S15	SES162	-1.96028	-9.58738	-7.62709
BLOCK14/SES141/SA141S15	SES180	-1.34928	-8.97637	-7.62709
BLOCK14/SES141/SA141S24	SES127	-2.01373	-9.30406	-7.29033
BLOCK14/SES141/SA141S24	SES144	-1.40259	-8.69292	-7.29033
BLOCK14/SES141/SA141S24	SES162	-1.66679	-8.95711	-7.29033
BLOCK14/SES141/SA141S24	SES183	-1.64802	-8.93835	-7.29033
BLOCK14/SES141/SA141S26	SES142	-0.379765	-8.45045	-8.07069
BLOCK14/SES141/SA141S26	SES144	-1.20886	-9.27955	-8.07069
BLOCK14/SES141/SA141S26	SES172	-1.29809	-9.36877	-8.07069
BLOCK14/SES141/SA141S26	SES180	-1.20286	-9.27355	-8.07069
BLOCK14/SES141/SA141S29	SES127	-0.945161	-7.88484	-6.93968
BLOCK14/SES141/SA141S29	SES142	-0.0536256	-6.99331	-6.93968
BLOCK14/SES141/SA141S29	SES144	-0.602949	-7.54263	-6.93968
BLOCK14/SES141/SA141S29	SES180	-0.592511	-7.53219	-6.93968
BLOCK15/SES157/SA157S08	SES083	-1.17563	-8.3557	-7.18007
BLOCK15/SES157/SA157S08	SES127	-1.18149	-8.36157	-7.18007
BLOCK15/SES157/SA157S08	SES148	-0.153378	-7.33345	-7.18007
BLOCK15/SES157/SA157S08	SES292	-1.50047	-8.68054	-7.18007
BLOCK15/SES157/SA157S11	SES083	-1.4919	-9.18413	-7.69222
BLOCK15/SES157/SA157S11	SES127	-1.1249	-8.81713	-7.69222
BLOCK15/SES157/SA157S11	SES148	-1.86894	-9.56117	-7.69222
BLOCK15/SES157/SA157S11	SES292	-2.14918	-9.84141	-7.69222
BLOCK15/SES157/SA157S21	SES127	-0.606327	-7.30476	-6.69843
BLOCK15/SES157/SA157S21	SES148	-0.0877352	-6.78617	-6.69843
BLOCK15/SES157/SA157S21	SES158	-3.72925	-10.4277	-6.69843
BLOCK15/SES157/SA157S21	SES292	-1.6148	-8.31323	-6.69843
BLOCK15/SES157/SA157S24	SES127	-0.958099	-8.91213	-7.95404
BLOCK15/SES157/SA157S24	SES148	-0.705888	-8.65992	-7.95404
BLOCK15/SES157/SA157S24	SES183	-1.11049	-9.06453	-7.95404
BLOCK15/SES157/SA157S24	SES292	-2.04716	-10.0012	-7.95404
BLOCK15/SES157/SA157S26	SES007	-1.0815	-8.23934	-7.15785
BLOCK15/SES157/SA157S26	SES127	-1.02798	-8.18583	-7.15785
BLOCK15/SES157/SA157S26	SES147	-1.37553	-8.53337	-7.15785
BLOCK15/SES157/SA157S26	SES148	-1.19091	-8.34876	-7.15785
BLOCK16/SES161/SA161S10	SES007	-0.861432	-8.50217	-7.64074
BLOCK16/SES161/SA161S10	SES105	-0.909302	-8.55004	-7.64074
BLOCK16/SES161/SA161S10	SES158	-1.40158	-9.04231	-7.64074
BLOCK16/SES161/SA161S10	SES275	-0.792679	-8.43342	-7.64074
BLOCK16/SES161/SA161S12	SES007	-1.97867	-11.1624	-9.18371
BLOCK16/SES161/SA161S12	SES105	-2.49706	-11.6808	-9.18371
BLOCK16/SES161/SA161S12	SES158	-0.891068	-10.0748	-9.18371
BLOCK16/SES161/SA161S12	SES275	-2.92214	-12.1059	-9.18371
BLOCK16/SES161/SA161S20	SES007	-0.888304	-9.94071	-9.05241
BLOCK16/SES161/SA161S20	SES105	-2.27421	-11.3266	-9.05241
BLOCK16/SES161/SA161S20	SES158	-0.308749	-9.36116	-9.05241
BLOCK16/SES161/SA161S20	SES275	-1.90397	-10.9564	-9.05241
BLOCK16/SES161/SA161S23	SES007	-2.59895	-11.4863	-8.88739
BLOCK16/SES161/SA161S23	SES105	-1.46829	-10.3557	-8.88739
BLOCK16/SES161/SA161S23	SES148	-2.53199	-11.4194	-8.88739
BLOCK16/SES161/SA161S23	SES158	-2.95121	-11.8386	-8.88739
BLOCK16/SES161/SA161S28	SES007	-1.10837	-9.4698	-8.36143
BLOCK16/SES161/SA161S28	SES105	-2.56917	-10.9306	-8.36143
BLOCK16/SES161/SA161S28	SES158	-0.0961466	-8.45757	-8.36143
BLOCK16/SES161/SA161S28	SES206	-0.746648	-9.10807	-8.36143
BLOCK16/SES164/SA164S11	SES104	-1.08006	-9.03625	-7.9562
BLOCK16/SES164/SA164S11	SES125	-0.182668	-8.13887	-7.9562
BLOCK16/SES164/SA164S11	SES158	-0.949147	-8.90535	-7.9562
BLOCK16/SES164/SA164S11	SES206	-3.55014	-11.5063	-7.9562
BLOCK16/SES164/SA164S13	SES099	-1.57434	-10.0494	-8.47506
BLOCK16/SES164/SA164S13	SES104	-0.930129	-9.40519	-8.47506
BLOCK16/SES164/SA164S13	SES125	-0.923977	-9.39904	-8.47506
BLOCK16/SES164/SA164S13	SES206	-2.06014	-10.5352	-8.47506
BLOCK16/SES164/SA164S24	SES002	0.469179	-7.67161	-8.14079
BLOCK16/SES164/SA164S24	SES099	-0.260929	-8.40172	-8.14079
BLOCK16/SES164/SA164S24	SES125	-0.462334	-8.60312	-8.14079
BLOCK16/SES164/SA164S24	SES226	0.871482	-7.26931	-8.14079
BLOCK16/SES164/SA164S27	SES087	-3.02156	-11.539	-8.51741
BLOCK16/SES164/SA164S27	SES125	-0.64345	-9.16086	-8.51741
BLOCK16/SES164/SA164S27	SES206	-2.59784	-11.1153	-8.51741
BLOCK16/SES164/SA164S27	SES226	-0.351409	-8.86882	-8.51741
BLOCK16/SES164/SA164S29	SES002	-0.0796986	-8.41346	-8.33377
BLOCK16/SES164/SA164S29	SES019	-1.50184	-9.83561	-8.33377
BLOCK16/SES164/SA164S29	SES125	-0.395514	-8.72928	-8.33377
BLOCK16/SES164/SA164S29	SES226	-0.209542	-8.54331	-8.33377
BLOCK16/SES169/SA169S13	SES117	-1.30253	-8.90437	-7.60184
BLOCK16/SES169/SA169S13	SES144	-0.850848	-8.45269	-7.60184
BLOCK16/SES169/SA169S13	SES146	-0.864492	-8.46633	-7.60184
BLOCK16/SES169/SA169S13	SES162	-1.37141	-8.97325	-7.60184
BLOCK16/SES169/SA169S14	SES144	-1.01049	-7.20131	-6.19082
BLOCK16/SES169/SA169S14	SES148	-0.497913	-6.68874	-6.19082
BLOCK16/SES169/SA169S14	SES177	-0.581261	-6.77208	-6.19082
BLOCK16/SES169/SA169S14	SES180	-1.03947	-7.23029	-6.19082
BLOCK16/SES169/SA169S24	SES117	-0.831656	-9.17841	-8.34676
BLOCK16/SES169/SA169S24	SES144	-0.717794	-9.06455	-8.34676
BLOCK16/SES169/SA169S24	SES146	-0.903969	-9.25072	-8.34676
BLOCK16/SES169/SA169S24	SES162	-1.39978	-9.74654	-8.34676
BLOCK16/SES169/SA169S27	SES127	-0.95875	-8.37349	-7.41474
BLOCK16/SES169/SA169S27	SES129	-0.635296	-8.05003	-7.41474
BLOCK16/SES169/SA169S27	SES144	-0.710255	-8.12499	-7.41474
BLOCK16/SES169/SA169S27	SES146	-0.703772	-8.11851	-7.41474
BLOCK16/SES169/SA169S29	SES144	-0.00835276	-6.5898	-6.58144
BLOCK16/SES169/SA169S29	SES162	-0.547166	-7.12861	-6.58144
BLOCK16/SES169/SA169S29	SES177	-0.963113	-7.54456	-6.58144
BLOCK16/SES169/SA169S29	SES180	-1.1367	-7.71814	-6.58144
BLOCK17/SES171/SA171S12	SES083	-1.38112	-9.98652	-8.6054
BLOCK17/SES171/SA171S12	SES148	-2.35431	-10.9597	-8.6054
BLOCK17/SES171/SA171S12	SES172	-2.09187	-10.6973	-8.6054
BLOCK17/SES171/SA171S12	SES292	-2.90176	-11.5072	-8.6054
BLOCK17/SES171/SA171S15	SES148	-1.29938	-9.35883	-8.05945
BLOCK17/SES171/SA171S15	SES177	-1.16658	-9.22603	-8.05945
BLOCK17/SES171/SA171S15	SES180	-3.333	-11.3924	-8.05945
BLOCK17/SES171/SA171S15	SES292	-1.82941	-9.88886	-8.05945
BLOCK17/SES171/SA171S22	SES007	-0.883687	-7.34084	-6.45715
BLOCK17/SES171/SA171S22	SES148	-0.511897	-6.96905	-6.45715
BLOCK17/SES171/SA171S22	SES177	-0.394588	-6.85174	-6.45715
BLOCK17/SES171/SA171S22	SES180	-1.68551	-8.14265	-6.45715
BLOCK17/SES171/SA171S25	SES101	-1.21644	-9.13448	-7.91804
BLOCK17/SES171/SA171S25	SES120	-3.43552	-11.3536	-7.91804
BLOCK17/SES171/SA171S25	SES177	-1.51312	-9.43115	-7.91804
BLOCK17/SES171/SA171S25	SES180	-2.25109	-10.1691	-7.91804
BLOCK17/SES171/SA171S27	SES177	-1.26146	-9.22979	-7.96832
BLOCK17/SES171/SA171S27	SES180	-2.89859	-10.8669	-7.96832
BLOCK17/SES171/SA171S27	SES189	-0.870955	-8.83928	-7.96832
BLOCK17/SES171/SA171S27	SES292	-3.11295	-11.0813	-7.96832
BLOCK17/SES173/SA173S13	SES162	-2.12293	-9.69754	-7.57461
BLOCK17/SES173/SA173S13	SES177	-1.14367	-8.71828	-7.57461
BLOCK17/SES173/SA173S13	SES180	-1.74969	-9.3243	-7.57461
BLOCK17/SES173/SA173S13	SES292	-0.0392032	-7.61381	-7.57461
BLOCK17/SES173/SA173S14	SES007	-1.01604	-8.32156	-7.30552
BLOCK17/SES173/SA173S14	SES162	-2.87101	-10.1765	-7.30552
BLOCK17/SES173/SA173S14	SES177	-1.82631	-9.13183	-7.30552
BLOCK17/SES173/SA173S14	SES180	-2.48392	-9.78944	-7.30552
BLOCK17/SES173/SA173S24	SES144	-1.8985	-9.76216	-7.86366
BLOCK17/SES173/SA173S24	SES162	-2.37212	-10.2358	-7.86366
BLOCK17/SES173/SA173S24	SES177	-0.840379	-8.70403	-7.86366
BLOCK17/SES173/SA173S24	SES180	-2.63896	-10.5026	-7.86366
BLOCK17/SES173/SA173S27	SES162	-4.38393	-11.7961	-7.41218
BLOCK17/SES173/SA173S27	SES177	-1.45309	-8.86527	-7.41218
BLOCK17/SES173/SA173S27	SES180	-1.64748	-9.05966	-7.41218
BLOCK17/SES173/SA173S27	SES292	-0.622416	-8.0346	-7.41218
BLOCK17/SES173/SA173S29	SES162	-2.0611	-10.0068	-7.94574
BLOCK17/SES173/SA173S29	SES175	-0.514338	-8.46007	-7.94574
BLOCK17/SES173/SA173S29	SES177	-1.11949	-9.06523	-7.94574
BLOCK17/SES173/SA173S29	SES292	-1.21084	-9.15658	-7.94574
BLOCK18/SES182/SA182S10	SES144	-1.35261	-8.35505	-7.00244
BLOCK18/SES182/SA182S10	SES177	-1.43458	-8.43702	-7.00244
BLOCK18/SES182/SA182S10	SES180	-2.38901	-9.39145	-7.00244
BLOCK18/SES182/SA182S10	SES275	-0.826268	-7.82871	-7.00244
BLOCK18/SES182/SA182S12	SES144	-0.714314	-7.67466	-6.96034
BLOCK18/SES182/SA182S12	SES177	-0.667939	-7.62828	-6.96034
BLOCK18/SES182/SA182S12	SES180	-1.86994	-8.83029	-6.96034
BLOCK18/SES182/SA182S12	SES275	-0.652579	-7.61292	-6.96034
BLOCK18/SES182/SA182S21	SES117	-1.66243	-10.0191	-8.35666
BLOCK18/SES182/SA182S21	SES144	-1.08283	-9.43949	-8.35666
BLOCK18/SES182/SA182S21	SES162	-1.14566	-9.50232	-8.35666
BLOCK18/SES182/SA182S21	SES180	-2.30042	-10.6571	-8.35666
BLOCK18/SES182/SA182S23	SES117	-1.58504	-10.203	-8.61795
BLOCK18/SES182/SA182S23	SES144	-1.84955	-10.4675	-8.61795
BLOCK18/SES182/SA182S23	SES180	-3.41792	-12.0359	-8.61795
BLOCK18/SES182/SA182S23	SES275	-1.68748	-10.3054	-8.61795
BLOCK18/SES182/SA182S25	SES007	-0.0644703	-8.01992	-7.95545
BLOCK18/SES182/SA182S25	SES162	-0.839257	-8.79471	-7.95545
BLOCK18/SES182/SA182S25	SES177	-1.08975	-9.0452	-7.95545
BLOCK18/SES182/SA182S25	SES180	-1.84446	-9.7999	-7.95545
BLOCK18/SES184/SA184S12	SES177	-1.608	-8.56411	-6.9561
BLOCK18/SES184/SA184S12	SES180	-0.444544	-7.40065	-6.9561
BLOCK18/SES184/SA184S12	SES189	-2.01149	-8.9676	-6.9561
BLOCK18/SES184/SA184S12	SES292	-0.613861	-7.56996	-6.9561
BLOCK18/SES184/SA184S13	SES101	-0.976844	-8.49517	-7.51832
BLOCK18/SES184/SA184S13	SES177	-0.938191	-8.45652	-7.51832
BLOCK18/SES184/SA184S13	SES180	-1.026	-8.54433	-7.51832
BLOCK18/SES184/SA184S13	SES292	-1.13989	-8.65822	-7.51832
BLOCK18/SES184/SA184S22	SES177	-1.60268	-9.26892	-7.66624
BLOCK18/SES184/SA184S22	SES180	-0.406158	-8.0724	-7.66624
BLOCK18/SES184/SA184S22	SES189	-1.37358	-9.03982	-7.66624
BLOCK18/SES184/SA184S22	SES292	-1.01038	-8.67662	-7.66624
BLOCK18/SES184/SA184S25	SES101	-0.810969	-8.17291	-7.36194
BLOCK18/SES184/SA184S25	SES177	-1.52422	-8.88616	-7.36194
BLOCK18/SES184/SA184S25	SES180	-0.343548	-7.70549	-7.36194
BLOCK18/SES184/SA184S25	SES292	-0.699211	-8.06115	-7.36194
BLOCK18/SES184/SA184S27	SES083	-1.09713	-8.45623	-7.3591
BLOCK18/SES184/SA184S27	SES177	-0.953391	-8.31249	-7.3591
BLOCK18/SES184/SA184S27	SES202	-0.949994	-8.30909	-7.3591
BLOCK18/SES184/SA184S27	SES292	-1.00278	-8.36188	-7.3591
BLOCK20/SES204/SA204S12	SES062	-0.757887	-7.72776	-6.96988
BLOCK20/SES204/SA204S12	SES083	-2.14853	-9.11841	-6.96988
BLOCK20/SES204/SA204S12	SES206	-0.824805	-7.79468	-6.96988
BLOCK20/SES204/SA204S12	SES226	-1.00043	-7.97031	-6.96988
BLOCK20/SES204/SA204S14	SES068	-0.33747	-6.58827	-6.2508
BLOCK20/SES204/SA204S14	SES087	-0.291959	-6.54276	-6.2508
BLOCK20/SES204/SA204S14	SES206	-0.933195	-7.184	-6.2508
BLOCK20/SES204/SA204S14	SES226	-1.48981	-7.74061	-6.2508
BLOCK20/SES204/SA204S22	SES068	-0.685935	-7.59168	-6.90575
BLOCK20/SES204/SA204S22	SES082	-0.760742	-7.66649	-6.90575
BLOCK20/SES204/SA204S22	SES083	-2.29169	-9.19744	-6.90575
BLOCK20/SES204/SA204S22	SES206	-0.77284	-7.67859	-6.90575
BLOCK20/SES204/SA204S25	SES062	-0.862954	-7.71604	-6.85309
BLOCK20/SES204/SA204S25	SES083	-2.12819	-8.98128	-6.85309
BLOCK20/SES204/SA204S25	SES206	-0.301299	-7.15438	-6.85309
BLOCK20/SES204/SA204S25	SES226	-0.926966	-7.78005	-6.85309
BLOCK20/SES204/SA204S27	SES068	-0.615396	-8.1937	-7.5783
BLOCK20/SES204/SA204S27	SES082	-1.9232	-9.5015	-7.5783
BLOCK20/SES204/SA204S27	SES087	-0.0959902	-7.67429	-7.5783
BLOCK20/SES204/SA204S27	SES206	-1.90122	-9.47952	-7.5783
BLOCK20/SES207/SA207S10	SES127	-2.28372	-9.47373	-7.19001
BLOCK20/SES207/SA207S10	SES183	-1.43256	-8.62257	-7.19001
BLOCK20/SES207/SA207S10	SES189	-0.874389	-8.0644	-7.19001
BLOCK20/SES207/SA207S10	SES292	-1.73295	-8.92296	-7.19001
BLOCK20/SES207/SA207S11	SES127	-2.15769	-10.2713	-8.1136
BLOCK20/SES207/SA207S11	SES183	-1.38555	-9.49916	-8.1136
BLOCK20/SES207/SA207S11	SES187	-0.855464	-8.96907	-8.1136
BLOCK20/SES207/SA207S11	SES292	-0.683054	-8.79666	-8.1136
BLOCK20/SES207/SA207S25	SES068	-1.14225	-9.28715	-8.1449
BLOCK20/SES207/SA207S25	SES083	-1.7966	-9.9415	-8.1449
BLOCK20/SES207/SA207S25	SES127	-0.959946	-9.10485	-8.1449
BLOCK20/SES207/SA207S25	SES187	-1.10062	-9.24552	-8.1449
BLOCK20/SES207/SA207S27	SES127	-1.90256	-9.72163	-7.81907
BLOCK20/SES207/SA207S27	SES183	-1.86527	-9.68434	-7.81907
BLOCK20/SES207/SA207S27	SES187	-1.17015	-8.98923	-7.81907
BLOCK20/SES207/SA207S27	SES292	-1.92267	-9.74174	-7.81907
BLOCK20/SES207/SA207S29	SES083	-2.28431	-9.78139	-7.49707
BLOCK20/SES207/SA207S29	SES085	-1.52921	-9.02629	-7.49707
BLOCK20/SES207/SA207S29	SES172	-0.516159	-8.01323	-7.49707
BLOCK20/SES207/SA207S29	SES189	-2.46049	-9.95756	-7.49707
BLOCK22/SES221/SA221S12	SES068	-0.142419	-6.77122	-6.6288
BLOCK22/SES221/SA221S12	SES143	-1.58621	-8.21501	-6.6288
BLOCK22/SES221/SA221S12	SES175	-0.560543	-7.18935	-6.6288
BLOCK22/SES221/SA221S12	SES202	-0.855745	-7.48455	-6.6288
BLOCK22/SES221/SA221S15	SES085	-0.399278	-7.34298	-6.9437
BLOCK22/SES221/SA221S15	SES143	-1.40956	-8.35327	-6.9437
BLOCK22/SES221/SA221S15	SES175	-0.590524	-7.53423	-6.9437
BLOCK22/SES221/SA221S15	SES187	-1.08802	-8.03172	-6.9437
BLOCK22/SES221/SA221S23	SES068	0.0776057	-6.83931	-6.91691
BLOCK22/SES221/SA221S23	SES143	-1.45694	-8.37385	-6.91691
BLOCK22/SES221/SA221S23	SES175	-1.04418	-7.96109	-6.91691
BLOCK22/SES221/SA221S23	SES189	-1.79405	-8.71096	-6.91691
BLOCK22/SES221/SA221S27	SES085	0.372216	-7.27888	-7.65109
BLOCK22/SES221/SA221S27	SES143	-1.11461	-8.7657	-7.65109
BLOCK22/SES221/SA221S27	SES175	-0.845475	-8.49657	-7.65109
BLOCK22/SES221/SA221S27	SES189	-1.0076	-8.65869	-7.65109
BLOCK22/SES221/SA221S29	SES085	-0.000481129	-6.88034	-6.87986
BLOCK22/SES221/SA221S29	SES143	-0.987515	-7.86738	-6.87986
BLOCK22/SES221/SA221S29	SES175	-0.321893	-7.20175	-6.87986
BLOCK22/SES221/SA221S29	SES187	-0.982855	-7.86272	-6.87986
BLOCK22/SES223/SA223S11	SES143	-1.242	-8.59513	-7.35313
BLOCK22/SES223/SA223S11	SES144	-2.56299	-9.91612	-7.35313
BLOCK22/SES223/SA223S11	SES175	-0.76155	-8.11468	-7.35313
BLOCK22/SES223/SA223S11	SES187	-1.61505	-8.96818	-7.35313
BLOCK22/SES223/SA223S13	SES068	-0.221971	-7.78182	-7.55984
BLOCK22/SES223/SA223S13	SES143	-1.3508	-8.91064	-7.55984
BLOCK22/SES223/SA223S13	SES146	-0.991039	-8.55088	-7.55984
BLOCK22/SES223/SA223S13	SES202	-0.93229	-8.49214	-7.55984
BLOCK22/SES223/SA223S22	SES143	-0.572581	-7.69221	-7.11963
BLOCK22/SES223/SA223S22	SES144	-2.07144	-9.19107	-7.11963
BLOCK22/SES223/SA223S22	SES175	-0.443934	-7.56356	-7.11963
BLOCK22/SES223/SA223S22	SES187	-1.34237	-8.462	-7.11963
BLOCK22/SES223/SA223S25	SES068	-0.841621	-8.15184	-7.31022
BLOCK22/SES223/SA223S25	SES143	-1.28565	-8.59587	-7.31022
BLOCK22/SES223/SA223S25	SES175	-0.533159	-7.84338	-7.31022
BLOCK22/SES223/SA223S25	SES187	-1.1755	-8.48572	-7.31022
BLOCK22/SES223/SA223S27	SES143	-0.67622	-8.5236	-7.84738
BLOCK22/SES223/SA223S27	SES146	-1.5443	-9.39167	-7.84738
BLOCK22/SES223/SA223S27	SES187	-1.25921	-9.10659	-7.84738
BLOCK22/SES223/SA223S27	SES292	-0.557742	-8.40512	-7.84738
BLOCK27/SES273/SA273S12	SES099	-0.0197186	-7.45825	-7.43853
BLOCK27/SES273/SA273S12	SES104	0.196456	-7.24208	-7.43853
BLOCK27/SES273/SA273S12	SES125	-0.455872	-7.8944	-7.43853
BLOCK27/SES273/SA273S12	SES206	0.157789	-7.28074	-7.43853
BLOCK27/SES273/SA273S13	SES099	-0.901066	-7.84852	-6.94745
BLOCK27/SES273/SA273S13	SES104	0.00496626	-6.94248	-6.94745
BLOCK27/SES273/SA273S13	SES206	-1.23152	-8.17897	-6.94745
BLOCK27/SES273/SA273S13	SES292	-0.754472	-7.70192	-6.94745
BLOCK27/SES273/SA273S21	SES099	-0.549468	-8.38485	-7.83538
BLOCK27/SES273/SA273S21	SES148	-1.87726	-9.71264	-7.83538
BLOCK27/SES273/SA273S21	SES149	-1.75647	-9.59185	-7.83538
BLOCK27/SES273/SA273S21	SES177	-2.08864	-9.92402	-7.83538
BLOCK27/SES273/SA273S25	SES104	0.267375	-7.88412	-8.1515
BLOCK27/SES273/SA273S25	SES125	-0.788543	-8.94004	-8.1515
BLOCK27/SES273/SA273S25	SES158	0.110988	-8.04051	-8.1515
BLOCK27/SES273/SA273S25	SES206	-0.293634	-8.44513	-8.1515
BLOCK27/SES273/SA273S27	SES099	-0.601933	-7.02498	-6.42305
BLOCK27/SES273/SA273S27	SES104	-0.54186	-6.96491	-6.42305
BLOCK27/SES273/SA273S27	SES149	-1.09443	-7.51748	-6.42305
BLOCK27/SES273/SA273S27	SES275	-1.03657	-7.45961	-6.42305
BLOCK27/SES274/SA274S10	SES105	-1.66087	-8.10288	-6.44201
BLOCK27/SES274/SA274S10	SES125	-2.003	-8.44501	-6.44201
BLOCK27/SES274/SA274S10	SES129	-0.192602	-6.63461	-6.44201
BLOCK27/SES274/SA274S10	SES158	-4.61599	-11.058	-6.44201
BLOCK27/SES274/SA274S11	SES105	-1.08218	-7.51018	-6.428
BLOCK27/SES274/SA274S11	SES149	-0.760784	-7.18878	-6.428
BLOCK27/SES274/SA274S11	SES158	-1.57696	-8.00495	-6.428
BLOCK27/SES274/SA274S11	SES275	-0.573112	-7.00111	-6.428
BLOCK27/SES274/SA274S21	SES105	-1.26744	-7.91124	-6.6438
BLOCK27/SES274/SA274S21	SES129	-0.10982	-6.75362	-6.6438
BLOCK27/SES274/SA274S21	SES149	-1.8471	-8.4909	-6.6438
BLOCK27/SES274/SA274S21	SES158	-3.37793	-10.0217	-6.6438
BLOCK27/SES274/SA274S24	SES105	-1.84331	-9.4241	-7.58079
BLOCK27/SES274/SA274S24	SES129	0.313891	-7.2669	-7.58079
BLOCK27/SES274/SA274S24	SES149	-2.53776	-10.1185	-7.58079
BLOCK27/SES274/SA274S24	SES158	-5.28021	-12.861	-7.58079
BLOCK27/SES274/SA274S29	SES105	-1.63147	-8.67947	-7.048
BLOCK27/SES274/SA274S29	SES106	-1.80481	-8.85281	-7.048
BLOCK27/SES274/SA274S29	SES120	-0.823039	-7.87104	-7.048
BLOCK27/SES274/SA274S29	SES275	-0.803678	-7.85168	-7.048
BLOCK27/SES276/SA276S16	SES148	-0.463044	-7.40421	-6.94116
BLOCK27/SES276/SA276S16	SES172	-0.116502	-7.05767	-6.94116
BLOCK27/SES276/SA276S16	SES180	-1.00283	-7.944	-6.94116
BLOCK27/SES276/SA276S16	SES292	-0.688549	-7.62971	-6.94116
BLOCK27/SES276/SA276S17	SES101	-1.13167	-8.51385	-7.38218
BLOCK27/SES276/SA276S17	SES177	-1.65902	-9.0412	-7.38218
BLOCK27/SES276/SA276S17	SES180	-1.3934	-8.77558	-7.38218
BLOCK27/SES276/SA276S17	SES292	-1.16335	-8.54553	-7.38218
BLOCK27/SES276/SA276S24	SES101	-0.575753	-7.10318	-6.52743
BLOCK27/SES276/SA276S24	SES177	-0.752384	-7.27981	-6.52743
BLOCK27/SES276/SA276S24	SES180	-1.04379	-7.57121	-6.52743
BLOCK27/SES276/SA276S24	SES292	-1.43042	-7.95785	-6.52743
BLOCK27/SES276/SA276S26	SES101	-1.09332	-7.60908	-6.51576
BLOCK27/SES276/SA276S26	SES177	-1.14837	-7.66413	-6.51576
BLOCK27/SES276/SA276S26	SES180	-0.900237	-7.416	-6.51576
BLOCK27/SES276/SA276S26	SES292	-0.340086	-6.85585	-6.51576
BLOCK27/SES276/SA276S28	SES101	-0.630078	-7.38518	-6.7551
BLOCK27/SES276/SA276S28	SES177	-0.954501	-7.7096	-6.7551
BLOCK27/SES276/SA276S28	SES180	-0.262269	-7.01737	-6.7551
BLOCK27/SES276/SA276S28	SES292	-0.348033	-7.10314	-6.7551
BLOCK27/SES277/SA277S12	SES101	-0.451321	-8.77338	-8.32206
BLOCK27/SES277/SA277S12	SES177	-2.34669	-10.6687	-8.32206
BLOCK27/SES277/SA277S12	SES180	-2.06488	-10.3869	-8.32206
BLOCK27/SES277/SA277S12	SES292	-1.67742	-9.99948	-8.32206
BLOCK27/SES277/SA277S14	SES177	-1.37217	-9.96392	-8.59175
BLOCK27/SES277/SA277S14	SES180	-1.94107	-10.5328	-8.59175
BLOCK27/SES277/SA277S14	SES189	-0.0149517	-8.6067	-8.59175
BLOCK27/SES277/SA277S14	SES292	-2.31113	-10.9029	-8.59175
BLOCK27/SES277/SA277S21	SES177	-0.475864	-9.12367	-8.6478
BLOCK27/SES277/SA277S21	SES180	-1.0312	-9.679	-8.6478
BLOCK27/SES277/SA277S21	SES189	0.182233	-8.46557	-8.6478
BLOCK27/SES277/SA277S21	SES292	-2.80698	-11.4548	-8.6478
BLOCK27/SES277/SA277S24	SES144	-0.532036	-9.36715	-8.83511
BLOCK27/SES277/SA277S24	SES177	-1.56727	-10.4024	-8.83511
BLOCK27/SES277/SA277S24	SES180	-2.60927	-11.4444	-8.83511
BLOCK27/SES277/SA277S24	SES189	0.209153	-8.62596	-8.83511
BLOCK27/SES277/SA277S29	SES177	-1.30782	-7.40148	-6.09366
BLOCK27/SES277/SA277S29	SES180	-1.13781	-7.23147	-6.09366
BLOCK27/SES277/SA277S29	SES202	-0.714182	-6.80784	-6.09366
BLOCK27/SES277/SA277S29	SES292	-1.74113	-7.83479	-6.09366
BLOCK27/SES279/SA279S09	SES120	-0.925445	-7.55888	-6.63344
BLOCK27/SES279/SA279S09	SES146	-1.28866	-7.92209	-6.63344
BLOCK27/SES279/SA279S09	SES206	-0.632064	-7.2655	-6.63344
BLOCK27/SES279/SA279S09	SES226	-1.14171	-7.77515	-6.63344
BLOCK27/SES279/SA279S10	SES099	-1.00838	-8.37023	-7.36185
BLOCK27/SES279/SA279S10	SES206	-1.53859	-8.90043	-7.36185
BLOCK27/SES279/SA279S10	SES226	-2.04481	-9.40666	-7.36185
BLOCK27/SES279/SA279S10	SES292	-0.207077	-7.56892	-7.36185
BLOCK27/SES279/SA279S20	SES099	-1.40569	-8.91513	-7.50944
BLOCK27/SES279/SA279S20	SES206	-0.699703	-8.20914	-7.50944
BLOCK27/SES279/SA279S20	SES226	-1.78121	-9.29064	-7.50944
BLOCK27/SES279/SA279S20	SES292	-0.253781	-7.76322	-7.50944
BLOCK27/SES279/SA279S26	SES099	-0.386403	-8.79621	-8.4098
BLOCK27/SES279/SA279S26	SES206	-1.01426	-9.42406	-8.4098
BLOCK27/SES279/SA279S26	SES226	-1.08268	-9.49249	-8.4098
BLOCK27/SES279/SA279S26	SES292	0.823698	-7.58611	-8.4098
BLOCK27/SES279/SA279S28	SES099	-0.47624	-7.04571	-6.56947
BLOCK27/SES279/SA279S28	SES120	-0.713095	-7.28256	-6.56947
BLOCK27/SES279/SA279S28	SES177	-2.18884	-8.75831	-6.56947
BLOCK27/SES279/SA279S28	SES206	-0.995188	-7.56465	-6.56947
BLOCK29/SES290/SA290S12	SES162	-0.301871	-6.03364	-5.73177
BLOCK29/SES290/SA290S12	SES177	-0.474793	-6.20656	-5.73177
BLOCK29/SES290/SA290S12	SES180	-0.657306	-6.38908	-5.73177
BLOCK29/SES290/SA290S12	SES292	-1.17078	-6.90255	-5.73177
BLOCK29/SES290/SA290S13	SES007	-0.123446	-6.38926	-6.26582
BLOCK29/SES290/SA290S13	SES162	-1.42023	-7.68605	-6.26582
BLOCK29/SES290/SA290S13	SES177	-1.11665	-7.38246	-6.26582
BLOCK29/SES290/SA290S13	SES180	-0.549574	-6.81539	-6.26582
BLOCK29/SES290/SA290S22	SES177	-0.966127	-7.43775	-6.47162
BLOCK29/SES290/SA290S22	SES180	-0.708504	-7.18013	-6.47162
BLOCK29/SES290/SA290S22	SES202	-0.412779	-6.8844	-6.47162
BLOCK29/SES290/SA290S22	SES292	-0.574982	-7.04661	-6.47162
BLOCK29/SES290/SA290S25	SES162	-0.806181	-7.12373	-6.31755
BLOCK29/SES290/SA290S25	SES177	-1.10734	-7.42489	-6.31755
BLOCK29/SES290/SA290S25	SES180	-1.02119	-7.33874	-6.31755
BLOCK29/SES290/SA290S25	SES292	-0.749032	-7.06658	-6.31755
BLOCK29/SES290/SA290S29	SES177	-0.701334	-6.87848	-6.17715
BLOCK29/SES290/SA290S29	SES180	0.0391002	-6.13805	-6.17715
BLOCK29/SES290/SA290S29	SES275	-0.663636	-6.84078	-6.17715
BLOCK29/SES290/SA290S29	SES292	-0.495022	-6.67217	-6.17715
BLOCK29/SES291/SA291S11	SES105	-1.50576	-9.43933	-7.93357
BLOCK29/SES291/SA291S11	SES125	-1.16697	-9.10054	-7.93357
BLOCK29/SES291/SA291S11	SES158	-0.538141	-8.47171	-7.93357
BLOCK29/SES291/SA291S11	SES275	-1.10469	-9.03826	-7.93357
BLOCK29/SES291/SA291S12	SES158	0.347228	-7.07919	-7.42642
BLOCK29/SES291/SA291S12	SES226	-1.01614	-8.44256	-7.42642
BLOCK29/SES291/SA291S12	SES270	-0.655094	-8.08151	-7.42642
BLOCK29/SES291/SA291S12	SES275	-2.39305	-9.81947	-7.42642
BLOCK29/SES291/SA291S22	SES082	-0.707404	-8.35018	-7.64278
BLOCK29/SES291/SA291S22	SES158	-0.252644	-7.89542	-7.64278
BLOCK29/SES291/SA291S22	SES259	-0.834111	-8.47689	-7.64278
BLOCK29/SES291/SA291S22	SES275	-1.67489	-9.31767	-7.64278
BLOCK29/SES291/SA291S24	SES104	0.27718	-6.88431	-7.16149
BLOCK29/SES291/SA291S24	SES125	-0.388623	-7.55012	-7.16149
BLOCK29/SES291/SA291S24	SES158	-0.0929146	-7.25441	-7.16149
BLOCK29/SES291/SA291S24	SES275	-1.69048	-8.85197	-7.16149
BLOCK29/SES291/SA291S27	SES158	0.00566149	-7.01773	-7.02339
BLOCK29/SES291/SA291S27	SES172	-2.20033	-9.22372	-7.02339
BLOCK29/SES291/SA291S27	SES275	-1.66226	-8.68565	-7.02339
BLOCK29/SES291/SA291S27	SES292	-0.407712	-7.4311	-7.02339
