BLOCK00/SES002/SA002S12	SES002	0.844528	-41.2724	-42.1169
BLOCK00/SES002/SA002S13	SES002	1.88806	-40.4411	-42.3292
BLOCK00/SES002/SA002S23	SES002	1.17159	-40.5627	-41.7343
BLOCK00/SES002/SA002S26	SES002	1.97069	-40.3242	-42.2949
BLOCK00/SES002/SA002S28	SES002	1.30413	-40.7345	-42.0387
BLOCK00/SES007/SA007S14	SES007	1.35366	-39.9072	-41.2609
BLOCK00/SES007/SA007S15	SES007	0.728069	-41.3634	-42.0915
BLOCK00/SES007/SA007S24	SES007	0.831291	-41.0998	-41.9311
BLOCK00/SES007/SA007S27	SES007	0.677341	-41.9373	-42.6146
BLOCK00/SES007/SA007S29	SES007	0.389149	-40.7869	-41.176
BLOCK00/SES008/SA008S11	SES008	1.27559	-41.1561	-42.4317
BLOCK00/SES008/SA008S12	SES008	0.531502	-41.7209	-42.2524
BLOCK00/SES008/SA008S19	SES008	1.40699	-40.4975	-41.9045
BLOCK00/SES008/SA008S22	SES008	0.994827	-41.4458	-42.4406
BLOCK00/SES008/SA008S29	SES008	1.33109	-40.8609	-42.192
BLOCK01/SES014/SA014S10	SES014	2.31822	-40.2861	-42.6043
BLOCK01/SES014/SA014S12	SES014	2.77732	-38.5739	-41.3513
BLOCK01/SES014/SA014S24	SES014	1.4582	-40.4436	-41.9018
BLOCK01/SES014/SA014S26	SES014	2.15496	-38.4882	-40.6431
BLOCK01/SES014/SA014S28	SES014	2.77798	-38.4431	-41.2211
BLOCK01/SES016/SA016S12	SES016	1.37715	-42.0227	-43.3998
BLOCK01/SES016/SA016S13	SES016	1.67555	-40.8232	-42.4987
BLOCK01/SES016/SA016S22	SES016	0.636467	-41.8332	-42.4697
BLOCK01/SES016/SA016S25	SES016	1.54344	-39.4066	-40.9501
BLOCK01/SES016/SA016S27	SES016	2.08172	-39.5143	-41.596
BLOCK01/SES019/SA019S13	SES019	2.91843	-41.0494	-43.9678
BLOCK01/SES019/SA019S14	SES019	1.90663	-41.2581	-43.1647
BLOCK01/SES019/SA019S22	SES019	2.65179	-40.7165	-43.3683
BLOCK01/SES019/SA019S25	SES019	2.62989	-41.0541	-43.684
BLOCK01/SES019/SA019S29	SES019	3.30899	-40.9054	-44.2144
BLOCK02/SES029/SA029S11	SES029	1.65794	-40.3418	-41.9997
BLOCK02/SES029/SA029S12	SES029	1.11456	-40.6519	-41.7665
BLOCK02/SES029/SA029S20	SES029	0.772812	-42.029	-42.8018
BLOCK02/SES029/SA029S25	SES029	0.710865	-40.9162	-41.6271
BLOCK02/SES029/SA029S28	SES029	0.660652	-41.4881	-42.1487
BLOCK04/SES042/SA042S12	SES042	2.10424	-39.6429	-41.7472
BLOCK04/SES042/SA042S15	SES042	2.4336	-40.0144	-42.448
BLOCK04/SES042/SA042S22	SES042	3.3241	-38.4293	-41.7534
BLOCK04/SES042/SA042S25	SES042	2.17572	-40.9908	-43.1665
BLOCK04/SES042/SA042S27	SES042	2.07896	-39.8453	-41.9242
BLOCK04/SES048/SA048S11	SES048	1.71351	-40.5414	-42.2549
BLOCK04/SES048/SA048S12	SES048	0.567444	-41.4478	-42.0152
BLOCK04/SES048/SA048S20	SES048	0.836262	-41.0364	-41.8727
BLOCK04/SES048/SA048S23	SES048	1.61155	-41.2357	-42.8472
BLOCK04/SES048/SA048S27	SES048	0.711288	-40.7046	-41.4159
BLOCK06/SES060/SA060S11	SES060	1.40622	-40.6342	-42.0405
BLOCK06/SES060/SA060S12	SES060	-0.438927	-42.4689	-42.0299
BLOCK06/SES060/SA060S22	SES060	0.109749	-42.5026	-42.6123
BLOCK06/SES060/SA060S24	SES060	0.799023	-40.9096	-41.7087
BLOCK06/SES060/SA060S28	SES060	1.14491	-39.3961	-40.541
BLOCK06/SES062/SA062S10	SES062	0.9762	-40.7852	-41.7614
BLOCK06/SES062/SA062S11	SES062	1.5861	-40.4028	-41.9889
BLOCK06/SES062/SA062S21	SES062	2.18463	-38.583	-40.7676
BLOCK06/SES062/SA062S26	SES062	0.719162	-40.0743	-40.7935
BLOCK06/SES062/SA062S29	SES062	1.3518	-39.696	-41.0478
BLOCK06/SES068/SA068S14	SES068	0.429993	-41.4558	-41.8858
BLOCK06/SES068/SA068S15	SES068	1.13453	-40.1835	-41.318
BLOCK06/SES068/SA068S23	SES068	0.7822	-41.4402	-42.2224
BLOCK06/SES068/SA068S27	SES068	1.93199	-39.7178	-41.6498
BLOCK06/SES068/SA068S29	SES068	1.04223	-40.466	-41.5082
BLOCK08/SES082/SA082S12	SES082	0.965797	-42.1079	-43.0737
BLOCK08/SES082/SA082S14	SES082	0.371883	-42.6921	-43.0639
BLOCK08/SES082/SA082S21	SES082	0.578972	-41.9252	-42.5042
BLOCK08/SES082/SA082S24	SES082	0.899658	-41.7439	-42.6436
BLOCK08/SES082/SA082S28	SES082	0.406975	-42.1767	-42.5837
BLOCK08/SES083/SA083S14	SES083	-0.344505	-41.9422	-41.5977
BLOCK08/SES083/SA083S15	SES083	0.0629082	-41.5228	-41.5857
BLOCK08/SES083/SA083S24	SES083	-0.0867157	-41.9503	-41.8636
BLOCK08/SES083/SA083S26	SES083	0.715496	-41.19	-41.9055
BLOCK08/SES083/SA083S29	SES083	-0.342503	-41.739	-41.3965
BLOCK08/SES085/SA085S10	SES085	0.245239	-41.564	-41.8092
BLOCK08/SES085/SA085S13	SES085	0.852081	-41.4239	-42.276
BLOCK08/SES085/SA085S22	SES085	-0.946476	-42.8922	-41.9457
BLOCK08/SES085/SA085S26	SES085	-0.592278	-42.4782	-41.8859
BLOCK08/SES085/SA085S28	SES085	0.866383	-40.9787	-41.8451
BLOCK08/SES087/SA087S15	SES087	1.47568	-41.278	-42.7536
BLOCK08/SES087/SA087S16	SES087	1.57027	-40.9706	-42.5409
BLOCK08/SES087/SA087S24	SES087	1.58167	-41.1051	-42.6868
BLOCK08/SES087/SA087S26	SES087	1.73891	-39.6827	-41.4216
BLOCK08/SES087/SA087S29	SES087	1.8674	-40.7821	-42.6495
BLOCK09/SES099/SA099S15	SES099	1.2384	-41.4633	-42.7017
BLOCK09/SES099/SA099S16	SES099	1.58366	-40.9005	-42.4842
BLOCK09/SES099/SA099S24	SES099	1.4448	-40.5412	-41.986
BLOCK09/SES099/SA099S26	SES099	1.50952	-40.6014	-42.1109
BLOCK09/SES099/SA099S29	SES099	1.47927	-40.6348	-42.1141
BLOCK10/SES101/SA101S11	SES101	0.807293	-40.8079	-41.6152
BLOCK10/SES101/SA101S13	SES101	1.01157	-40.6406	-41.6521
BLOCK10/SES101/SA101S22	SES101	1.51699	-41.2965	-42.8135
BLOCK10/SES101/SA101S24	SES101	1.77388	-40.708	-42.4819
BLOCK10/SES101/SA101S28	SES101	0.381149	-41.8772	-42.2584
BLOCK10/SES104/SA104S11	SES104	1.30396	-40.0508	-41.3547
BLOCK10/SES104/SA104S12	SES104	1.63647	-39.9483	-41.5847
BLOCK10/SES104/SA104S21	SES104	0.868889	-41.1504	-42.0193
BLOCK10/SES104/SA104S24	SES104	0.861683	-41.6318	-42.4935
BLOCK10/SES104/SA104S28	SES104	1.27018	-41.1578	-42.428
BLOCK10/SES105/SA105S12	SES105	0.666676	-42.3026	-42.9693
BLOCK10/SES105/SA105S13	SES105	1.08628	-41.6882	-42.7745
BLOCK10/SES105/SA105S22	SES105	0.55764	-42.7213	-43.2789
BLOCK10/SES105/SA105S26	SES105	1.44773	-41.6496	-43.0973
BLOCK10/SES105/SA105S29	SES105	0.957809	-41.4791	-42.4369
BLOCK10/SES106/SA106S09	SES106	1.13102	-42.7299	-43.8609
BLOCK10/SES106/SA106S11	SES106	1.35016	-40.6048	-41.9549
BLOCK10/SES106/SA106S22	SES106	2.55684	-40.8962	-43.4531
BLOCK10/SES106/SA106S27	SES106	1.25275	-41.3759	-42.6287
BLOCK10/SES106/SA106S29	SES106	0.946068	-41.1997	-42.1457
BLOCK11/SES117/SA117S12	SES117	0.597202	-41.3255	-41.9227
BLOCK11/SES117/SA117S13	SES117	0.540749	-41.3243	-41.865
BLOCK11/SES117/SA117S23	SES117	1.70177	-41.9714	-43.6732
BLOCK11/SES117/SA117S25	SES117	0.766907	-42.2705	-43.0374
BLOCK11/SES117/SA117S28	SES117	1.05613	-42.1187	-43.1748
BLOCK12/SES120/SA120S08	SES120	0.92149	-42.7454	-43.6669
BLOCK12/SES120/SA120S11	SES120	0.875465	-43.8988	-44.7743
BLOCK12/SES120/SA120S22	SES120	0.63348	-41.744	-42.3774
BLOCK12/SES120/SA120S24	SES120	0.304779	-42.6478	-42.9526
BLOCK12/SES120/SA120S28	SES120	0.0408783	-43.7614	-43.8023
BLOCK12/SES125/SA125S13	SES125	1.49544	-40.2983	-41.7937
BLOCK12/SES125/SA125S14	SES125	1.35088	-40.8509	-42.2018
BLOCK12/SES125/SA125S25	SES125	2.14198	-40.1086	-42.2505
BLOCK12/SES125/SA125S27	SES125	1.91056	-39.5867	-41.4972
BLOCK12/SES125/SA125S29	SES125	1.49057	-40.3	-41.7906
BLOCK12/SES127/SA127S11	SES127	0.693153	-41.754	-42.4471
BLOCK12/SES127/SA127S12	SES127	-0.499226	-42.0262	-41.527
BLOCK12/SES127/SA127S23	SES127	0.466694	-41.6016	-42.0683
BLOCK12/SES127/SA127S25	SES127	-0.847923	-42.568	-41.7201
BLOCK12/SES127/SA127S27	SES127	1.10605	-40.5661	-41.6722
BLOCK12/SES129/SA129S11	SES129	1.13031	-40.2088	-41.3391
BLOCK12/SES129/SA129S12	SES129	1.29845	-40.1241	-41.4225
BLOCK12/SES129/SA129S22	SES129	1.04653	-40.6917	-41.7382
BLOCK12/SES129/SA129S27	SES129	1.89588	-39.7581	-41.654
BLOCK12/SES129/SA129S29	SES129	1.59597	-40.1209	-41.7169
BLOCK14/SES142/SA142S11	SES142	1.42424	-41.1052	-42.5294
BLOCK14/SES142/SA142S12	SES142	1.08421	-41.6263	-42.7105
BLOCK14/SES142/SA142S24	SES142	1.75451	-40.8663	-42.6208
BLOCK14/SES142/SA142S27	SES142	1.85843	-40.6354	-42.4939
BLOCK14/SES142/SA142S29	SES142	1.92619	-39.8883	-41.8145
BLOCK14/SES143/SA143S12	SES143	1.31576	-41.3662	-42.682
BLOCK14/SES143/SA143S13	SES143	0.865005	-41.663	-42.528
BLOCK14/SES143/SA143S23	SES143	1.17358	-41.6173	-42.7909
BLOCK14/SES143/SA143S25	SES143	1.0996	-41.4007	-42.5003
BLOCK14/SES143/SA143S28	SES143	0.779411	-41.0476	-41.827
BLOCK14/SES144/SA144S09	SES144	0.820362	-41.1791	-41.9995
BLOCK14/SES144/SA144S11	SES144	0.719734	-42.3588	-43.0785
BLOCK14/SES144/SA144S21	SES144	0.269108	-42.1875	-42.4566
BLOCK14/SES144/SA144S25	SES144	0.410198	-42.2044	-42.6146
BLOCK14/SES144/SA144S29	SES144	0.425407	-41.778	-42.2034
BLOCK14/SES146/SA146S14	SES146	0.764317	-42.1668	-42.9312
BLOCK14/SES146/SA146S15	SES146	0.216537	-42.1909	-42.4075
BLOCK14/SES146/SA146S24	SES146	0.78392	-41.8297	-42.6136
BLOCK14/SES146/SA146S26	SES146	1.11971	-41.9804	-43.1001
BLOCK14/SES146/SA146S29	SES146	0.250725	-42.9872	-43.2379
BLOCK14/SES147/SA147S11	SES147	2.14864	-41.1749	-43.3236
BLOCK14/SES147/SA147S13	SES147	1.98196	-40.5229	-42.5048
BLOCK14/SES147/SA147S23	SES147	1.78716	-41.6142	-43.4013
BLOCK14/SES147/SA147S26	SES147	1.49125	-41.5355	-43.0268
BLOCK14/SES147/SA147S28	SES147	2.56567	-40.6562	-43.2219
BLOCK14/SES148/SA148S10	SES148	1.16428	-40.8179	-41.9822
BLOCK14/SES148/SA148S12	SES148	0.772976	-41.8885	-42.6615
BLOCK14/SES148/SA148S22	SES148	1.03244	-40.3518	-41.3842
BLOCK14/SES148/SA148S26	SES148	0.942356	-40.9272	-41.8696
BLOCK14/SES148/SA148S29	SES148	0.4184	-42.1022	-42.5206
BLOCK14/SES149/SA149S13	SES149	-0.0500107	-42.1125	-42.0625
BLOCK14/SES149/SA149S14	SES149	0.327492	-41.2661	-41.5936
BLOCK14/SES149/SA149S24	SES149	1.13953	-41.0575	-42.197
BLOCK14/SES149/SA149S26	SES149	1.69819	-40.5466	-42.2448
BLOCK14/SES149/SA149S28	SES149	2.19984	-39.5495	-41.7493
BLOCK15/SES158/SA158S13	SES158	0.876595	-42.0168	-42.8934
BLOCK15/SES158/SA158S14	SES158	1.85374	-41.6519	-43.5056
BLOCK15/SES158/SA158S23	SES158	0.949738	-41.4323	-42.382
BLOCK15/SES158/SA158S26	SES158	1.43627	-41.1465	-42.5828
BLOCK15/SES158/SA158S28	SES158	0.966885	-41.8317	-42.7985
BLOCK16/SES162/SA162S10	SES162	0.815132	-42.3933	-43.2084
BLOCK16/SES162/SA162S11	SES162	1.0521	-41.2179	-42.27
BLOCK16/SES162/SA162S21	SES162	1.62341	-40.9874	-42.6109
BLOCK16/SES162/SA162S24	SES162	1.13476	-41.4272	-42.562
BLOCK16/SES162/SA162S27	SES162	1.07873	-41.9565	-43.0353
BLOCK16/SES167/SA167S14	SES167	1.01917	-40.2527	-41.2719
BLOCK16/SES167/SA167S15	SES167	1.53199	-40.5507	-42.0827
BLOCK16/SES167/SA167S21	SES167	1.6567	-39.6774	-41.3341
BLOCK16/SES167/SA167S25	SES167	1.45341	-40.9255	-42.379
BLOCK16/SES167/SA167S29	SES167	2.26046	-39.3872	-41.6477
BLOCK17/SES172/SA172S12	SES172	1.27454	-41.2918	-42.5663
BLOCK17/SES172/SA172S13	SES172	1.73117	-40.9844	-42.7155
BLOCK17/SES172/SA172S23	SES172	1.22323	-39.9432	-41.1665
BLOCK17/SES172/SA172S27	SES172	1.17432	-41.1376	-42.3119
BLOCK17/SES172/SA172S29	SES172	1.46342	-40.8597	-42.3231
BLOCK17/SES175/SA175S11	SES175	1.29232	-40.9496	-42.2419
BLOCK17/SES175/SA175S13	SES175	1.02146	-41.0255	-42.047
BLOCK17/SES175/SA175S23	SES175	1.353	-41.182	-42.535
BLOCK17/SES175/SA175S25	SES175	0.693062	-42.742	-43.435
BLOCK17/SES175/SA175S28	SES175	1.32339	-40.8171	-42.1404
BLOCK17/SES177/SA177S15	SES177	-0.0891342	-41.9886	-41.8995
BLOCK17/SES177/SA177S17	SES177	0.154381	-41.7621	-41.9165
BLOCK17/SES177/SA177S23	SES177	0.203445	-42.0242	-42.2277
BLOCK17/SES177/SA177S26	SES177	0.397141	-40.1703	-40.5674
BLOCK17/SES177/SA177S28	SES177	0.45932	-40.7589	-41.2182
BLOCK18/SES180/SA180S13	SES180	0.524223	-41.5246	-42.0489
BLOCK18/SES180/SA180S15	SES180	0.661247	-41.7096	-42.3709
BLOCK18/SES180/SA180S24	SES180	0.813286	-40.1861	-40.9994
BLOCK18/SES180/SA180S26	SES180	1.04358	-40.8179	-41.8615
BLOCK18/SES180/SA180S29	SES180	0.845001	-41.5299	-42.3749
BLOCK18/SES183/SA183S13	SES183	1.11311	-41.7056	-42.8187
BLOCK18/SES183/SA183S14	SES183	0.407631	-42.3589	-42.7665
BLOCK18/SES183/SA183S24	SES183	1.09925	-42.0111	-43.1103
BLOCK18/SES183/SA183S27	SES183	1.10024	-41.7659	-42.8661
BLOCK18/SES183/SA183S29	SES183	1.19439	-41.0828	-42.2772
BLOCK18/SES187/SA187S13	SES187	0.787365	-42.0843	-42.8717
BLOCK18/SES187/SA187S14	SES187	0.73386	-42.0946	-42.8284
BLOCK18/SES187/SA187S24	SES187	1.31363	-41.5274	-42.8411
BLOCK18/SES187/SA187S27	SES187	1.41441	-40.8159	-42.2303
BLOCK18/SES187/SA187S29	SES187	0.924625	-42.1273	-43.052
BLOCK18/SES189/SA189S10	SES189	1.73867	-42.9337	-44.6724
BLOCK18/SES189/SA189S13	SES189	1.81961	-43.41	-45.2296
BLOCK18/SES189/SA189S24	SES189	1.81521	-42.4981	-44.3134
BLOCK18/SES189/SA189S26	SES189	1.38266	-42.1704	-43.553
BLOCK18/SES189/SA189S29	SES189	2.19149	-42.0558	-44.2472
BLOCK20/SES202/SA202S12	SES202	0.828159	-42.5914	-43.4196
BLOCK20/SES202/SA202S14	SES202	2.23256	-40.5912	-42.8238
BLOCK20/SES202/SA202S24	SES202	1.69453	-41.3237	-43.0183
BLOCK20/SES202/SA202S27	SES202	1.43455	-40.3783	-41.8129
BLOCK20/SES202/SA202S29	SES202	1.73631	-40.269	-42.0053
BLOCK20/SES206/SA206S15	SES206	0.0944138	-41.2632	-41.3576
BLOCK20/SES206/SA206S17	SES206	1.83371	-39.83	-41.6637
BLOCK20/SES206/SA206S24	SES206	1.63552	-39.9341	-41.5696
BLOCK20/SES206/SA206S27	SES206	1.62409	-40.8591	-42.4832
BLOCK20/SES206/SA206S29	SES206	1.65399	-39.6953	-41.3493
BLOCK22/SES226/SA226S12	SES226	1.45903	-41.3539	-42.813
BLOCK22/SES226/SA226S13	SES226	-0.34787	-42.8012	-42.4534
BLOCK22/SES226/SA226S20	SES226	1.39438	-41.525	-42.9193
BLOCK22/SES226/SA226S23	SES226	1.18415	-41.2476	-42.4317
BLOCK22/SES226/SA226S28	SES226	1.98252	-40.5849	-42.5674
BLOCK25/SES259/SA259S13	SES259	2.86996	-39.4876	-42.3576
BLOCK25/SES259/SA259S14	SES259	1.84162	-40.1825	-42.0241
BLOCK25/SES259/SA259S22	SES259	1.74697	-40.1994	-41.9463
BLOCK25/SES259/SA259S24	SES259	1.81435	-39.9006	-41.7149
BLOCK25/SES259/SA259S28	SES259	1.76253	-39.7342	-41.4967
BLOCK27/SES270/SA270S14	SES270	2.14761	-41.5369	-43.6845
BLOCK27/SES270/SA270S16	SES270	0.768494	-41.6357	-42.4042
BLOCK27/SES270/SA270S22	SES270	2.39285	-40.5633	-42.9562
BLOCK27/SES270/SA270S26	SES270	1.05457	-42.3675	-43.4221
BLOCK27/SES270/SA270S28	SES270	1.15269	-41.0195	-42.1722
BLOCK27/SES275/SA275S17	SES275	1.37086	-41.6751	-43.046
BLOCK27/SES275/SA275S18	SES275	0.476292	-41.7139	-42.1902
BLOCK27/SES275/SA275S24	SES275	0.596066	-43.0856	-43.6817
BLOCK27/SES275/SA275S26	SES275	1.19641	-41.0466	-42.2431
BLOCK27/SES275/SA275S28	SES275	0.495777	-41.5021	-41.9979
BLOCK29/SES292/SA292S10	SES292	0.198029	-42.015	-42.213
BLOCK29/SES292/SA292S12	SES292	0.133877	-42.7929	-42.9268
BLOCK29/SES292/SA292S22	SES292	0.910038	-41.0683	-41.9783
BLOCK29/SES292/SA292S24	SES292	0.459522	-41.3468	-41.8064
BLOCK29/SES292/SA292S27	SES292	0.0927696	-41.3695	-41.4623
BLOCK00/SES001/SA001S14	SES062	-2.12661	-44.6606	-42.534
BLOCK00/SES001/SA001S14	SES082	-2.20028	-44.7343	-42.534
BLOCK00/SES001/SA001S14	SES106	-2.67751	-45.2115	-42.534
BLOCK00/SES001/SA001S14	SES206	-2.55163	-45.0856	-42.534
BLOCK00/SES001/SA001S15	SES062	-1.90381	-43.6456	-41.7418
BLOCK00/SES001/SA001S15	SES104	-3.63015	-45.372	-41.7418
BLOCK00/SES001/SA001S15	SES106	-2.37749	-44.1193	-41.7418
BLOCK00/SES001/SA001S15	SES206	-3.44467	-45.1865	-41.7418
BLOCK00/SES001/SA001S24	SES062	-3.09073	-45.8925	-42.8018
BLOCK00/SES001/SA001S24	SES082	-2.31877	-45.1205	-42.8018
BLOCK00/SES001/SA001S24	SES087	-2.90149	-45.7033	-42.8018
BLOCK00/SES001/SA001S24	SES206	-2.01935	-44.8211	-42.8018
BLOCK00/SES001/SA001S27	SES062	-1.97601	-43.4998	-41.5238
BLOCK00/SES001/SA001S27	SES082	-2.17546	-43.6992	-41.5238
BLOCK00/SES001/SA001S27	SES087	-2.99845	-44.5222	-41.5238
BLOCK00/SES001/SA001S27	SES206	-2.88226	-44.406	-41.5238
BLOCK00/SES001/SA001S29	SES062	-2.54515	-45.1044	-42.5592
BLOCK00/SES001/SA001S29	SES082	-1.96988	-44.5291	-42.5592
BLOCK00/SES001/SA001S29	SES158	-1.37812	-43.9374	-42.5592
BLOCK00/SES001/SA001S29	SES206	-3.70665	-46.2659	-42.5592
BLOCK00/SES003/SA003S11	SES002	-0.83683	-43.5517	-42.7148
BLOCK00/SES003/SA003S11	SES019	-1.47052	-44.1854	-42.7148
BLOCK00/SES003/SA003S11	SES082	-0.264259	-42.9791	-42.7148
BLOCK00/SES003/SA003S11	SES125	-1.0957	-43.8106	-42.7148
BLOCK00/SES003/SA003S15	SES016	-2.50085	-44.7501	-42.2493
BLOCK00/SES003/SA003S15	SES019	-1.93444	-44.1837	-42.2493
BLOCK00/SES003/SA003S15	SES062	-2.32782	-44.5771	-42.2493
BLOCK00/SES003/SA003S15	SES206	-1.16177	-43.411	-42.2493
BLOCK00/SES003/SA003S22	SES002	-2.41061	-44.4706	-42.06
BLOCK00/SES003/SA003S22	SES062	-1.86919	-43.9292	-42.06
BLOCK00/SES003/SA003S22	SES082	-1.06047	-43.1205	-42.06
BLOCK00/SES003/SA003S22	SES087	-1.82475	-43.8848	-42.06
BLOCK00/SES003/SA003S25	SES062	-2.96204	-46.0883	-43.1262
BLOCK00/SES003/SA003S25	SES082	-0.435768	-43.562	-43.1262
BLOCK00/SES003/SA003S25	SES087	-1.57233	-44.6986	-43.1262
BLOCK00/SES003/SA003S25	SES206	-1.53083	-44.6571	-43.1262
BLOCK00/SES003/SA003S29	SES002	-1.96992	-44.8754	-42.9055
BLOCK00/SES003/SA003S29	SES062	-2.32674	-45.2323	-42.9055
BLOCK00/SES003/SA003S29	SES082	-0.64994	-43.5555	-42.9055
BLOCK00/SES003/SA003S29	SES087	-2.03342	-44.9389	-42.9055
BLOCK00/SES004/SA004S12	SES083	-2.19577	-44.5565	-42.3607
BLOCK00/SES004/SA004S12	SES148	-1.84849	-44.2092	-42.3607
BLOCK00/SES004/SA004S12	SES172	-1.32721	-43.6879	-42.3607
BLOCK00/SES004/SA004S12	SES292	-2.34017	-44.7009	-42.3607
BLOCK00/SES004/SA004S17	SES083	-2.46857	-45.1897	-42.7212
BLOCK00/SES004/SA004S17	SES162	-0.962082	-43.6832	-42.7212
BLOCK00/SES004/SA004S17	SES172	-2.27605	-44.9972	-42.7212
BLOCK00/SES004/SA004S17	SES292	-2.54962	-45.2708	-42.7212
BLOCK00/SES004/SA004S24	SES083	-2.09221	-43.8567	-41.7645
BLOCK00/SES004/SA004S24	SES148	-1.96121	-43.7257	-41.7645
BLOCK00/SES004/SA004S24	SES172	-1.26051	-43.025	-41.7645
BLOCK00/SES004/SA004S24	SES292	-1.84019	-43.6047	-41.7645
BLOCK00/SES004/SA004S26	SES083	-1.99177	-44.0052	-42.0134
BLOCK00/SES004/SA004S26	SES127	-1.28471	-43.2981	-42.0134
BLOCK00/SES004/SA004S26	SES148	-2.32247	-44.3359	-42.0134
BLOCK00/SES004/SA004S26	SES292	-2.24721	-44.2606	-42.0134
BLOCK00/SES004/SA004S28	SES083	-2.18866	-43.6286	-41.4399
BLOCK00/SES004/SA004S28	SES127	-0.728291	-42.1682	-41.4399
BLOCK00/SES004/SA004S28	SES187	-0.804321	-42.2442	-41.4399
BLOCK00/SES004/SA004S28	SES292	-2.4823	-43.9222	-41.4399
BLOCK00/SES006/SA006S10	SES014	-2.92321	-47.6926	-44.7694
BLOCK00/SES006/SA006S10	SES158	-0.944859	-45.7143	-44.7694
BLOCK00/SES006/SA006S10	SES226	-3.7113	-48.4807	-44.7694
BLOCK00/SES006/SA006S10	SES270	-0.359928	-45.1293	-44.7694
BLOCK00/SES006/SA006S11	SES158	-1.16122	-45.6099	-44.4487
BLOCK00/SES006/SA006S11	SES226	-2.73155	-47.1802	-44.4487
BLOCK00/SES006/SA006S11	SES270	-0.150661	-44.5993	-44.4487
BLOCK00/SES006/SA006S11	SES275	-3.75714	-48.2058	-44.4487
BLOCK00/SES006/SA006S23	SES062	-2.23499	-45.6637	-43.4288
BLOCK00/SES006/SA006S23	SES105	-2.32587	-45.7546	-43.4288
BLOCK00/SES006/SA006S23	SES158	-1.11828	-44.547	-43.4288
BLOCK00/SES006/SA006S23	SES275	-2.64327	-46.072	-43.4288
BLOCK00/SES006/SA006S26	SES104	-2.26448	-45.4702	-43.2057
BLOCK00/SES006/SA006S26	SES158	-0.461357	-43.667	-43.2057
BLOCK00/SES006/SA006S26	SES270	0.442547	-42.7631	-43.2057
BLOCK00/SES006/SA006S26	SES275	-3.50364	-46.7093	-43.2057
BLOCK00/SES006/SA006S28	SES007	-2.87538	-46.8221	-43.9468
BLOCK00/SES006/SA006S28	SES105	-2.45845	-46.4052	-43.9468
BLOCK00/SES006/SA006S28	SES158	-1.68701	-45.6338	-43.9468
BLOCK00/SES006/SA006S28	SES275	-3.69671	-47.6435	-43.9468
BLOCK00/SES009/SA009S12	SES083	-2.20048	-44.4017	-42.2012
BLOCK00/SES009/SA009S12	SES148	-1.55265	-43.7539	-42.2012
BLOCK00/SES009/SA009S12	SES177	-1.1448	-43.346	-42.2012
BLOCK00/SES009/SA009S12	SES292	-1.45464	-43.6558	-42.2012
BLOCK00/SES009/SA009S15	SES007	-0.0949402	-41.6457	-41.5508
BLOCK00/SES009/SA009S15	SES099	-9.60174	-51.1525	-41.5508
BLOCK00/SES009/SA009S15	SES148	-1.61671	-43.1675	-41.5508
BLOCK00/SES009/SA009S15	SES172	-0.753464	-42.3042	-41.5508
BLOCK00/SES009/SA009S24	SES146	-0.963444	-42.6432	-41.6797
BLOCK00/SES009/SA009S24	SES148	-1.43179	-43.1115	-41.6797
BLOCK00/SES009/SA009S24	SES177	-0.468212	-42.148	-41.6797
BLOCK00/SES009/SA009S24	SES292	-1.09382	-42.7736	-41.6797
BLOCK00/SES009/SA009S26	SES083	-2.27304	-44.4877	-42.2146
BLOCK00/SES009/SA009S26	SES101	-1.80042	-44.0151	-42.2146
BLOCK00/SES009/SA009S26	SES120	-0.7882	-43.0028	-42.2146
BLOCK00/SES009/SA009S26	SES177	-0.81675	-43.0314	-42.2146
BLOCK00/SES009/SA009S29	SES083	-2.0734	-43.715	-41.6416
BLOCK00/SES009/SA009S29	SES101	-1.8009	-43.4425	-41.6416
BLOCK00/SES009/SA009S29	SES177	-0.98872	-42.6304	-41.6416
BLOCK00/SES009/SA009S29	SES292	-1.56856	-43.2102	-41.6416
BLOCK01/SES011/SA011S10	SES019	-1.17894	-44.1265	-42.9475
BLOCK01/SES011/SA011S10	SES042	-0.526897	-43.4744	-42.9475
BLOCK01/SES011/SA011S10	SES082	-2.59525	-45.5428	-42.9475
BLOCK01/SES011/SA011S10	SES206	-0.983868	-43.9314	-42.9475
BLOCK01/SES011/SA011S11	SES019	-1.22687	-44.4113	-43.1844
BLOCK01/SES011/SA011S11	SES042	-1.44127	-44.6257	-43.1844
BLOCK01/SES011/SA011S11	SES082	-2.58005	-45.7645	-43.1844
BLOCK01/SES011/SA011S11	SES206	-0.772167	-43.9566	-43.1844
BLOCK01/SES011/SA011S22	SES019	-0.798717	-43.7135	-42.9148
BLOCK01/SES011/SA011S22	SES042	-0.938618	-43.8534	-42.9148
BLOCK01/SES011/SA011S22	SES082	-1.89206	-44.8068	-42.9148
BLOCK01/SES011/SA011S22	SES206	-0.458565	-43.3733	-42.9148
BLOCK01/SES011/SA011S24	SES019	-0.989491	-43.3895	-42.4
BLOCK01/SES011/SA011S24	SES042	-0.3965	-42.7965	-42.4
BLOCK01/SES011/SA011S24	SES104	-1.59265	-43.9927	-42.4
BLOCK01/SES011/SA011S24	SES206	-0.336964	-42.737	-42.4
BLOCK01/SES011/SA011S27	SES082	-0.00541687	-42.0308	-42.0254
BLOCK01/SES011/SA011S27	SES087	-1.82529	-43.8507	-42.0254
BLOCK01/SES011/SA011S27	SES125	-0.797085	-42.8225	-42.0254
BLOCK01/SES011/SA011S27	SES206	-0.110161	-42.1356	-42.0254
BLOCK01/SES012/SA012S11	SES007	-2.32159	-43.7859	-41.4643
BLOCK01/SES012/SA012S11	SES082	-1.56447	-43.0287	-41.4643
BLOCK01/SES012/SA012S11	SES083	-2.78299	-44.2472	-41.4643
BLOCK01/SES012/SA012S11	SES206	-0.787014	-42.2513	-41.4643
BLOCK01/SES012/SA012S14	SES082	-1.39333	-43.3886	-41.9953
BLOCK01/SES012/SA012S14	SES087	-2.20697	-44.2023	-41.9953
BLOCK01/SES012/SA012S14	SES206	-1.18152	-43.1768	-41.9953
BLOCK01/SES012/SA012S14	SES292	-3.58234	-45.5776	-41.9953
BLOCK01/SES012/SA012S24	SES082	-0.329708	-43.2658	-42.9361
BLOCK01/SES012/SA012S24	SES087	-1.90251	-44.8386	-42.9361
BLOCK01/SES012/SA012S24	SES120	-4.23161	-47.1677	-42.9361
BLOCK01/SES012/SA012S24	SES206	-0.823322	-43.7594	-42.9361
BLOCK01/SES012/SA012S26	SES019	-2.80434	-45.047	-42.2427
BLOCK01/SES012/SA012S26	SES082	-2.20093	-44.4436	-42.2427
BLOCK01/SES012/SA012S26	SES206	-0.492088	-42.7347	-42.2427
BLOCK01/SES012/SA012S26	SES292	-3.00262	-45.2453	-42.2427
BLOCK01/SES012/SA012S29	SES062	-2.38023	-44.0427	-41.6625
BLOCK01/SES012/SA012S29	SES082	-1.32901	-42.9915	-41.6625
BLOCK01/SES012/SA012S29	SES083	-2.82363	-44.4861	-41.6625
BLOCK01/SES012/SA012S29	SES206	-1.01157	-42.6741	-41.6625
BLOCK01/SES013/SA013S16	SES062	-3.94577	-46.2294	-42.2836
BLOCK01/SES013/SA013S16	SES106	-0.630978	-42.9146	-42.2836
BLOCK01/SES013/SA013S16	SES206	-1.20339	-43.487	-42.2836
BLOCK01/SES013/SA013S16	SES226	-0.388023	-42.6716	-42.2836
BLOCK01/SES013/SA013S17	SES062	-3.55508	-45.1907	-41.6356
BLOCK01/SES013/SA013S17	SES106	-1.26899	-42.9046	-41.6356
BLOCK01/SES013/SA013S17	SES206	-0.234814	-41.8704	-41.6356
BLOCK01/SES013/SA013S17	SES226	0.0617485	-41.5739	-41.6356
BLOCK01/SES013/SA013S23	SES104	-1.44592	-43.8892	-42.4433
BLOCK01/SES013/SA013S23	SES106	-0.292412	-42.7357	-42.4433
BLOCK01/SES013/SA013S23	SES206	-1.18208	-43.6253	-42.4433
BLOCK01/SES013/SA013S23	SES270	-0.365368	-42.8086	-42.4433
BLOCK01/SES013/SA013S25	SES042	-1.72103	-43.6664	-41.9454
BLOCK01/SES013/SA013S25	SES104	-1.4717	-43.4171	-41.9454
BLOCK01/SES013/SA013S25	SES106	-0.457615	-42.403	-41.9454
BLOCK01/SES013/SA013S25	SES206	-1.17512	-43.1205	-41.9454
BLOCK01/SES013/SA013S29	SES062	-4.17127	-46.5175	-42.3463
BLOCK01/SES013/SA013S29	SES104	-1.59153	-43.9378	-42.3463
BLOCK01/SES013/SA013S29	SES106	-0.566284	-42.9125	-42.3463
BLOCK01/SES013/SA013S29	SES206	-1.61785	-43.9641	-42.3463
BLOCK02/SES021/SA021S13	SES016	-2.96418	-44.5919	-41.6277
BLOCK02/SES021/SA021S13	SES029	-2.80419	-44.4319	-41.6277
BLOCK02/SES021/SA021S13	SES087	-2.03139	-43.6591	-41.6277
BLOCK02/SES021/SA021S13	SES206	-0.832348	-42.46	-41.6277
BLOCK02/SES021/SA021S15	SES087	-1.76873	-42.3648	-40.5961
BLOCK02/SES021/SA021S15	SES125	-0.769691	-41.3658	-40.5961
BLOCK02/SES021/SA021S15	SES206	-0.697666	-41.2938	-40.5961
BLOCK02/SES021/SA021S15	SES226	-1.3029	-41.899	-40.5961
BLOCK02/SES021/SA021S23	SES062	-2.98107	-45.6567	-42.6756
BLOCK02/SES021/SA021S23	SES087	-2.28889	-44.9645	-42.6756
BLOCK02/SES021/SA021S23	SES206	-1.68148	-44.3571	-42.6756
BLOCK02/SES021/SA021S23	SES226	-1.68571	-44.3613	-42.6756
BLOCK02/SES021/SA021S27	SES002	-1.71209	-42.9478	-41.2357
BLOCK02/SES021/SA021S27	SES016	-3.87786	-45.1135	-41.2357
BLOCK02/SES021/SA021S27	SES019	-2.49189	-43.7276	-41.2357
BLOCK02/SES021/SA021S27	SES062	-1.36404	-42.5997	-41.2357
BLOCK02/SES021/SA021S29	SES087	-2.26265	-43.5778	-41.3152
BLOCK02/SES021/SA021S29	SES125	-1.43893	-42.7541	-41.3152
BLOCK02/SES021/SA021S29	SES206	-1.08737	-42.4025	-41.3152
BLOCK02/SES021/SA021S29	SES226	-1.48114	-42.7963	-41.3152
BLOCK04/SES043/SA043S09	SES083	-2.21914	-45.4281	-43.2089
BLOCK04/SES043/SA043S09	SES101	-2.71141	-45.9203	-43.2089
BLOCK04/SES043/SA043S09	SES144	-0.747002	-43.9559	-43.2089
BLOCK04/SES043/SA043S09	SES172	-3.58968	-46.7986	-43.2089
BLOCK04/SES043/SA043S11	SES083	-0.966576	-43.012	-42.0455
BLOCK04/SES043/SA043S11	SES101	-1.28181	-43.3273	-42.0455
BLOCK04/SES043/SA043S11	SES144	-0.771923	-42.8174	-42.0455
BLOCK04/SES043/SA043S11	SES172	-1.69456	-43.74	-42.0455
BLOCK04/SES043/SA043S23	SES083	-0.547333	-43.0013	-42.4539
BLOCK04/SES043/SA043S23	SES144	0.151096	-42.3028	-42.4539
BLOCK04/SES043/SA043S23	SES177	-1.80365	-44.2576	-42.4539
BLOCK04/SES043/SA043S23	SES275	-0.497128	-42.951	-42.4539
BLOCK04/SES043/SA043S26	SES083	-1.26143	-43.7254	-42.464
BLOCK04/SES043/SA043S26	SES101	-1.48428	-43.9482	-42.464
BLOCK04/SES043/SA043S26	SES144	-0.197765	-42.6617	-42.464
BLOCK04/SES043/SA043S26	SES177	-1.71348	-44.1774	-42.464
BLOCK04/SES043/SA043S28	SES016	-1.70504	-43.6042	-41.8992
BLOCK04/SES043/SA043S28	SES083	-0.767738	-42.6669	-41.8992
BLOCK04/SES043/SA043S28	SES101	-0.860374	-42.7595	-41.8992
BLOCK04/SES043/SA043S28	SES144	-0.635414	-42.5346	-41.8992
BLOCK04/SES044/SA044S10	SES127	-3.23108	-47.7136	-44.4825
BLOCK04/SES044/SA044S10	SES144	-0.0898972	-44.5724	-44.4825
BLOCK04/SES044/SA044S10	SES147	-3.64845	-48.1309	-44.4825
BLOCK04/SES044/SA044S10	SES148	-2.99378	-47.4763	-44.4825
BLOCK04/SES044/SA044S11	SES101	-2.90604	-46.6804	-43.7743
BLOCK04/SES044/SA044S11	SES144	0.289223	-43.4851	-43.7743
BLOCK04/SES044/SA044S11	SES147	-3.16679	-46.9411	-43.7743
BLOCK04/SES044/SA044S11	SES177	-2.17488	-45.9492	-43.7743
BLOCK04/SES044/SA044S24	SES007	-2.25006	-45.4139	-43.1639
BLOCK04/SES044/SA044S24	SES101	-1.49134	-44.6552	-43.1639
BLOCK04/SES044/SA044S24	SES147	-2.55924	-45.7231	-43.1639
BLOCK04/SES044/SA044S24	SES177	-2.06963	-45.2335	-43.1639
BLOCK04/SES044/SA044S26	SES007	-1.86575	-44.8917	-43.0259
BLOCK04/SES044/SA044S26	SES016	-1.05367	-44.0796	-43.0259
BLOCK04/SES044/SA044S26	SES101	-1.55114	-44.5771	-43.0259
BLOCK04/SES044/SA044S26	SES147	-1.40503	-44.431	-43.0259
BLOCK04/SES044/SA044S29	SES007	-1.4843	-43.7429	-42.2586
BLOCK04/SES044/SA044S29	SES101	-0.943996	-43.2026	-42.2586
BLOCK04/SES044/SA044S29	SES147	-2.34373	-44.6024	-42.2586
BLOCK04/SES044/SA044S29	SES177	-2.72768	-44.9863	-42.2586
BLOCK04/SES046/SA046S13	SES101	-2.60392	-45.8137	-43.2098
BLOCK04/SES046/SA046S13	SES144	-0.580116	-43.7899	-43.2098
BLOCK04/SES046/SA046S13	SES147	-3.4001	-46.6099	-43.2098
BLOCK04/SES046/SA046S13	SES177	-1.50228	-44.7121	-43.2098
BLOCK04/SES046/SA046S15	SES048	-2.43351	-44.0044	-41.5709
BLOCK04/SES046/SA046S15	SES083	-1.11469	-42.6856	-41.5709
BLOCK04/SES046/SA046S15	SES120	-3.12559	-44.6965	-41.5709
BLOCK04/SES046/SA046S15	SES148	-1.54012	-43.111	-41.5709
BLOCK04/SES046/SA046S22	SES101	-1.43772	-44.1967	-42.7589
BLOCK04/SES046/SA046S22	SES144	-1.13475	-43.8937	-42.7589
BLOCK04/SES046/SA046S22	SES147	-3.62925	-46.3882	-42.7589
BLOCK04/SES046/SA046S22	SES172	-1.62208	-44.381	-42.7589
BLOCK04/SES046/SA046S25	SES083	-1.92117	-44.2329	-42.3117
BLOCK04/SES046/SA046S25	SES127	-1.46136	-43.7731	-42.3117
BLOCK04/SES046/SA046S25	SES144	-1.26657	-43.5783	-42.3117
BLOCK04/SES046/SA046S25	SES148	-0.805454	-43.1172	-42.3117
BLOCK04/SES046/SA046S28	SES007	-2.56568	-45.9799	-43.4143
BLOCK04/SES046/SA046S28	SES105	-2.20882	-45.6231	-43.4143
BLOCK04/SES046/SA046S28	SES147	-2.03603	-45.4503	-43.4143
BLOCK04/SES046/SA046S28	SES148	-1.42195	-44.8362	-43.4143
BLOCK04/SES049/SA049S16	SES104	-1.44577	-45.0296	-43.5838
BLOCK04/SES049/SA049S16	SES106	-1.62384	-45.2076	-43.5838
BLOCK04/SES049/SA049S16	SES120	-3.25389	-46.8377	-43.5838
BLOCK04/SES049/SA049S16	SES206	-1.28635	-44.8702	-43.5838
BLOCK04/SES049/SA049S18	SES099	0.128899	-44.5229	-44.6518
BLOCK04/SES049/SA049S18	SES104	-1.78548	-46.4373	-44.6518
BLOCK04/SES049/SA049S18	SES125	-2.3758	-47.0276	-44.6518
BLOCK04/SES049/SA049S18	SES206	-1.71319	-46.365	-44.6518
BLOCK04/SES049/SA049S25	SES087	-0.766029	-44.2532	-43.4872
BLOCK04/SES049/SA049S25	SES104	-1.06656	-44.5537	-43.4872
BLOCK04/SES049/SA049S25	SES125	-1.63564	-45.1228	-43.4872
BLOCK04/SES049/SA049S25	SES206	-0.236023	-43.7232	-43.4872
BLOCK04/SES049/SA049S27	SES099	-0.437073	-43.2285	-42.7915
BLOCK04/SES049/SA049S27	SES104	-0.209167	-43.0006	-42.7915
BLOCK04/SES049/SA049S27	SES125	-1.74291	-44.5344	-42.7915
BLOCK04/SES049/SA049S27	SES206	-0.962616	-43.7541	-42.7915
BLOCK04/SES049/SA049S29	SES099	-0.075325	-41.8427	-41.7674
BLOCK04/SES049/SA049S29	SES104	-0.163734	-41.9311	-41.7674
BLOCK04/SES049/SA049S29	SES125	-1.16957	-42.937	-41.7674
BLOCK04/SES049/SA049S29	SES206	-0.437897	-42.2053	-41.7674
BLOCK06/SES063/SA063S09	SES068	-1.70294	-44.1178	-42.4148
BLOCK06/SES063/SA063S09	SES083	-0.745396	-43.1602	-42.4148
BLOCK06/SES063/SA063S09	SES177	-1.04644	-43.4613	-42.4148
BLOCK06/SES063/SA063S09	SES187	-1.40594	-43.8208	-42.4148
BLOCK06/SES063/SA063S10	SES068	-2.13742	-44.9169	-42.7795
BLOCK06/SES063/SA063S10	SES083	-0.676868	-43.4563	-42.7795
BLOCK06/SES063/SA063S10	SES172	-1.00706	-43.7865	-42.7795
BLOCK06/SES063/SA063S10	SES187	-1.49482	-44.2743	-42.7795
BLOCK06/SES063/SA063S20	SES068	-2.50267	-45.0367	-42.5341
BLOCK06/SES063/SA063S20	SES083	-1.13561	-43.6697	-42.5341
BLOCK06/SES063/SA063S20	SES172	-1.34729	-43.8814	-42.5341
BLOCK06/SES063/SA063S20	SES187	-0.899796	-43.4339	-42.5341
BLOCK06/SES063/SA063S24	SES029	-2.71675	-44.6439	-41.9271
BLOCK06/SES063/SA063S24	SES083	-0.310833	-42.238	-41.9271
BLOCK06/SES063/SA063S24	SES177	-1.28678	-43.2139	-41.9271
BLOCK06/SES063/SA063S24	SES189	-1.47153	-43.3987	-41.9271
BLOCK06/SES063/SA063S27	SES083	0.135612	-42.9923	-43.1279
BLOCK06/SES063/SA063S27	SES172	-0.607418	-43.7353	-43.1279
BLOCK06/SES063/SA063S27	SES187	-1.98663	-45.1146	-43.1279
BLOCK06/SES063/SA063S27	SES292	-1.97211	-45.1	-43.1279
BLOCK06/SES067/SA067S12	SES083	-2.64796	-44.7827	-42.1348
BLOCK06/SES067/SA067S12	SES172	-2.49506	-44.6298	-42.1348
BLOCK06/SES067/SA067S12	SES202	-0.540295	-42.6751	-42.1348
BLOCK06/SES067/SA067S12	SES292	-2.14732	-44.2821	-42.1348
BLOCK06/SES067/SA067S14	SES085	-1.7002	-43.3606	-41.6604
BLOCK06/SES067/SA067S14	SES177	-1.47715	-43.1376	-41.6604
BLOCK06/SES067/SA067S14	SES183	-1.53321	-43.1936	-41.6604
BLOCK06/SES067/SA067S14	SES202	-0.922516	-42.583	-41.6604
BLOCK06/SES067/SA067S21	SES144	-1.04335	-44.0103	-42.9669
BLOCK06/SES067/SA067S21	SES177	-1.27611	-44.243	-42.9669
BLOCK06/SES067/SA067S21	SES183	-2.8061	-45.773	-42.9669
BLOCK06/SES067/SA067S21	SES189	-0.496956	-43.4639	-42.9669
BLOCK06/SES067/SA067S25	SES085	-1.4206	-43.8272	-42.4066
BLOCK06/SES067/SA067S25	SES177	-1.7065	-44.1131	-42.4066
BLOCK06/SES067/SA067S25	SES183	-1.43941	-43.8461	-42.4066
BLOCK06/SES067/SA067S25	SES202	-0.642685	-43.0493	-42.4066
BLOCK06/SES067/SA067S29	SES085	-0.726627	-43.1998	-42.4732
BLOCK06/SES067/SA067S29	SES177	-1.5699	-44.0431	-42.4732
BLOCK06/SES067/SA067S29	SES183	-1.09095	-43.5641	-42.4732
BLOCK06/SES067/SA067S29	SES202	-0.124165	-42.5973	-42.4732
BLOCK06/SES069/SA069S12	SES029	-2.48155	-44.7099	-42.2283
BLOCK06/SES069/SA069S12	SES082	-0.714397	-42.9427	-42.2283
BLOCK06/SES069/SA069S12	SES087	-2.09048	-44.3188	-42.2283
BLOCK06/SES069/SA069S12	SES206	-1.27064	-43.499	-42.2283
BLOCK06/SES069/SA069S13	SES029	-2.87508	-44.8914	-42.0163
BLOCK06/SES069/SA069S13	SES087	-2.69093	-44.7072	-42.0163
BLOCK06/SES069/SA069S13	SES206	-2.53287	-44.5492	-42.0163
BLOCK06/SES069/SA069S13	SES226	-1.79336	-43.8097	-42.0163
BLOCK06/SES069/SA069S23	SES029	-1.45177	-42.2996	-40.8478
BLOCK06/SES069/SA069S23	SES087	-2.86535	-43.7132	-40.8478
BLOCK06/SES069/SA069S23	SES206	-2.28028	-43.1281	-40.8478
BLOCK06/SES069/SA069S23	SES226	-1.02106	-41.8689	-40.8478
BLOCK06/SES069/SA069S25	SES087	-1.79688	-42.998	-41.2011
BLOCK06/SES069/SA069S25	SES206	-2.46613	-43.6673	-41.2011
BLOCK06/SES069/SA069S25	SES226	-1.27529	-42.4764	-41.2011
BLOCK06/SES069/SA069S25	SES270	-1.10367	-42.3048	-41.2011
BLOCK06/SES069/SA069S27	SES087	-2.3554	-43.7666	-41.4112
BLOCK06/SES069/SA069S27	SES206	-0.899673	-42.3109	-41.4112
BLOCK06/SES069/SA069S27	SES226	-0.681747	-42.0929	-41.4112
BLOCK06/SES069/SA069S27	SES270	-0.833347	-42.2445	-41.4112
BLOCK08/SES081/SA081S11	SES060	-1.12521	-43.205	-42.0798
BLOCK08/SES081/SA081S11	SES062	-2.63309	-44.7129	-42.0798
BLOCK08/SES081/SA081S11	SES117	-2.81586	-44.8957	-42.0798
BLOCK08/SES081/SA081S11	SES162	-1.75997	-43.8398	-42.0798
BLOCK08/SES081/SA081S13	SES016	-1.20163	-42.6261	-41.4245
BLOCK08/SES081/SA081S13	SES060	-0.347595	-41.7721	-41.4245
BLOCK08/SES081/SA081S13	SES068	-0.719463	-42.144	-41.4245
BLOCK08/SES081/SA081S13	SES129	-1.47826	-42.9028	-41.4245
BLOCK08/SES081/SA081S24	SES060	-0.845558	-42.5163	-41.6707
BLOCK08/SES081/SA081S24	SES068	-0.622711	-42.2935	-41.6707
BLOCK08/SES081/SA081S24	SES117	-2.30503	-43.9758	-41.6707
BLOCK08/SES081/SA081S24	SES275	-1.25337	-42.9241	-41.6707
BLOCK08/SES081/SA081S27	SES007	-1.01323	-43.1931	-42.1799
BLOCK08/SES081/SA081S27	SES060	-1.36596	-43.5459	-42.1799
BLOCK08/SES081/SA081S27	SES117	-1.1231	-43.303	-42.1799
BLOCK08/SES081/SA081S27	SES275	-1.23991	-43.4198	-42.1799
BLOCK08/SES081/SA081S29	SES007	-1.11614	-42.6324	-41.5163
BLOCK08/SES081/SA081S29	SES060	-1.05445	-42.5708	-41.5163
BLOCK08/SES081/SA081S29	SES117	-2.04683	-43.5631	-41.5163
BLOCK08/SES081/SA081S29	SES275	-1.67762	-43.1939	-41.5163
BLOCK08/SES086/SA086S11	SES029	-5.91383	-49.9457	-44.0319
BLOCK08/SES086/SA086S11	SES082	-1.5607	-45.5926	-44.0319
BLOCK08/SES086/SA086S11	SES087	-0.528053	-44.5599	-44.0319
BLOCK08/SES086/SA086S11	SES206	-1.93908	-45.9709	-44.0319
BLOCK08/SES086/SA086S12	SES029	-5.87289	-49.1706	-43.2977
BLOCK08/SES086/SA086S12	SES082	-1.72851	-45.0262	-43.2977
BLOCK08/SES086/SA086S12	SES087	-0.0452156	-43.3429	-43.2977
BLOCK08/SES086/SA086S12	SES206	-1.02607	-44.3238	-43.2977
BLOCK08/SES086/SA086S20	SES029	-4.87978	-46.8077	-41.928
BLOCK08/SES086/SA086S20	SES082	-2.01689	-43.9448	-41.928
BLOCK08/SES086/SA086S20	SES087	0.457485	-41.4705	-41.928
BLOCK08/SES086/SA086S20	SES206	-0.2771	-42.2051	-41.928
BLOCK08/SES086/SA086S24	SES087	-0.00789642	-43.2274	-43.2195
BLOCK08/SES086/SA086S24	SES104	-1.80396	-45.0234	-43.2195
BLOCK08/SES086/SA086S24	SES120	-3.74668	-46.9662	-43.2195
BLOCK08/SES086/SA086S24	SES206	-0.243706	-43.4632	-43.2195
BLOCK08/SES086/SA086S28	SES029	-4.22895	-46.3269	-42.0979
BLOCK08/SES086/SA086S28	SES082	-1.60465	-43.7026	-42.0979
BLOCK08/SES086/SA086S28	SES087	-0.103226	-42.2012	-42.0979
BLOCK08/SES086/SA086S28	SES206	-0.702179	-42.8001	-42.0979
BLOCK08/SES089/SA089S13	SES087	-2.25893	-45.0326	-42.7736
BLOCK08/SES089/SA089S13	SES206	-2.34213	-45.1158	-42.7736
BLOCK08/SES089/SA089S13	SES226	-1.64153	-44.4152	-42.7736
BLOCK08/SES089/SA089S13	SES270	-2.66855	-45.4422	-42.7736
BLOCK08/SES089/SA089S14	SES062	-2.14143	-44.7075	-42.5661
BLOCK08/SES089/SA089S14	SES087	-0.62859	-43.1947	-42.5661
BLOCK08/SES089/SA089S14	SES206	-0.865402	-43.4315	-42.5661
BLOCK08/SES089/SA089S14	SES226	-0.891563	-43.4576	-42.5661
BLOCK08/SES089/SA089S23	SES087	-1.7192	-44.8684	-43.1492
BLOCK08/SES089/SA089S23	SES206	-1.61115	-44.7603	-43.1492
BLOCK08/SES089/SA089S23	SES226	-1.8604	-45.0096	-43.1492
BLOCK08/SES089/SA089S23	SES270	-2.3383	-45.4875	-43.1492
BLOCK08/SES089/SA089S25	SES062	-3.06909	-45.6686	-42.5995
BLOCK08/SES089/SA089S25	SES087	-0.750092	-43.3496	-42.5995
BLOCK08/SES089/SA089S25	SES206	-1.22721	-43.8267	-42.5995
BLOCK08/SES089/SA089S25	SES226	-0.815861	-43.4154	-42.5995
BLOCK08/SES089/SA089S28	SES062	-1.93537	-44.1949	-42.2595
BLOCK08/SES089/SA089S28	SES087	-1.13787	-43.3974	-42.2595
BLOCK08/SES089/SA089S28	SES206	-1.1703	-43.4298	-42.2595
BLOCK08/SES089/SA089S28	SES226	-0.985359	-43.2448	-42.2595
BLOCK09/SES097/SA097S11	SES099	-0.174961	-43.2349	-43.06
BLOCK09/SES097/SA097S11	SES125	-2.28174	-45.3417	-43.06
BLOCK09/SES097/SA097S11	SES206	-2.05701	-45.117	-43.06
BLOCK09/SES097/SA097S11	SES226	-0.306141	-43.3661	-43.06
BLOCK09/SES097/SA097S14	SES062	-2.70126	-45.5538	-42.8525
BLOCK09/SES097/SA097S14	SES099	-0.905823	-43.7584	-42.8525
BLOCK09/SES097/SA097S14	SES104	-1.76953	-44.6221	-42.8525
BLOCK09/SES097/SA097S14	SES206	-1.73927	-44.5918	-42.8525
BLOCK09/SES097/SA097S22	SES099	0.256138	-42.8132	-43.0694
BLOCK09/SES097/SA097S22	SES206	-1.15905	-44.2284	-43.0694
BLOCK09/SES097/SA097S22	SES226	-1.24299	-44.3124	-43.0694
BLOCK09/SES097/SA097S22	SES270	0.403751	-42.6656	-43.0694
BLOCK09/SES097/SA097S26	SES099	-0.13718	-42.7938	-42.6566
BLOCK09/SES097/SA097S26	SES120	-2.43085	-45.0874	-42.6566
BLOCK09/SES097/SA097S26	SES206	-0.996647	-43.6532	-42.6566
BLOCK09/SES097/SA097S26	SES226	-1.32797	-43.9846	-42.6566
BLOCK09/SES097/SA097S28	SES099	-1.04901	-43.8573	-42.8083
BLOCK09/SES097/SA097S28	SES120	-1.94918	-44.7575	-42.8083
BLOCK09/SES097/SA097S28	SES206	-2.326	-45.1343	-42.8083
BLOCK09/SES097/SA097S28	SES226	-1.86902	-44.6773	-42.8083
BLOCK09/SES098/SA098S11	SES127	-2.04809	-45.6611	-43.613
BLOCK09/SES098/SA098S11	SES144	-0.948631	-44.5616	-43.613
BLOCK09/SES098/SA098S11	SES147	-1.21277	-44.8258	-43.613
BLOCK09/SES098/SA098S11	SES148	-2.43151	-46.0445	-43.613
BLOCK09/SES098/SA098S12	SES127	-3.41346	-48.2286	-44.8151
BLOCK09/SES098/SA098S12	SES144	-1.23912	-46.0542	-44.8151
BLOCK09/SES098/SA098S12	SES147	-2.76879	-47.5839	-44.8151
BLOCK09/SES098/SA098S12	SES189	-1.29502	-46.1101	-44.8151
BLOCK09/SES098/SA098S20	SES127	-2.86671	-46.8659	-43.9992
BLOCK09/SES098/SA098S20	SES147	-2.56997	-46.5692	-43.9992
BLOCK09/SES098/SA098S20	SES148	-2.76307	-46.7623	-43.9992
BLOCK09/SES098/SA098S20	SES292	-4.58981	-48.589	-43.9992
BLOCK09/SES098/SA098S23	SES127	-1.81729	-45.3021	-43.4848
BLOCK09/SES098/SA098S23	SES147	-2.09787	-45.5827	-43.4848
BLOCK09/SES098/SA098S23	SES187	-0.793484	-44.2783	-43.4848
BLOCK09/SES098/SA098S23	SES292	-2.026	-45.5108	-43.4848
BLOCK09/SES098/SA098S27	SES127	-2.66719	-46.3517	-43.6846
BLOCK09/SES098/SA098S27	SES147	-2.85683	-46.5414	-43.6846
BLOCK09/SES098/SA098S27	SES148	-2.75798	-46.4425	-43.6846
BLOCK09/SES098/SA098S27	SES292	-3.22925	-46.9138	-43.6846
BLOCK10/SES102/SA102S13	SES101	-0.547768	-44.1899	-43.6421
BLOCK10/SES102/SA102S13	SES105	-1.31246	-44.9546	-43.6421
BLOCK10/SES102/SA102S13	SES120	-1.50593	-45.148	-43.6421
BLOCK10/SES102/SA102S13	SES158	-5.21874	-48.8609	-43.6421
BLOCK10/SES102/SA102S14	SES007	-0.565666	-42.1697	-41.6041
BLOCK10/SES102/SA102S14	SES101	-0.614384	-42.2184	-41.6041
BLOCK10/SES102/SA102S14	SES105	-0.794319	-42.3984	-41.6041
BLOCK10/SES102/SA102S14	SES147	-2.46723	-44.0713	-41.6041
BLOCK10/SES102/SA102S22	SES007	-1.58606	-43.7184	-42.1324
BLOCK10/SES102/SA102S22	SES101	-0.315342	-42.4477	-42.1324
BLOCK10/SES102/SA102S22	SES105	-0.779041	-42.9114	-42.1324
BLOCK10/SES102/SA102S22	SES158	-3.94733	-46.0797	-42.1324
BLOCK10/SES102/SA102S25	SES007	-1.07008	-43.3837	-42.3136
BLOCK10/SES102/SA102S25	SES101	-0.0372086	-42.3508	-42.3136
BLOCK10/SES102/SA102S25	SES105	-1.15693	-43.4705	-42.3136
BLOCK10/SES102/SA102S25	SES147	-2.78407	-45.0977	-42.3136
BLOCK10/SES102/SA102S27	SES007	-0.88464	-43.5688	-42.6842
BLOCK10/SES102/SA102S27	SES101	-0.886768	-43.5709	-42.6842
BLOCK10/SES102/SA102S27	SES105	-1.05707	-43.7412	-42.6842
BLOCK10/SES102/SA102S27	SES147	-2.10977	-44.7939	-42.6842
BLOCK10/SES103/SA103S14	SES105	-2.55307	-46.4904	-43.9374
BLOCK10/SES103/SA103S14	SES106	-0.537277	-44.4747	-43.9374
BLOCK10/SES103/SA103S14	SES120	-3.48661	-47.424	-43.9374
BLOCK10/SES103/SA103S14	SES206	-1.81558	-45.753	-43.9374
BLOCK10/SES103/SA103S15	SES099	-1.04125	-45.5196	-44.4784
BLOCK10/SES103/SA103S15	SES101	-4.90105	-49.3794	-44.4784
BLOCK10/SES103/SA103S15	SES104	-1.61456	-46.0929	-44.4784
BLOCK10/SES103/SA103S15	SES125	-1.73586	-46.2142	-44.4784
BLOCK10/SES103/SA103S24	SES104	-1.88126	-45.116	-43.2348
BLOCK10/SES103/SA103S24	SES125	-1.59137	-44.8261	-43.2348
BLOCK10/SES103/SA103S24	SES148	-4.05942	-47.2942	-43.2348
BLOCK10/SES103/SA103S24	SES158	-0.807095	-44.0419	-43.2348
BLOCK10/SES103/SA103S26	SES104	-2.07709	-45.7233	-43.6463
BLOCK10/SES103/SA103S26	SES106	-1.26236	-44.9086	-43.6463
BLOCK10/SES103/SA103S26	SES125	-1.50967	-45.1559	-43.6463
BLOCK10/SES103/SA103S26	SES148	-4.04487	-47.6911	-43.6463
BLOCK10/SES103/SA103S28	SES104	-2.65585	-46.5372	-43.8814
BLOCK10/SES103/SA103S28	SES106	-1.74092	-45.6223	-43.8814
BLOCK10/SES103/SA103S28	SES125	-2.20794	-46.0893	-43.8814
BLOCK10/SES103/SA103S28	SES206	-2.12315	-46.0045	-43.8814
BLOCK12/SES121/SA121S12	SES042	-2.33418	-46.9508	-44.6167
BLOCK12/SES121/SA121S12	SES087	-2.0878	-46.7045	-44.6167
BLOCK12/SES121/SA121S12	SES105	-1.82314	-46.4398	-44.6167
BLOCK12/SES121/SA121S12	SES206	-1.27417	-45.8908	-44.6167
BLOCK12/SES121/SA121S14	SES007	-4.30473	-49.4619	-45.1572
BLOCK12/SES121/SA121S14	SES105	-2.91343	-48.0706	-45.1572
BLOCK12/SES121/SA121S14	SES106	-1.2557	-46.4129	-45.1572
BLOCK12/SES121/SA121S14	SES206	-1.54068	-46.6979	-45.1572
BLOCK12/SES121/SA121S23	SES105	-3.25058	-48.4437	-45.1931
BLOCK12/SES121/SA121S23	SES106	-1.52795	-46.7211	-45.1931
BLOCK12/SES121/SA121S23	SES120	-3.38768	-48.5808	-45.1931
BLOCK12/SES121/SA121S23	SES206	-1.13465	-46.3278	-45.1931
BLOCK12/SES121/SA121S25	SES007	-3.99863	-49.8761	-45.8775
BLOCK12/SES121/SA121S25	SES105	-3.4165	-49.294	-45.8775
BLOCK12/SES121/SA121S25	SES106	-1.81706	-47.6946	-45.8775
BLOCK12/SES121/SA121S25	SES206	-2.05805	-47.9356	-45.8775
BLOCK12/SES121/SA121S27	SES087	-0.570358	-44.9611	-44.3907
BLOCK12/SES121/SA121S27	SES105	-4.69498	-49.0857	-44.3907
BLOCK12/SES121/SA121S27	SES120	-3.0821	-47.4728	-44.3907
BLOCK12/SES121/SA121S27	SES206	-1.09398	-45.4847	-44.3907
BLOCK12/SES124/SA124S16	SES042	-0.494507	-42.657	-42.1625
BLOCK12/SES124/SA124S16	SES082	-0.81295	-42.9754	-42.1625
BLOCK12/SES124/SA124S16	SES183	-4.28573	-46.4482	-42.1625
BLOCK12/SES124/SA124S16	SES206	-0.905865	-43.0684	-42.1625
BLOCK12/SES124/SA124S17	SES105	-3.40684	-46.7179	-43.311
BLOCK12/SES124/SA124S17	SES149	-2.1228	-45.4338	-43.311
BLOCK12/SES124/SA124S17	SES158	-2.61535	-45.9264	-43.311
BLOCK12/SES124/SA124S17	SES275	-4.29665	-47.6077	-43.311
BLOCK12/SES124/SA124S23	SES105	-3.00569	-43.8615	-40.8558
BLOCK12/SES124/SA124S23	SES125	-0.0615158	-40.9173	-40.8558
BLOCK12/SES124/SA124S23	SES129	-4.54121	-45.397	-40.8558
BLOCK12/SES124/SA124S23	SES158	-0.886227	-41.742	-40.8558
BLOCK12/SES124/SA124S26	SES105	-3.81262	-45.6662	-41.8536
BLOCK12/SES124/SA124S26	SES125	-0.300522	-42.1541	-41.8536
BLOCK12/SES124/SA124S26	SES129	-4.90695	-46.7605	-41.8536
BLOCK12/SES124/SA124S26	SES158	-1.33056	-43.1841	-41.8536
BLOCK12/SES124/SA124S28	SES104	-0.931541	-42.5099	-41.5784
BLOCK12/SES124/SA124S28	SES106	-0.772343	-42.3507	-41.5784
BLOCK12/SES124/SA124S28	SES125	-0.358051	-41.9364	-41.5784
BLOCK12/SES124/SA124S28	SES275	-4.4706	-46.049	-41.5784
BLOCK12/SES126/SA126S13	SES007	-1.9357	-45.9117	-43.976
BLOCK12/SES126/SA126S13	SES162	-2.33675	-46.3127	-43.976
BLOCK12/SES126/SA126S13	SES177	-1.89387	-45.8699	-43.976
BLOCK12/SES126/SA126S13	SES180	-2.23764	-46.2136	-43.976
BLOCK12/SES126/SA126S14	SES144	-1.01842	-43.1939	-42.1754
BLOCK12/SES126/SA126S14	SES148	-1.77375	-43.9492	-42.1754
BLOCK12/SES126/SA126S14	SES177	-0.888039	-43.0635	-42.1754
BLOCK12/SES126/SA126S14	SES180	-1.6773	-43.8527	-42.1754
BLOCK12/SES126/SA126S20	SES007	-1.60335	-44.39	-42.7866
BLOCK12/SES126/SA126S20	SES162	-2.6415	-45.4281	-42.7866
BLOCK12/SES126/SA126S20	SES172	-4.20586	-46.9925	-42.7866
BLOCK12/SES126/SA126S20	SES180	-2.967	-45.7536	-42.7866
BLOCK12/SES126/SA126S24	SES120	-1.85857	-44.0734	-42.2148
BLOCK12/SES126/SA126S24	SES162	-1.97402	-44.1888	-42.2148
BLOCK12/SES126/SA126S24	SES177	-1.22102	-43.4358	-42.2148
BLOCK12/SES126/SA126S24	SES180	-1.35168	-43.5665	-42.2148
BLOCK12/SES126/SA126S26	SES120	-0.932072	-44.1856	-43.2535
BLOCK12/SES126/SA126S26	SES177	-1.25126	-44.5048	-43.2535
BLOCK12/SES126/SA126S26	SES180	-0.940224	-44.1937	-43.2535
BLOCK12/SES126/SA126S26	SES202	-1.7435	-44.997	-43.2535
BLOCK12/SES128/SA128S10	SES087	-2.52455	-44.9068	-42.3823
BLOCK12/SES128/SA128S10	SES206	-1.83385	-44.2161	-42.3823
BLOCK12/SES128/SA128S10	SES226	-1.0092	-43.3914	-42.3823
BLOCK12/SES128/SA128S10	SES270	-1.09709	-43.4793	-42.3823
BLOCK12/SES128/SA128S12	SES120	-2.76305	-45.2182	-42.4551
BLOCK12/SES128/SA128S12	SES158	-1.53965	-43.9948	-42.4551
BLOCK12/SES128/SA128S12	SES206	-1.51589	-43.971	-42.4551
BLOCK12/SES128/SA128S12	SES226	-1.43142	-43.8866	-42.4551
BLOCK12/SES128/SA128S21	SES106	-4.01857	-47.8193	-43.8007
BLOCK12/SES128/SA128S21	SES120	-1.91553	-45.7163	-43.8007
BLOCK12/SES128/SA128S21	SES206	-3.63309	-47.4338	-43.8007
BLOCK12/SES128/SA128S21	SES226	-2.44508	-46.2458	-43.8007
BLOCK12/SES128/SA128S24	SES087	-2.96573	-46.1179	-43.1521
BLOCK12/SES128/SA128S24	SES120	-1.32621	-44.4783	-43.1521
BLOCK12/SES128/SA128S24	SES206	-2.36344	-45.5156	-43.1521
BLOCK12/SES128/SA128S24	SES226	-2.07436	-45.2265	-43.1521
BLOCK12/SES128/SA128S27	SES099	-1.51883	-43.8946	-42.3758
BLOCK12/SES128/SA128S27	SES120	-1.33933	-43.7151	-42.3758
BLOCK12/SES128/SA128S27	SES206	-1.82326	-44.1991	-42.3758
BLOCK12/SES128/SA128S27	SES226	-0.671993	-43.0478	-42.3758
BLOCK13/SES130/SA130S13	SES143	-1.90075	-46.2256	-44.3249
BLOCK13/SES130/SA130S13	SES144	-0.0266113	-44.3515	-44.3249
BLOCK13/SES130/SA130S13	SES146	-0.245525	-44.5704	-44.3249
BLOCK13/SES130/SA130S13	SES275	-2.83894	-47.1638	-44.3249
BLOCK13/SES130/SA130S15	SES143	-1.88285	-44.4094	-42.5265
BLOCK13/SES130/SA130S15	SES144	-0.648289	-43.1748	-42.5265
BLOCK13/SES130/SA130S15	SES146	-0.839539	-43.3661	-42.5265
BLOCK13/SES130/SA130S15	SES275	-1.67196	-44.1985	-42.5265
BLOCK13/SES130/SA130S23	SES127	-3.12329	-47.2236	-44.1003
BLOCK13/SES130/SA130S23	SES144	-1.68892	-45.7892	-44.1003
BLOCK13/SES130/SA130S23	SES146	-1.05432	-45.1546	-44.1003
BLOCK13/SES130/SA130S23	SES162	-1.46296	-45.5632	-44.1003
BLOCK13/SES130/SA130S25	SES127	-1.54753	-44.0687	-42.5212
BLOCK13/SES130/SA130S25	SES144	-0.489189	-43.0104	-42.5212
BLOCK13/SES130/SA130S25	SES146	-0.967224	-43.4884	-42.5212
BLOCK13/SES130/SA130S25	SES275	-0.967464	-43.4887	-42.5212
BLOCK13/SES130/SA130S28	SES127	-1.33401	-44.1	-42.766
BLOCK13/SES130/SA130S28	SES144	-0.75861	-43.5246	-42.766
BLOCK13/SES130/SA130S28	SES146	-0.811081	-43.577	-42.766
BLOCK13/SES130/SA130S28	SES275	-0.44503	-43.211	-42.766
BLOCK13/SES131/SA131S13	SES002	-2.67355	-47.4059	-44.7324
BLOCK13/SES131/SA131S13	SES007	-4.35587	-49.0883	-44.7324
BLOCK13/SES131/SA131S13	SES099	-2.00303	-46.7354	-44.7324
BLOCK13/SES131/SA131S13	SES105	-2.86852	-47.6009	-44.7324
BLOCK13/SES131/SA131S14	SES104	-1.05129	-44.0669	-43.0156
BLOCK13/SES131/SA131S14	SES106	-0.806477	-43.8221	-43.0156
BLOCK13/SES131/SA131S14	SES125	-1.77245	-44.7881	-43.0156
BLOCK13/SES131/SA131S14	SES148	-3.1799	-46.1955	-43.0156
BLOCK13/SES131/SA131S20	SES104	-1.79066	-45.9107	-44.12
BLOCK13/SES131/SA131S20	SES106	-0.801117	-44.9212	-44.12
BLOCK13/SES131/SA131S20	SES125	-1.65328	-45.7733	-44.12
BLOCK13/SES131/SA131S20	SES148	-4.91868	-49.0387	-44.12
BLOCK13/SES131/SA131S22	SES099	-0.943607	-44.2669	-43.3233
BLOCK13/SES131/SA131S22	SES104	-1.58597	-44.9093	-43.3233
BLOCK13/SES131/SA131S22	SES125	-1.35952	-44.6829	-43.3233
BLOCK13/SES131/SA131S22	SES206	-1.52859	-44.8519	-43.3233
BLOCK13/SES131/SA131S29	SES087	-1.54463	-45.5937	-44.0491
BLOCK13/SES131/SA131S29	SES104	-2.25452	-46.3036	-44.0491
BLOCK13/SES131/SA131S29	SES125	-2.07814	-46.1272	-44.0491
BLOCK13/SES131/SA131S29	SES206	-1.64142	-45.6905	-44.0491
BLOCK13/SES132/SA132S11	SES083	-2.8299	-45.0733	-42.2434
BLOCK13/SES132/SA132S11	SES120	-0.275459	-42.5188	-42.2434
BLOCK13/SES132/SA132S11	SES127	-1.31885	-43.5622	-42.2434
BLOCK13/SES132/SA132S11	SES275	-0.929928	-43.1733	-42.2434
BLOCK13/SES132/SA132S12	SES083	-1.68123	-43.5804	-41.8992
BLOCK13/SES132/SA132S12	SES143	-1.3531	-43.2523	-41.8992
BLOCK13/SES132/SA132S12	SES144	-0.885986	-42.7852	-41.8992
BLOCK13/SES132/SA132S12	SES148	-1.19415	-43.0934	-41.8992
BLOCK13/SES132/SA132S22	SES062	-0.214622	-42.2749	-42.0603
BLOCK13/SES132/SA132S22	SES083	-1.42959	-43.4899	-42.0603
BLOCK13/SES132/SA132S22	SES127	-1.32428	-43.3846	-42.0603
BLOCK13/SES132/SA132S22	SES275	-0.689388	-42.7497	-42.0603
BLOCK13/SES132/SA132S24	SES007	-0.169453	-41.9961	-41.8266
BLOCK13/SES132/SA132S24	SES083	-1.90707	-43.7337	-41.8266
BLOCK13/SES132/SA132S24	SES127	-1.70062	-43.5272	-41.8266
BLOCK13/SES132/SA132S24	SES275	-0.622921	-42.4495	-41.8266
BLOCK13/SES132/SA132S27	SES083	-2.53032	-45.0101	-42.4798
BLOCK13/SES132/SA132S27	SES120	-0.240734	-42.7205	-42.4798
BLOCK13/SES132/SA132S27	SES127	-1.72107	-44.2008	-42.4798
BLOCK13/SES132/SA132S27	SES275	-1.66655	-44.1463	-42.4798
BLOCK14/SES141/SA141S09	SES143	-1.24609	-43.7291	-42.483
BLOCK14/SES141/SA141S09	SES144	-0.781254	-43.2642	-42.483
BLOCK14/SES141/SA141S09	SES162	-1.51991	-44.0029	-42.483
BLOCK14/SES141/SA141S09	SES180	-1.13168	-43.6146	-42.483
BLOCK14/SES141/SA141S15	SES127	-1.19236	-43.6217	-42.4293
BLOCK14/SES141/SA141S15	SES144	-1.04633	-43.4757	-42.4293
BLOCK14/SES141/SA141S15	SES162	-1.41025	-43.8396	-42.4293
BLOCK14/SES141/SA141S15	SES180	-0.780304	-43.2096	-42.4293
BLOCK14/SES141/SA141S24	SES127	-0.933311	-42.8947	-41.9614
BLOCK14/SES141/SA141S24	SES144	-1.05965	-43.021	-41.9614
BLOCK14/SES141/SA141S24	SES162	-1.4166	-43.378	-41.9614
BLOCK14/SES141/SA141S24	SES183	-2.1388	-44.1002	-41.9614
BLOCK14/SES141/SA141S26	SES142	-1.69482	-44.5923	-42.8974
BLOCK14/SES141/SA141S26	SES144	-1.32282	-44.2203	-42.8974
BLOCK14/SES141/SA141S26	SES172	-2.31801	-45.2155	-42.8974
BLOCK14/SES141/SA141S26	SES180	-1.23042	-44.1279	-42.8974
BLOCK14/SES141/SA141S29	SES127	-0.607418	-42.5281	-41.9206
BLOCK14/SES141/SA141S29	SES142	-0.556759	-42.4774	-41.9206
BLOCK14/SES141/SA141S29	SES144	-0.836552	-42.7572	-41.9206
BLOCK14/SES141/SA141S29	SES180	-0.655754	-42.5764	-41.9206
BLOCK15/SES157/SA157S08	SES083	-3.38165	-46.1859	-42.8042
BLOCK15/SES157/SA157S08	SES127	-1.5098	-44.314	-42.8042
BLOCK15/SES157/SA157S08	SES148	-1.43909	-44.2433	-42.8042
BLOCK15/SES157/SA157S08	SES292	-2.44013	-45.2443	-42.8042
BLOCK15/SES157/SA157S11	SES083	-2.51566	-45.317	-42.8014
BLOCK15/SES157/SA157S11	SES127	-1.66645	-44.4678	-42.8014
BLOCK15/SES157/SA157S11	SES148	-1.32431	-44.1257	-42.8014
BLOCK15/SES157/SA157S11	SES292	-2.43121	-45.2326	-42.8014
BLOCK15/SES157/SA157S21	SES127	-1.46069	-43.8004	-42.3397
BLOCK15/SES157/SA157S21	SES148	-1.02864	-43.3684	-42.3397
BLOCK15/SES157/SA157S21	SES158	-4.93473	-47.2744	-42.3397
BLOCK15/SES157/SA157S21	SES292	-1.64034	-43.9801	-42.3397
BLOCK15/SES157/SA157S24	SES127	-1.40905	-43.8521	-42.4431
BLOCK15/SES157/SA157S24	SES148	-1.49608	-43.9391	-42.4431
BLOCK15/SES157/SA157S24	SES183	-2.04351	-44.4866	-42.4431
BLOCK15/SES157/SA157S24	SES292	-2.45332	-44.8964	-42.4431
BLOCK15/SES157/SA157S26	SES007	-0.609352	-42.7075	-42.0981
BLOCK15/SES157/SA157S26	SES127	-0.641655	-42.7398	-42.0981
BLOCK15/SES157/SA157S26	SES147	-3.81874	-45.9169	-42.0981
BLOCK15/SES157/SA157S26	SES148	-1.2696	-43.3677	-42.0981
BLOCK16/SES161/SA161S10	SES007	-2.68217	-46.5902	-43.9081
BLOCK16/SES161/SA161S10	SES105	-1.92229	-45.8304	-43.9081
BLOCK16/SES161/SA161S10	SES158	-1.98272	-45.8908	-43.9081
BLOCK16/SES161/SA161S10	SES275	-2.52061	-46.4287	-43.9081
BLOCK16/SES161/SA161S12	SES007	-2.40947	-45.7888	-43.3794
BLOCK16/SES161/SA161S12	SES105	-2.29572	-45.6751	-43.3794
BLOCK16/SES161/SA161S12	SES158	-1.61123	-44.9906	-43.3794
BLOCK16/SES161/SA161S12	SES275	-1.81287	-45.1922	-43.3794
BLOCK16/SES161/SA161S20	SES007	-3.47187	-47.9467	-44.4748
BLOCK16/SES161/SA161S20	SES105	-2.67959	-47.1544	-44.4748
BLOCK16/SES161/SA161S20	SES158	-1.67327	-46.1481	-44.4748
BLOCK16/SES161/SA161S20	SES275	-3.34992	-47.8247	-44.4748
BLOCK16/SES161/SA161S23	SES007	-2.40669	-45.4305	-43.0238
BLOCK16/SES161/SA161S23	SES105	-1.5852	-44.609	-43.0238
BLOCK16/SES161/SA161S23	SES148	-2.56041	-45.5842	-43.0238
BLOCK16/SES161/SA161S23	SES158	-1.33265	-44.3565	-43.0238
BLOCK16/SES161/SA161S28	SES007	-3.50539	-47.1958	-43.6904
BLOCK16/SES161/SA161S28	SES105	-2.90364	-46.5941	-43.6904
BLOCK16/SES161/SA161S28	SES158	-0.927872	-44.6183	-43.6904
BLOCK16/SES161/SA161S28	SES206	-1.38852	-45.0789	-43.6904
BLOCK16/SES164/SA164S11	SES104	-2.14452	-44.4727	-42.3282
BLOCK16/SES164/SA164S11	SES125	-1.11744	-43.4456	-42.3282
BLOCK16/SES164/SA164S11	SES158	-0.639778	-42.968	-42.3282
BLOCK16/SES164/SA164S11	SES206	-2.21957	-44.5478	-42.3282
BLOCK16/SES164/SA164S13	SES099	-1.2758	-44.707	-43.4312
BLOCK16/SES164/SA164S13	SES104	-2.07594	-45.5072	-43.4312
BLOCK16/SES164/SA164S13	SES125	-2.24129	-45.6725	-43.4312
BLOCK16/SES164/SA164S13	SES206	-1.90182	-45.3331	-43.4312
BLOCK16/SES164/SA164S24	SES002	-0.124958	-43.0267	-42.9017
BLOCK16/SES164/SA164S24	SES099	-0.617836	-43.5196	-42.9017
BLOCK16/SES164/SA164S24	SES125	-2.0693	-44.971	-42.9017
BLOCK16/SES164/SA164S24	SES226	-0.773743	-43.6755	-42.9017
BLOCK16/SES164/SA164S27	SES087	-2.31374	-45.433	-43.1192
BLOCK16/SES164/SA164S27	SES125	-1.66074	-44.78	-43.1192
BLOCK16/SES164/SA164S27	SES206	-1.42689	-44.5461	-43.1192
BLOCK16/SES164/SA164S27	SES226	-1.60006	-44.7193	-43.1192
BLOCK16/SES164/SA164S29	SES002	-0.0650101	-42.9149	-42.8499
BLOCK16/SES164/SA164S29	SES019	-1.34958	-44.1995	-42.8499
BLOCK16/SES164/SA164S29	SES125	-1.54104	-44.3909	-42.8499
BLOCK16/SES164/SA164S29	SES226	-1.50296	-44.3529	-42.8499
BLOCK16/SES169/SA169S13	SES117	-1.41659	-44.0676	-42.651
BLOCK16/SES169/SA169S13	SES144	-1.30283	-43.9538	-42.651
BLOCK16/SES169/SA169S13	SES146	-1.53853	-44.1895	-42.651
BLOCK16/SES169/SA169S13	SES162	-1.47115	-44.1221	-42.651
BLOCK16/SES169/SA169S14	SES144	-0.926575	-42.749	-41.8225
BLOCK16/SES169/SA169S14	SES148	-1.10345	-42.9259	-41.8225
BLOCK16/SES169/SA169S14	SES177	-1.32943	-43.1519	-41.8225
BLOCK16/SES169/SA169S14	SES180	-1.53378	-43.3562	-41.8225
BLOCK16/SES169/SA169S24	SES117	-1.00451	-44.524	-43.5195
BLOCK16/SES169/SA169S24	SES144	-0.986237	-44.5057	-43.5195
BLOCK16/SES169/SA169S24	SES146	-1.20788	-44.7274	-43.5195
BLOCK16/SES169/SA169S24	SES162	-1.12816	-44.6477	-43.5195
BLOCK16/SES169/SA169S27	SES127	-1.33865	-43.8818	-42.5432
BLOCK16/SES169/SA169S27	SES129	-1.40235	-43.9455	-42.5432
BLOCK16/SES169/SA169S27	SES144	-1.31948	-43.8626	-42.5432
BLOCK16/SES169/SA169S27	SES146	-0.755501	-43.2987	-42.5432
BLOCK16/SES169/SA169S29	SES144	-0.606106	-42.2915	-41.6854
BLOCK16/SES169/SA169S29	SES162	-0.933056	-42.6184	-41.6854
BLOCK16/SES169/SA169S29	SES177	-1.92805	-43.6134	-41.6854
BLOCK16/SES169/SA169S29	SES180	-0.722404	-42.4078	-41.6854
BLOCK17/SES171/SA171S12	SES083	-1.45531	-44.7166	-43.2613
BLOCK17/SES171/SA171S12	SES148	-1.7564	-45.0177	-43.2613
BLOCK17/SES171/SA171S12	SES172	-1.82548	-45.0867	-43.2613
BLOCK17/SES171/SA171S12	SES292	-2.36732	-45.6286	-43.2613
BLOCK17/SES171/SA171S15	SES148	-1.20356	-45.0171	-43.8136
BLOCK17/SES171/SA171S15	SES177	-1.88437	-45.6979	-43.8136
BLOCK17/SES171/SA171S15	SES180	-4.29213	-48.1057	-43.8136
BLOCK17/SES171/SA171S15	SES292	-4.69436	-48.5079	-43.8136
BLOCK17/SES171/SA171S22	SES007	-1.46334	-44.0018	-42.5385
BLOCK17/SES171/SA171S22	SES148	-1.24909	-43.7876	-42.5385
BLOCK17/SES171/SA171S22	SES177	-0.596535	-43.135	-42.5385
BLOCK17/SES171/SA171S22	SES180	-2.06438	-44.6029	-42.5385
BLOCK17/SES171/SA171S25	SES101	-2.74878	-46.4158	-43.6671
BLOCK17/SES171/SA171S25	SES120	-3.7615	-47.4286	-43.6671
BLOCK17/SES171/SA171S25	SES177	-0.993973	-44.661	-43.6671
BLOCK17/SES171/SA171S25	SES180	-2.87842	-46.5455	-43.6671
BLOCK17/SES171/SA171S27	SES177	-0.83923	-43.7641	-42.9248
BLOCK17/SES171/SA171S27	SES180	-2.96399	-45.8888	-42.9248
BLOCK17/SES171/SA171S27	SES189	-1.05283	-43.9777	-42.9248
BLOCK17/SES171/SA171S27	SES292	-2.92627	-45.8511	-42.9248
BLOCK17/SES173/SA173S13	SES162	-2.73759	-46.5892	-43.8516
BLOCK17/SES173/SA173S13	SES177	-2.59022	-46.4418	-43.8516
BLOCK17/SES173/SA173S13	SES180	-2.71577	-46.5674	-43.8516
BLOCK17/SES173/SA173S13	SES292	-2.42096	-46.2726	-43.8516
BLOCK17/SES173/SA173S14	SES007	-2.498	-46.5065	-44.0085
BLOCK17/SES173/SA173S14	SES162	-2.39845	-46.407	-44.0085
BLOCK17/SES173/SA173S14	SES177	-1.8	-45.8085	-44.0085
BLOCK17/SES173/SA173S14	SES180	-3.16551	-47.174	-44.0085
BLOCK17/SES173/SA173S24	SES144	-1.35097	-45.6582	-44.3073
BLOCK17/SES173/SA173S24	SES162	-2.87027	-47.1775	-44.3073
BLOCK17/SES173/SA173S24	SES177	-2.34306	-46.6503	-44.3073
BLOCK17/SES173/SA173S24	SES180	-3.32371	-47.631	-44.3073
BLOCK17/SES173/SA173S27	SES162	-3.64497	-47.7253	-44.0803
BLOCK17/SES173/SA173S27	SES177	-2.34694	-46.4272	-44.0803
BLOCK17/SES173/SA173S27	SES180	-2.87829	-46.9586	-44.0803
BLOCK17/SES173/SA173S27	SES292	-3.17892	-47.2592	-44.0803
BLOCK17/SES173/SA173S29	SES162	-2.80431	-46.3912	-43.5869
BLOCK17/SES173/SA173S29	SES175	-1.10025	-44.6871	-43.5869
BLOCK17/SES173/SA173S29	SES177	-2.26534	-45.8522	-43.5869
BLOCK17/SES173/SA173S29	SES292	-3.87906	-47.4659	-43.5869
BLOCK18/SES182/SA182S10	SES144	-0.924122	-43.5889	-42.6648
BLOCK18/SES182/SA182S10	SES177	-0.975224	-43.64	-42.6648
BLOCK18/SES182/SA182S10	SES180	-1.78188	-44.4467	-42.6648
BLOCK18/SES182/SA182S10	SES275	-0.371662	-43.0364	-42.6648
BLOCK18/SES182/SA182S12	SES144	-0.436413	-42.6434	-42.207
BLOCK18/SES182/SA182S12	SES177	-1.01169	-43.2187	-42.207
BLOCK18/SES182/SA182S12	SES180	-1.54194	-43.7489	-42.207
BLOCK18/SES182/SA182S12	SES275	-0.842171	-43.0491	-42.207
BLOCK18/SES182/SA182S21	SES117	-2.08565	-45.2177	-43.132
BLOCK18/SES182/SA182S21	SES144	-0.861645	-43.9937	-43.132
BLOCK18/SES182/SA182S21	SES162	-1.08519	-44.2172	-43.132
BLOCK18/SES182/SA182S21	SES180	-1.83461	-44.9666	-43.132
BLOCK18/SES182/SA182S23	SES117	-1.77483	-44.781	-43.0062
BLOCK18/SES182/SA182S23	SES144	-1.30573	-44.3119	-43.0062
BLOCK18/SES182/SA182S23	SES180	-1.89769	-44.9039	-43.0062
BLOCK18/SES182/SA182S23	SES275	-0.568161	-43.5743	-43.0062
BLOCK18/SES182/SA182S25	SES007	0.114223	-42.5141	-42.6283
BLOCK18/SES182/SA182S25	SES162	-1.08397	-43.7123	-42.6283
BLOCK18/SES182/SA182S25	SES177	-1.1126	-43.7409	-42.6283
BLOCK18/SES182/SA182S25	SES180	-1.62054	-44.2489	-42.6283
BLOCK18/SES184/SA184S12	SES177	-2.35762	-45.2495	-42.8919
BLOCK18/SES184/SA184S12	SES180	-1.63944	-44.5313	-42.8919
BLOCK18/SES184/SA184S12	SES189	-1.7709	-44.6628	-42.8919
BLOCK18/SES184/SA184S12	SES292	-1.7301	-44.622	-42.8919
BLOCK18/SES184/SA184S13	SES101	-2.66006	-45.2343	-42.5743
BLOCK18/SES184/SA184S13	SES177	-1.45791	-44.0322	-42.5743
BLOCK18/SES184/SA184S13	SES180	-1.66095	-44.2352	-42.5743
BLOCK18/SES184/SA184S13	SES292	-1.69923	-44.2735	-42.5743
BLOCK18/SES184/SA184S22	SES177	-1.55224	-43.4455	-41.8933
BLOCK18/SES184/SA184S22	SES180	-1.3943	-43.2876	-41.8933
BLOCK18/SES184/SA184S22	SES189	-2.63922	-44.5325	-41.8933
BLOCK18/SES184/SA184S22	SES292	-1.48027	-43.3735	-41.8933
BLOCK18/SES184/SA184S25	SES101	-1.76098	-43.1258	-41.3648
BLOCK18/SES184/SA184S25	SES177	-1.93678	-43.3016	-41.3648
BLOCK18/SES184/SA184S25	SES180	-1.01825	-42.3831	-41.3648
BLOCK18/SES184/SA184S25	SES292	-1.0401	-42.4049	-41.3648
BLOCK18/SES184/SA184S27	SES083	-1.93659	-44.1668	-42.2302
BLOCK18/SES184/SA184S27	SES177	-1.6676	-43.8978	-42.2302
BLOCK18/SES184/SA184S27	SES202	-1.58586	-43.816	-42.2302
BLOCK18/SES184/SA184S27	SES292	-1.47436	-43.7045	-42.2302
BLOCK20/SES204/SA204S12	SES062	-1.80887	-43.8069	-41.9981
BLOCK20/SES204/SA204S12	SES083	-2.98307	-44.9811	-41.9981
BLOCK20/SES204/SA204S12	SES206	-0.98283	-42.9809	-41.9981
BLOCK20/SES204/SA204S12	SES226	-1.92865	-43.9267	-41.9981
BLOCK20/SES204/SA204S14	SES068	-2.58544	-43.7959	-41.2105
BLOCK20/SES204/SA204S14	SES087	-0.894199	-42.1047	-41.2105
BLOCK20/SES204/SA204S14	SES206	-1.45118	-42.6616	-41.2105
BLOCK20/SES204/SA204S14	SES226	-1.93174	-43.1422	-41.2105
BLOCK20/SES204/SA204S22	SES068	-3.71149	-45.7934	-42.082
BLOCK20/SES204/SA204S22	SES082	-3.84184	-45.9238	-42.082
BLOCK20/SES204/SA204S22	SES083	-4.08474	-46.1667	-42.082
BLOCK20/SES204/SA204S22	SES206	-1.72324	-43.8052	-42.082
BLOCK20/SES204/SA204S25	SES062	-3.27009	-45.6412	-42.3711
BLOCK20/SES204/SA204S25	SES083	-3.61995	-45.9911	-42.3711
BLOCK20/SES204/SA204S25	SES206	-1.05284	-43.4239	-42.3711
BLOCK20/SES204/SA204S25	SES226	-1.51202	-43.8831	-42.3711
BLOCK20/SES204/SA204S27	SES068	-4.51879	-46.9255	-42.4067
BLOCK20/SES204/SA204S27	SES082	-2.93843	-45.3452	-42.4067
BLOCK20/SES204/SA204S27	SES087	-0.975391	-43.3821	-42.4067
BLOCK20/SES204/SA204S27	SES206	-1.21347	-43.6202	-42.4067
BLOCK20/SES207/SA207S10	SES127	-1.3224	-44.2309	-42.9085
BLOCK20/SES207/SA207S10	SES183	-1.73705	-44.6455	-42.9085
BLOCK20/SES207/SA207S10	SES189	-1.20386	-44.1124	-42.9085
BLOCK20/SES207/SA207S10	SES292	-2.09796	-45.0065	-42.9085
BLOCK20/SES207/SA207S11	SES127	-2.37544	-45.2339	-42.8585
BLOCK20/SES207/SA207S11	SES183	-1.91089	-44.7694	-42.8585
BLOCK20/SES207/SA207S11	SES187	-0.763351	-43.6218	-42.8585
BLOCK20/SES207/SA207S11	SES292	-2.46328	-45.3218	-42.8585
BLOCK20/SES207/SA207S25	SES068	-1.34954	-44.2337	-42.8842
BLOCK20/SES207/SA207S25	SES083	-2.73559	-45.6198	-42.8842
BLOCK20/SES207/SA207S25	SES127	-1.09702	-43.9812	-42.8842
BLOCK20/SES207/SA207S25	SES187	-0.860798	-43.745	-42.8842
BLOCK20/SES207/SA207S27	SES127	-1.80751	-45.2667	-43.4592
BLOCK20/SES207/SA207S27	SES183	-0.939808	-44.399	-43.4592
BLOCK20/SES207/SA207S27	SES187	-1.09498	-44.5542	-43.4592
BLOCK20/SES207/SA207S27	SES292	-2.47921	-45.9384	-43.4592
BLOCK20/SES207/SA207S29	SES083	-2.3182	-45.1471	-42.8289
BLOCK20/SES207/SA207S29	SES085	-1.27837	-44.1073	-42.8289
BLOCK20/SES207/SA207S29	SES172	-1.38612	-44.2151	-42.8289
BLOCK20/SES207/SA207S29	SES189	-2.22268	-45.0516	-42.8289
BLOCK22/SES221/SA221S12	SES068	-1.80789	-44.5022	-42.6943
BLOCK22/SES221/SA221S12	SES143	-1.98926	-44.6836	-42.6943
BLOCK22/SES221/SA221S12	SES175	-0.407421	-43.1017	-42.6943
BLOCK22/SES221/SA221S12	SES202	-0.667343	-43.3616	-42.6943
BLOCK22/SES221/SA221S15	SES085	-2.47938	-46.2365	-43.7571
BLOCK22/SES221/SA221S15	SES143	-2.73043	-46.4875	-43.7571
BLOCK22/SES221/SA221S15	SES175	-1.52138	-45.2785	-43.7571
BLOCK22/SES221/SA221S15	SES187	-0.887363	-44.6445	-43.7571
BLOCK22/SES221/SA221S23	SES068	-2.26579	-44.9985	-42.7327
BLOCK22/SES221/SA221S23	SES143	-2.79538	-45.5281	-42.7327
BLOCK22/SES221/SA221S23	SES175	-0.834515	-43.5673	-42.7327
BLOCK22/SES221/SA221S23	SES189	-0.367794	-43.1005	-42.7327
BLOCK22/SES221/SA221S27	SES085	-2.92307	-46.0098	-43.0867
BLOCK22/SES221/SA221S27	SES143	-1.75278	-44.8395	-43.0867
BLOCK22/SES221/SA221S27	SES175	-1.06099	-44.1477	-43.0867
BLOCK22/SES221/SA221S27	SES189	0.311829	-42.7749	-43.0867
BLOCK22/SES221/SA221S29	SES085	-4.28422	-48.3678	-44.0836
BLOCK22/SES221/SA221S29	SES143	-2.62225	-46.7058	-44.0836
BLOCK22/SES221/SA221S29	SES175	-0.427544	-44.5111	-44.0836
BLOCK22/SES221/SA221S29	SES187	-0.533909	-44.6175	-44.0836
BLOCK22/SES223/SA223S11	SES143	-1.43549	-45.0965	-43.661
BLOCK22/SES223/SA223S11	SES144	-2.42367	-46.0847	-43.661
BLOCK22/SES223/SA223S11	SES175	-1.0019	-44.6629	-43.661
BLOCK22/SES223/SA223S11	SES187	-1.62175	-45.2828	-43.661
BLOCK22/SES223/SA223S13	SES068	-1.81344	-46.1718	-44.3584
BLOCK22/SES223/SA223S13	SES143	-2.74022	-47.0986	-44.3584
BLOCK22/SES223/SA223S13	SES146	-2.79832	-47.1567	-44.3584
BLOCK22/SES223/SA223S13	SES202	-1.7098	-46.0682	-44.3584
BLOCK22/SES223/SA223S22	SES143	-1.60662	-45.1659	-43.5593
BLOCK22/SES223/SA223S22	SES144	-1.98288	-45.5422	-43.5593
BLOCK22/SES223/SA223S22	SES175	-1.0463	-44.6056	-43.5593
BLOCK22/SES223/SA223S22	SES187	-0.99577	-44.5551	-43.5593
BLOCK22/SES223/SA223S25	SES068	-1.04623	-44.3476	-43.3014
BLOCK22/SES223/SA223S25	SES143	-2.09289	-45.3943	-43.3014
BLOCK22/SES223/SA223S25	SES175	-1.01954	-44.321	-43.3014
BLOCK22/SES223/SA223S25	SES187	-1.15252	-44.4539	-43.3014
BLOCK22/SES223/SA223S27	SES143	-1.22868	-45.0808	-43.8521
BLOCK22/SES223/SA223S27	SES146	-1.47916	-45.3312	-43.8521
BLOCK22/SES223/SA223S27	SES187	-1.20404	-45.0561	-43.8521
BLOCK22/SES223/SA223S27	SES292	-3.64803	-47.5001	-43.8521
BLOCK27/SES273/SA273S12	SES099	-0.195778	-41.458	-41.2623
BLOCK27/SES273/SA273S12	SES104	-0.798462	-42.0607	-41.2623
BLOCK27/SES273/SA273S12	SES125	-1.04259	-42.3049	-41.2623
BLOCK27/SES273/SA273S12	SES206	-0.43235	-41.6946	-41.2623
BLOCK27/SES273/SA273S13	SES099	-0.928028	-42.0026	-41.0746
BLOCK27/SES273/SA273S13	SES104	-0.988678	-42.0633	-41.0746
BLOCK27/SES273/SA273S13	SES206	-1.21079	-42.2854	-41.0746
BLOCK27/SES273/SA273S13	SES292	-3.23021	-44.3048	-41.0746
BLOCK27/SES273/SA273S21	SES099	-0.137352	-41.7567	-41.6193
BLOCK27/SES273/SA273S21	SES148	-3.96159	-45.5809	-41.6193
BLOCK27/SES273/SA273S21	SES149	-0.939583	-42.5589	-41.6193
BLOCK27/SES273/SA273S21	SES177	-3.73695	-45.3563	-41.6193
BLOCK27/SES273/SA273S25	SES104	-0.820271	-42.2209	-41.4006
BLOCK27/SES273/SA273S25	SES125	-1.51381	-42.9144	-41.4006
BLOCK27/SES273/SA273S25	SES158	-0.693569	-42.0942	-41.4006
BLOCK27/SES273/SA273S25	SES206	-0.402195	-41.8028	-41.4006
BLOCK27/SES273/SA273S27	SES099	-0.383385	-41.5557	-41.1723
BLOCK27/SES273/SA273S27	SES104	-0.899124	-42.0714	-41.1723
BLOCK27/SES273/SA273S27	SES149	-0.728184	-41.9005	-41.1723
BLOCK27/SES273/SA273S27	SES275	-2.29868	-43.471	-41.1723
BLOCK27/SES274/SA274S10	SES105	-1.43377	-42.9774	-41.5436
BLOCK27/SES274/SA274S10	SES125	-0.893799	-42.4374	-41.5436
BLOCK27/SES274/SA274S10	SES129	-1.12419	-42.6678	-41.5436
BLOCK27/SES274/SA274S10	SES158	-1.17343	-42.717	-41.5436
BLOCK27/SES274/SA274S11	SES105	-1.86195	-43.5375	-41.6756
BLOCK27/SES274/SA274S11	SES149	-0.878464	-42.554	-41.6756
BLOCK27/SES274/SA274S11	SES158	-0.886883	-42.5624	-41.6756
BLOCK27/SES274/SA274S11	SES275	-1.85894	-43.5345	-41.6756
BLOCK27/SES274/SA274S21	SES105	-1.45582	-43.6536	-42.1978
BLOCK27/SES274/SA274S21	SES129	-1.42645	-43.6242	-42.1978
BLOCK27/SES274/SA274S21	SES149	-0.622326	-42.8201	-42.1978
BLOCK27/SES274/SA274S21	SES158	-1.9689	-44.1667	-42.1978
BLOCK27/SES274/SA274S24	SES105	-1.77901	-44.005	-42.226
BLOCK27/SES274/SA274S24	SES129	-2.21833	-44.4443	-42.226
BLOCK27/SES274/SA274S24	SES149	-0.645351	-42.8713	-42.226
BLOCK27/SES274/SA274S24	SES158	-1.70104	-43.927	-42.226
BLOCK27/SES274/SA274S29	SES105	-1.85822	-43.6579	-41.7997
BLOCK27/SES274/SA274S29	SES106	-2.04732	-43.847	-41.7997
BLOCK27/SES274/SA274S29	SES120	-2.12013	-43.9198	-41.7997
BLOCK27/SES274/SA274S29	SES275	-1.58892	-43.3886	-41.7997
BLOCK27/SES276/SA276S16	SES148	-1.58976	-44.2111	-42.6214
BLOCK27/SES276/SA276S16	SES172	-1.87242	-44.4938	-42.6214
BLOCK27/SES276/SA276S16	SES180	-2.08562	-44.707	-42.6214
BLOCK27/SES276/SA276S16	SES292	-1.67107	-44.2924	-42.6214
BLOCK27/SES276/SA276S17	SES101	-2.48695	-45.2179	-42.731
BLOCK27/SES276/SA276S17	SES177	-1.45158	-44.1826	-42.731
BLOCK27/SES276/SA276S17	SES180	-1.37219	-44.1032	-42.731
BLOCK27/SES276/SA276S17	SES292	-1.78358	-44.5146	-42.731
BLOCK27/SES276/SA276S24	SES101	-1.39457	-43.1687	-41.7741
BLOCK27/SES276/SA276S24	SES177	-1.16999	-42.9441	-41.7741
BLOCK27/SES276/SA276S24	SES180	-1.61901	-43.3931	-41.7741
BLOCK27/SES276/SA276S24	SES292	-1.8775	-43.6516	-41.7741
BLOCK27/SES276/SA276S26	SES101	-2.57524	-44.5951	-42.0199
BLOCK27/SES276/SA276S26	SES177	-1.39961	-43.4195	-42.0199
BLOCK27/SES276/SA276S26	SES180	-1.05025	-43.0701	-42.0199
BLOCK27/SES276/SA276S26	SES292	-0.869263	-42.8891	-42.0199
BLOCK27/SES276/SA276S28	SES101	-2.63651	-44.9623	-42.3258
BLOCK27/SES276/SA276S28	SES177	-2.08944	-44.4152	-42.3258
BLOCK27/SES276/SA276S28	SES180	-1.17564	-43.5014	-42.3258
BLOCK27/SES276/SA276S28	SES292	-2.23281	-44.5586	-42.3258
BLOCK27/SES277/SA277S12	SES101	-1.26009	-44.1137	-42.8536
BLOCK27/SES277/SA277S12	SES177	-1.89153	-44.7451	-42.8536
BLOCK27/SES277/SA277S12	SES180	-2.28429	-45.1379	-42.8536
BLOCK27/SES277/SA277S12	SES292	-2.55975	-45.4133	-42.8536
BLOCK27/SES277/SA277S14	SES177	-1.67191	-45.0364	-43.3645
BLOCK27/SES277/SA277S14	SES180	-2.75773	-46.1223	-43.3645
BLOCK27/SES277/SA277S14	SES189	-1.50741	-44.8719	-43.3645
BLOCK27/SES277/SA277S14	SES292	-3.48103	-46.8456	-43.3645
BLOCK27/SES277/SA277S21	SES177	-0.627781	-43.3158	-42.6881
BLOCK27/SES277/SA277S21	SES180	-2.22607	-44.9141	-42.6881
BLOCK27/SES277/SA277S21	SES189	-0.967056	-43.6551	-42.6881
BLOCK27/SES277/SA277S21	SES292	-3.24821	-45.9363	-42.6881
BLOCK27/SES277/SA277S24	SES144	-1.51318	-45.0381	-43.5249
BLOCK27/SES277/SA277S24	SES177	-1.49094	-45.0158	-43.5249
BLOCK27/SES277/SA277S24	SES180	-2.97685	-46.5018	-43.5249
BLOCK27/SES277/SA277S24	SES189	-1.29622	-44.8211	-43.5249
BLOCK27/SES277/SA277S29	SES177	-0.794392	-42.1847	-41.3903
BLOCK27/SES277/SA277S29	SES180	-1.14994	-42.5403	-41.3903
BLOCK27/SES277/SA277S29	SES202	-1.13454	-42.5249	-41.3903
BLOCK27/SES277/SA277S29	SES292	-1.89697	-43.2873	-41.3903
BLOCK27/SES279/SA279S09	SES120	-1.22981	-43.2512	-42.0214
BLOCK27/SES279/SA279S09	SES146	-1.55379	-43.5751	-42.0214
BLOCK27/SES279/SA279S09	SES206	-2.61235	-44.6337	-42.0214
BLOCK27/SES279/SA279S09	SES226	-2.46608	-44.4874	-42.0214
BLOCK27/SES279/SA279S10	SES099	-1.87673	-43.9918	-42.1151
BLOCK27/SES279/SA279S10	SES206	-1.79336	-43.9084	-42.1151
BLOCK27/SES279/SA279S10	SES226	-2.01011	-44.1252	-42.1151
BLOCK27/SES279/SA279S10	SES292	-1.35577	-43.4708	-42.1151
BLOCK27/SES279/SA279S20	SES099	-3.11661	-45.8448	-42.7282
BLOCK27/SES279/SA279S20	SES206	-1.84914	-44.5773	-42.7282
BLOCK27/SES279/SA279S20	SES226	-2.74827	-45.4765	-42.7282
BLOCK27/SES279/SA279S20	SES292	-0.708786	-43.437	-42.7282
BLOCK27/SES279/SA279S26	SES099	-2.58513	-45.0676	-42.4824
BLOCK27/SES279/SA279S26	SES206	-1.19616	-43.6786	-42.4824
BLOCK27/SES279/SA279S26	SES226	-2.02825	-44.5107	-42.4824
BLOCK27/SES279/SA279S26	SES292	-1.60596	-44.0884	-42.4824
BLOCK27/SES279/SA279S28	SES099	-3.11688	-44.0941	-40.9772
BLOCK27/SES279/SA279S28	SES120	-1.15901	-42.1362	-40.9772
BLOCK27/SES279/SA279S28	SES177	-2.73763	-43.7148	-40.9772
BLOCK27/SES279/SA279S28	SES206	-2.76421	-43.7414	-40.9772
BLOCK29/SES290/SA290S12	SES162	-1.76282	-43.5887	-41.8259
BLOCK29/SES290/SA290S12	SES177	-1.49821	-43.3241	-41.8259
BLOCK29/SES290/SA290S12	SES180	-2.4129	-44.2388	-41.8259
BLOCK29/SES290/SA290S12	SES292	-3.10461	-44.9305	-41.8259
BLOCK29/SES290/SA290S13	SES007	-1.83296	-44.338	-42.5051
BLOCK29/SES290/SA290S13	SES162	-2.54144	-45.0465	-42.5051
BLOCK29/SES290/SA290S13	SES177	-0.763615	-43.2687	-42.5051
BLOCK29/SES290/SA290S13	SES180	-2.2237	-44.7288	-42.5051
BLOCK29/SES290/SA290S22	SES177	-1.13789	-43.0873	-41.9494
BLOCK29/SES290/SA290S22	SES180	-1.50951	-43.4589	-41.9494
BLOCK29/SES290/SA290S22	SES202	-1.35244	-43.3018	-41.9494
BLOCK29/SES290/SA290S22	SES292	-1.81688	-43.7663	-41.9494
BLOCK29/SES290/SA290S25	SES162	-1.95861	-43.7414	-41.7828
BLOCK29/SES290/SA290S25	SES177	-1.26425	-43.0471	-41.7828
BLOCK29/SES290/SA290S25	SES180	-1.65555	-43.4384	-41.7828
BLOCK29/SES290/SA290S25	SES292	-1.91524	-43.6981	-41.7828
BLOCK29/SES290/SA290S29	SES177	-0.509129	-42.2859	-41.7768
BLOCK29/SES290/SA290S29	SES180	-1.11967	-42.8964	-41.7768
BLOCK29/SES290/SA290S29	SES275	-1.55004	-43.3268	-41.7768
BLOCK29/SES290/SA290S29	SES292	-1.36186	-43.1386	-41.7768
BLOCK29/SES291/SA291S11	SES105	-4.22307	-46.8989	-42.6758
BLOCK29/SES291/SA291S11	SES125	-1.1453	-43.8211	-42.6758
BLOCK29/SES291/SA291S11	SES158	-1.41431	-44.0901	-42.6758
BLOCK29/SES291/SA291S11	SES275	-4.78583	-47.4616	-42.6758
BLOCK29/SES291/SA291S12	SES158	-0.669243	-42.9371	-42.2679
BLOCK29/SES291/SA291S12	SES226	-1.35336	-43.6212	-42.2679
BLOCK29/SES291/SA291S12	SES270	-0.326763	-42.5946	-42.2679
BLOCK29/SES291/SA291S12	SES275	-5.63282	-47.9007	-42.2679
BLOCK29/SES291/SA291S22	SES082	-1.29113	-43.542	-42.2509
BLOCK29/SES291/SA291S22	SES158	-1.17833	-43.4292	-42.2509
BLOCK29/SES291/SA291S22	SES259	-1.70673	-43.9576	-42.2509
BLOCK29/SES291/SA291S22	SES275	-3.96796	-46.2188	-42.2509
BLOCK29/SES291/SA291S24	SES104	-0.477001	-41.7164	-41.2394
BLOCK29/SES291/SA291S24	SES125	-0.189545	-41.4289	-41.2394
BLOCK29/SES291/SA291S24	SES158	-0.956936	-42.1963	-41.2394
BLOCK29/SES291/SA291S24	SES275	-4.35735	-45.5967	-41.2394
BLOCK29/SES291/SA291S27	SES158	-0.169243	-41.6658	-41.4966
BLOCK29/SES291/SA291S27	SES172	-5.67595	-47.1725	-41.4966
BLOCK29/SES291/SA291S27	SES275	-4.65963	-46.1562	-41.4966
BLOCK29/SES291/SA291S27	SES292	-4.25421	-45.7508	-41.4966
